[1/12] Performing build step for 'bootloader'
[1/1] cd /home/artur/projects/personal/kairos/build/bootloader/esp-idf/esptool_py && /home/artur/.espressif/python_env/idf5.0_py3.10_env/bin/python /home/artur/esp/esp-idf/components/partition_table/check_sizes.py --offset 0x8000 bootloader 0x1000 /home/artur/projects/personal/kairos/build/bootloader/bootloader.bin
Bootloader binary size 0x6680 bytes. 0x980 bytes (8%) free.
[2/10] Building C object esp-idf/core/CMakeFiles/__idf_core.dir/drv/rtc/pcf8563.c.obj
FAILED: esp-idf/core/CMakeFiles/__idf_core.dir/drv/rtc/pcf8563.c.obj 
/home/artur/.espressif/tools/xtensa-esp32-elf/esp-2022r1-RC1-11.2.0/xtensa-esp32-elf/bin/xtensa-esp32-elf-gcc  -I/home/artur/projects/personal/kairos/build/config -I/home/artur/projects/personal/kairos/components/core -I/home/artur/projects/personal/kairos/components/core/test -I/home/artur/projects/personal/kairos/components/core/drv/protocols -I/home/artur/projects/personal/kairos/components/core/drv/rtc -I/home/artur/projects/personal/kairos/components/core/hal/time -I/home/artur/esp/esp-idf/components/newlib/platform_include -I/home/artur/esp/esp-idf/components/freertos/FreeRTOS-Kernel/include -I/home/artur/esp/esp-idf/components/freertos/esp_additions/include/freertos -I/home/artur/esp/esp-idf/components/freertos/FreeRTOS-Kernel/portable/xtensa/include -I/home/artur/esp/esp-idf/components/freertos/esp_additions/include -I/home/artur/esp/esp-idf/components/esp_hw_support/include -I/home/artur/esp/esp-idf/components/esp_hw_support/include/soc -I/home/artur/esp/esp-idf/components/esp_hw_support/include/soc/esp32 -I/home/artur/esp/esp-idf/components/esp_hw_support/port/esp32/. -I/home/artur/esp/esp-idf/components/esp_hw_support/port/esp32/private_include -I/home/artur/esp/esp-idf/components/heap/include -I/home/artur/esp/esp-idf/components/log/include -I/home/artur/esp/esp-idf/components/soc/include -I/home/artur/esp/esp-idf/components/soc/esp32/. -I/home/artur/esp/esp-idf/components/soc/esp32/include -I/home/artur/esp/esp-idf/components/hal/esp32/include -I/home/artur/esp/esp-idf/components/hal/include -I/home/artur/esp/esp-idf/components/hal/platform_port/include -I/home/artur/esp/esp-idf/components/esp_rom/include -I/home/artur/esp/esp-idf/components/esp_rom/include/esp32 -I/home/artur/esp/esp-idf/components/esp_rom/esp32 -I/home/artur/esp/esp-idf/components/esp_common/include -I/home/artur/esp/esp-idf/components/esp_system/include -I/home/artur/esp/esp-idf/components/esp_system/port/soc -I/home/artur/esp/esp-idf/components/esp_system/port/include/private -I/home/artur/esp/esp-idf/components/xtensa/include -I/home/artur/esp/esp-idf/components/xtensa/esp32/include -I/home/artur/esp/esp-idf/components/lwip/include -I/home/artur/esp/esp-idf/components/lwip/include/apps -I/home/artur/esp/esp-idf/components/lwip/include/apps/sntp -I/home/artur/esp/esp-idf/components/lwip/lwip/src/include -I/home/artur/esp/esp-idf/components/lwip/port/esp32/include -I/home/artur/esp/esp-idf/components/lwip/port/esp32/include/arch -I/home/artur/esp/esp-idf/components/driver/include -I/home/artur/esp/esp-idf/components/driver/deprecated -I/home/artur/esp/esp-idf/components/driver/esp32/include -I/home/artur/esp/esp-idf/components/esp_pm/include -I/home/artur/esp/esp-idf/components/esp_ringbuf/include -I/home/artur/esp/esp-idf/components/nvs_flash/include -I/home/artur/esp/esp-idf/components/spi_flash/include -I/home/artur/esp/esp-idf/components/esp_netif/include -I/home/artur/esp/esp-idf/components/esp_event/include -mlongcalls -Wno-frame-address  -ffunction-sections -fdata-sections -Wall -Werror=all -Wno-error=unused-function -Wno-error=unused-variable -Wno-error=deprecated-declarations -Wextra -Wno-unused-parameter -Wno-sign-compare -Wno-error=format= -Wno-format -Wno-enum-conversion -gdwarf-4 -ggdb -Og -fmacro-prefix-map=/home/artur/projects/personal/kairos=. -fmacro-prefix-map=/home/artur/esp/esp-idf=/IDF -fstrict-volatile-bitfields -Wno-error=unused-but-set-variable -fno-jump-tables -fno-tree-switch-conversion -DconfigENABLE_FREERTOS_DEBUG_OCDAWARE=1 -std=gnu17 -Wno-old-style-declaration -D_GNU_SOURCE -DIDF_VER=\"v5.0-dev-4547-gfde4afc67a\" -DESP_PLATFORM -D_POSIX_READER_WRITER_LOCKS -MD -MT esp-idf/core/CMakeFiles/__idf_core.dir/drv/rtc/pcf8563.c.obj -MF esp-idf/core/CMakeFiles/__idf_core.dir/drv/rtc/pcf8563.c.obj.d -o esp-idf/core/CMakeFiles/__idf_core.dir/drv/rtc/pcf8563.c.obj -c /home/artur/projects/personal/kairos/components/core/drv/rtc/pcf8563.c
In file included from /home/artur/projects/personal/kairos/components/core/drv/rtc/pcf8563.c:1:
/home/artur/projects/personal/kairos/components/core/drv/rtc/pcf8563.h:24:51: warning: 'struct tm' declared inside parameter list will not be visible outside of this definition or declaration
   24 | esp_err_t pcf8563_set_time(i2c_dev_t *dev, struct tm *time);
      |                                                   ^~
/home/artur/projects/personal/kairos/components/core/drv/rtc/pcf8563.h:25:51: warning: 'struct tm' declared inside parameter list will not be visible outside of this definition or declaration
   25 | esp_err_t pcf8563_get_time(i2c_dev_t *dev, struct tm *time);
      |                                                   ^~
/home/artur/projects/personal/kairos/components/core/drv/rtc/pcf8563.c:39:51: warning: 'struct tm' declared inside parameter list will not be visible outside of this definition or declaration
   39 | esp_err_t pcf8563_set_time(i2c_dev_t *dev, struct tm *time)
      |                                                   ^~
/home/artur/projects/personal/kairos/components/core/drv/rtc/pcf8563.c:39:11: error: conflicting types for 'pcf8563_set_time'; have 'esp_err_t(i2c_dev_t *, struct tm *)' {aka 'int(i2c_dev_t *, struct tm *)'}
   39 | esp_err_t pcf8563_set_time(i2c_dev_t *dev, struct tm *time)
      |           ^~~~~~~~~~~~~~~~
In file included from /home/artur/projects/personal/kairos/components/core/drv/rtc/pcf8563.c:1:
/home/artur/projects/personal/kairos/components/core/drv/rtc/pcf8563.h:24:11: note: previous declaration of 'pcf8563_set_time' with type 'esp_err_t(i2c_dev_t *, struct tm *)' {aka 'int(i2c_dev_t *, struct tm *)'}
   24 | esp_err_t pcf8563_set_time(i2c_dev_t *dev, struct tm *time);
      |           ^~~~~~~~~~~~~~~~
/home/artur/projects/personal/kairos/components/core/drv/rtc/pcf8563.c: In function 'pcf8563_set_time':
/home/artur/projects/personal/kairos/components/core/drv/rtc/pcf8563.c:47:27: error: invalid use of undefined type 'struct tm'
   47 |     data[0] = dec2bcd(time->tm_sec);
      |                           ^~
/home/artur/projects/personal/kairos/components/core/drv/rtc/pcf8563.c:48:27: error: invalid use of undefined type 'struct tm'
   48 |     data[1] = dec2bcd(time->tm_min);
      |                           ^~
/home/artur/projects/personal/kairos/components/core/drv/rtc/pcf8563.c:49:27: error: invalid use of undefined type 'struct tm'
   49 |     data[2] = dec2bcd(time->tm_hour);
      |                           ^~
/home/artur/projects/personal/kairos/components/core/drv/rtc/pcf8563.c:50:27: error: invalid use of undefined type 'struct tm'
   50 |     data[3] = dec2bcd(time->tm_mday);
      |                           ^~
/home/artur/projects/personal/kairos/components/core/drv/rtc/pcf8563.c:51:27: error: invalid use of undefined type 'struct tm'
   51 |     data[4] = dec2bcd(time->tm_wday);           // tm_wday is 0 to 6
      |                           ^~
/home/artur/projects/personal/kairos/components/core/drv/rtc/pcf8563.c:52:27: error: invalid use of undefined type 'struct tm'
   52 |     data[5] = dec2bcd(time->tm_mon + 1);        // tm_mon is 0 to 11
      |                           ^~
/home/artur/projects/personal/kairos/components/core/drv/rtc/pcf8563.c:53:27: error: invalid use of undefined type 'struct tm'
   53 |     data[6] = dec2bcd(time->tm_year - 2000);
      |                           ^~
/home/artur/projects/personal/kairos/components/core/drv/rtc/pcf8563.c: At top level:
/home/artur/projects/personal/kairos/components/core/drv/rtc/pcf8563.c:58:51: warning: 'struct tm' declared inside parameter list will not be visible outside of this definition or declaration
   58 | esp_err_t pcf8563_get_time(i2c_dev_t *dev, struct tm *time)
      |                                                   ^~
/home/artur/projects/personal/kairos/components/core/drv/rtc/pcf8563.c:58:11: error: conflicting types for 'pcf8563_get_time'; have 'esp_err_t(i2c_dev_t *, struct tm *)' {aka 'int(i2c_dev_t *, struct tm *)'}
   58 | esp_err_t pcf8563_get_time(i2c_dev_t *dev, struct tm *time)
      |           ^~~~~~~~~~~~~~~~
In file included from /home/artur/projects/personal/kairos/components/core/drv/rtc/pcf8563.c:1:
/home/artur/projects/personal/kairos/components/core/drv/rtc/pcf8563.h:25:11: note: previous declaration of 'pcf8563_get_time' with type 'esp_err_t(i2c_dev_t *, struct tm *)' {aka 'int(i2c_dev_t *, struct tm *)'}
   25 | esp_err_t pcf8563_get_time(i2c_dev_t *dev, struct tm *time);
      |           ^~~~~~~~~~~~~~~~
/home/artur/projects/personal/kairos/components/core/drv/rtc/pcf8563.c: In function 'pcf8563_get_time':
/home/artur/projects/personal/kairos/components/core/drv/rtc/pcf8563.c:72:9: error: invalid use of undefined type 'struct tm'
   72 |     time->tm_sec = bcd2dec(data[0] & 0x7F);
      |         ^~
/home/artur/projects/personal/kairos/components/core/drv/rtc/pcf8563.c:73:9: error: invalid use of undefined type 'struct tm'
   73 |     time->tm_min = bcd2dec(data[1] & 0x7F);
      |         ^~
/home/artur/projects/personal/kairos/components/core/drv/rtc/pcf8563.c:74:9: error: invalid use of undefined type 'struct tm'
   74 |     time->tm_hour = bcd2dec(data[2] & 0x3F);
      |         ^~
/home/artur/projects/personal/kairos/components/core/drv/rtc/pcf8563.c:75:9: error: invalid use of undefined type 'struct tm'
   75 |     time->tm_mday = bcd2dec(data[3] & 0x3F);
      |         ^~
/home/artur/projects/personal/kairos/components/core/drv/rtc/pcf8563.c:76:9: error: invalid use of undefined type 'struct tm'
   76 |     time->tm_wday = bcd2dec(data[4] & 0x07);            // tm_wday is 0 to 6
      |         ^~
/home/artur/projects/personal/kairos/components/core/drv/rtc/pcf8563.c:77:9: error: invalid use of undefined type 'struct tm'
   77 |     time->tm_mon  = bcd2dec(data[5] & 0x1F) - 1;        // tm_mon is 0 to 11
      |         ^~
/home/artur/projects/personal/kairos/components/core/drv/rtc/pcf8563.c:78:9: error: invalid use of undefined type 'struct tm'
   78 |     time->tm_year = bcd2dec(data[6]) + 2000;
      |         ^~
/home/artur/projects/personal/kairos/components/core/drv/rtc/pcf8563.c:79:9: error: invalid use of undefined type 'struct tm'
   79 |     time->tm_isdst = 0;
      |         ^~
In file included from /home/artur/projects/personal/kairos/components/core/drv/rtc/pcf8563.h:4,
                 from /home/artur/projects/personal/kairos/components/core/drv/rtc/pcf8563.c:1:
/home/artur/projects/personal/kairos/components/core/drv/rtc/pcf8563.c: At top level:
/home/artur/projects/personal/kairos/components/core/hal/time/time.h:12:13: warning: 'initialize_time' declared 'static' but never defined [-Wunused-function]
   12 | static void initialize_time(void);
      |             ^~~~~~~~~~~~~~~
[3/10] Building C object esp-idf/core/CMakeFiles/__idf_core.dir/hal/time/time.c.obj
In file included from /home/artur/projects/personal/kairos/components/core/hal/time/time.h:8,
                 from /home/artur/projects/personal/kairos/components/core/hal/time/time.c:1:
/home/artur/projects/personal/kairos/components/core/drv/rtc/pcf8563.h:24:51: warning: 'struct tm' declared inside parameter list will not be visible outside of this definition or declaration
   24 | esp_err_t pcf8563_set_time(i2c_dev_t *dev, struct tm *time);
      |                                                   ^~
/home/artur/projects/personal/kairos/components/core/drv/rtc/pcf8563.h:25:51: warning: 'struct tm' declared inside parameter list will not be visible outside of this definition or declaration
   25 | esp_err_t pcf8563_get_time(i2c_dev_t *dev, struct tm *time);
      |                                                   ^~
/home/artur/projects/personal/kairos/components/core/hal/time/time.c:21:13: warning: 'initialize_time' defined but not used [-Wunused-function]
   21 | static void initialize_time(void)
      |             ^~~~~~~~~~~~~~~
/home/artur/projects/personal/kairos/components/core/hal/time/time.c:19:20: warning: 'TAG' defined but not used [-Wunused-variable]
   19 | static const char *TAG = "TIME";
      |                    ^~~
ninja: build stopped: subcommand failed.
