[1/14] Building C object esp-idf/core/CMakeFiles/__idf_core.dir/hal/time/time.c.obj
FAILED: esp-idf/core/CMakeFiles/__idf_core.dir/hal/time/time.c.obj 
/home/artur/.espressif/tools/xtensa-esp32-elf/esp-2022r1-RC1-11.2.0/xtensa-esp32-elf/bin/xtensa-esp32-elf-gcc  -I/home/artur/projects/personal/kairos/build/config -I/home/artur/projects/personal/kairos/components/core -I/home/artur/projects/personal/kairos/components/core/test -I/home/artur/projects/personal/kairos/components/core/drv/protocols -I/home/artur/projects/personal/kairos/components/core/drv/rtc -I/home/artur/projects/personal/kairos/components/core/hal/time -I/home/artur/projects/personal/kairos/components/core/hal/modules -I/home/artur/projects/personal/kairos/components/core/lib/system -I/home/artur/esp/esp-idf/components/newlib/platform_include -I/home/artur/esp/esp-idf/components/freertos/FreeRTOS-Kernel/include -I/home/artur/esp/esp-idf/components/freertos/esp_additions/include/freertos -I/home/artur/esp/esp-idf/components/freertos/FreeRTOS-Kernel/portable/xtensa/include -I/home/artur/esp/esp-idf/components/freertos/esp_additions/include -I/home/artur/esp/esp-idf/components/esp_hw_support/include -I/home/artur/esp/esp-idf/components/esp_hw_support/include/soc -I/home/artur/esp/esp-idf/components/esp_hw_support/include/soc/esp32 -I/home/artur/esp/esp-idf/components/esp_hw_support/port/esp32/. -I/home/artur/esp/esp-idf/components/esp_hw_support/port/esp32/private_include -I/home/artur/esp/esp-idf/components/heap/include -I/home/artur/esp/esp-idf/components/log/include -I/home/artur/esp/esp-idf/components/soc/include -I/home/artur/esp/esp-idf/components/soc/esp32/. -I/home/artur/esp/esp-idf/components/soc/esp32/include -I/home/artur/esp/esp-idf/components/hal/esp32/include -I/home/artur/esp/esp-idf/components/hal/include -I/home/artur/esp/esp-idf/components/hal/platform_port/include -I/home/artur/esp/esp-idf/components/esp_rom/include -I/home/artur/esp/esp-idf/components/esp_rom/include/esp32 -I/home/artur/esp/esp-idf/components/esp_rom/esp32 -I/home/artur/esp/esp-idf/components/esp_common/include -I/home/artur/esp/esp-idf/components/esp_system/include -I/home/artur/esp/esp-idf/components/esp_system/port/soc -I/home/artur/esp/esp-idf/components/esp_system/port/include/private -I/home/artur/esp/esp-idf/components/xtensa/include -I/home/artur/esp/esp-idf/components/xtensa/esp32/include -I/home/artur/esp/esp-idf/components/lwip/include -I/home/artur/esp/esp-idf/components/lwip/include/apps -I/home/artur/esp/esp-idf/components/lwip/include/apps/sntp -I/home/artur/esp/esp-idf/components/lwip/lwip/src/include -I/home/artur/esp/esp-idf/components/lwip/port/esp32/include -I/home/artur/esp/esp-idf/components/lwip/port/esp32/include/arch -I/home/artur/esp/esp-idf/components/driver/include -I/home/artur/esp/esp-idf/components/driver/deprecated -I/home/artur/esp/esp-idf/components/driver/esp32/include -I/home/artur/esp/esp-idf/components/esp_pm/include -I/home/artur/esp/esp-idf/components/esp_ringbuf/include -I/home/artur/esp/esp-idf/components/nvs_flash/include -I/home/artur/esp/esp-idf/components/spi_flash/include -I/home/artur/esp/esp-idf/components/esp_netif/include -I/home/artur/esp/esp-idf/components/esp_event/include -mlongcalls -Wno-frame-address  -ffunction-sections -fdata-sections -Wall -Werror=all -Wno-error=unused-function -Wno-error=unused-variable -Wno-error=deprecated-declarations -Wextra -Wno-unused-parameter -Wno-sign-compare -Wno-error=format= -Wno-format -Wno-enum-conversion -gdwarf-4 -ggdb -Og -fmacro-prefix-map=/home/artur/projects/personal/kairos=. -fmacro-prefix-map=/home/artur/esp/esp-idf=/IDF -fstrict-volatile-bitfields -Wno-error=unused-but-set-variable -fno-jump-tables -fno-tree-switch-conversion -DconfigENABLE_FREERTOS_DEBUG_OCDAWARE=1 -std=gnu17 -Wno-old-style-declaration -D_GNU_SOURCE -DIDF_VER=\"v5.0-dev-4547-gfde4afc67a\" -DESP_PLATFORM -D_POSIX_READER_WRITER_LOCKS -MD -MT esp-idf/core/CMakeFiles/__idf_core.dir/hal/time/time.c.obj -MF esp-idf/core/CMakeFiles/__idf_core.dir/hal/time/time.c.obj.d -o esp-idf/core/CMakeFiles/__idf_core.dir/hal/time/time.c.obj -c /home/artur/projects/personal/kairos/components/core/hal/time/time.c
In file included from /home/artur/projects/personal/kairos/components/core/hal/time/time.h:5,
                 from /home/artur/projects/personal/kairos/components/core/hal/time/time.c:1:
/home/artur/projects/personal/kairos/components/core/drv/rtc/pcf8563.h:113:51: warning: 'struct tm' declared inside parameter list will not be visible outside of this definition or declaration
  113 | esp_err_t pcf8563_set_time(i2c_dev_t *dev, struct tm *time);
      |                                                   ^~
/home/artur/projects/personal/kairos/components/core/drv/rtc/pcf8563.h:123:51: warning: 'struct tm' declared inside parameter list will not be visible outside of this definition or declaration
  123 | esp_err_t pcf8563_get_time(i2c_dev_t *dev, struct tm *time, bool *valid);
      |                                                   ^~
/home/artur/projects/personal/kairos/components/core/drv/rtc/pcf8563.h:223:85: warning: 'struct tm' declared inside parameter list will not be visible outside of this definition or declaration
  223 | esp_err_t pcf8563_set_alarm(i2c_dev_t *dev, bool int_enable, uint32_t flags, struct tm *time);
      |                                                                                     ^~
/home/artur/projects/personal/kairos/components/core/drv/rtc/pcf8563.h:234:88: warning: 'struct tm' declared inside parameter list will not be visible outside of this definition or declaration
  234 | esp_err_t pcf8563_get_alarm(i2c_dev_t *dev, bool *int_enabled, uint32_t *flags, struct tm *time);
      |                                                                                        ^~
/home/artur/projects/personal/kairos/components/core/hal/time/time.c:6:1: error: unknown type name 'pcf8563_t'
    6 | pcf8563_t dev;
      | ^~~~~~~~~
/home/artur/projects/personal/kairos/components/core/hal/time/time.c: In function 'init_time':
/home/artur/projects/personal/kairos/components/core/hal/time/time.c:11:28: warning: passing argument 1 of 'pcf8563_init_desc' from incompatible pointer type [-Wincompatible-pointer-types]
   11 |   while (pcf8563_init_desc(&dev, PCF8563_ADDR, 0, PIN_SDA, PIN_SCL) != KAIROS_ERR_OK)
      |                            ^~~~
      |                            |
      |                            int *
In file included from /home/artur/projects/personal/kairos/components/core/hal/time/time.h:5,
                 from /home/artur/projects/personal/kairos/components/core/hal/time/time.c:1:
/home/artur/projects/personal/kairos/components/core/drv/rtc/pcf8563.h:96:43: note: expected 'i2c_dev_t *' but argument is of type 'int *'
   96 | kairos_err_t pcf8563_init_desc(i2c_dev_t *dev, i2c_port_t port, gpio_num_t sda_gpio, gpio_num_t scl_gpio);
      |                                ~~~~~~~~~~~^~~
/home/artur/projects/personal/kairos/components/core/hal/time/time.c:11:10: error: too many arguments to function 'pcf8563_init_desc'
   11 |   while (pcf8563_init_desc(&dev, PCF8563_ADDR, 0, PIN_SDA, PIN_SCL) != KAIROS_ERR_OK)
      |          ^~~~~~~~~~~~~~~~~
In file included from /home/artur/projects/personal/kairos/components/core/hal/time/time.h:5,
                 from /home/artur/projects/personal/kairos/components/core/hal/time/time.c:1:
/home/artur/projects/personal/kairos/components/core/drv/rtc/pcf8563.h:96:14: note: declared here
   96 | kairos_err_t pcf8563_init_desc(i2c_dev_t *dev, i2c_port_t port, gpio_num_t sda_gpio, gpio_num_t scl_gpio);
      |              ^~~~~~~~~~~~~~~~~
/home/artur/projects/personal/kairos/components/core/hal/time/time.c:17:16: error: implicit declaration of function 'pcf8563_init'; did you mean 'pcf8563_init_desc'? [-Werror=implicit-function-declaration]
   17 |         while (pcf8563_init(&dev) != ESP_OK)
      |                ^~~~~~~~~~~~
      |                pcf8563_init_desc
cc1: some warnings being treated as errors
[2/14] Building C object esp-idf/main/CMakeFiles/__idf_main.dir/main.c.obj
In file included from /home/artur/projects/personal/kairos/components/core/hal/time/time.h:5,
                 from /home/artur/projects/personal/kairos/components/core/hal/modules/modules.h:5,
                 from /home/artur/projects/personal/kairos/components/core/lib/system/system.h:5,
                 from /home/artur/projects/personal/kairos/components/core/kairos.h:14,
                 from /home/artur/projects/personal/kairos/main/main.c:1:
/home/artur/projects/personal/kairos/components/core/drv/rtc/pcf8563.h:113:51: warning: 'struct tm' declared inside parameter list will not be visible outside of this definition or declaration
  113 | esp_err_t pcf8563_set_time(i2c_dev_t *dev, struct tm *time);
      |                                                   ^~
/home/artur/projects/personal/kairos/components/core/drv/rtc/pcf8563.h:123:51: warning: 'struct tm' declared inside parameter list will not be visible outside of this definition or declaration
  123 | esp_err_t pcf8563_get_time(i2c_dev_t *dev, struct tm *time, bool *valid);
      |                                                   ^~
/home/artur/projects/personal/kairos/components/core/drv/rtc/pcf8563.h:223:85: warning: 'struct tm' declared inside parameter list will not be visible outside of this definition or declaration
  223 | esp_err_t pcf8563_set_alarm(i2c_dev_t *dev, bool int_enable, uint32_t flags, struct tm *time);
      |                                                                                     ^~
/home/artur/projects/personal/kairos/components/core/drv/rtc/pcf8563.h:234:88: warning: 'struct tm' declared inside parameter list will not be visible outside of this definition or declaration
  234 | esp_err_t pcf8563_get_alarm(i2c_dev_t *dev, bool *int_enabled, uint32_t *flags, struct tm *time);
      |                                                                                        ^~
[3/14] Building C object esp-idf/core/CMakeFiles/__idf_core.dir/lib/system/system.c.obj
In file included from /home/artur/projects/personal/kairos/components/core/hal/time/time.h:5,
                 from /home/artur/projects/personal/kairos/components/core/hal/modules/modules.h:5,
                 from /home/artur/projects/personal/kairos/components/core/lib/system/system.h:5,
                 from /home/artur/projects/personal/kairos/components/core/lib/system/system.c:1:
/home/artur/projects/personal/kairos/components/core/drv/rtc/pcf8563.h:113:51: warning: 'struct tm' declared inside parameter list will not be visible outside of this definition or declaration
  113 | esp_err_t pcf8563_set_time(i2c_dev_t *dev, struct tm *time);
      |                                                   ^~
/home/artur/projects/personal/kairos/components/core/drv/rtc/pcf8563.h:123:51: warning: 'struct tm' declared inside parameter list will not be visible outside of this definition or declaration
  123 | esp_err_t pcf8563_get_time(i2c_dev_t *dev, struct tm *time, bool *valid);
      |                                                   ^~
/home/artur/projects/personal/kairos/components/core/drv/rtc/pcf8563.h:223:85: warning: 'struct tm' declared inside parameter list will not be visible outside of this definition or declaration
  223 | esp_err_t pcf8563_set_alarm(i2c_dev_t *dev, bool int_enable, uint32_t flags, struct tm *time);
      |                                                                                     ^~
/home/artur/projects/personal/kairos/components/core/drv/rtc/pcf8563.h:234:88: warning: 'struct tm' declared inside parameter list will not be visible outside of this definition or declaration
  234 | esp_err_t pcf8563_get_alarm(i2c_dev_t *dev, bool *int_enabled, uint32_t *flags, struct tm *time);
      |                                                                                        ^~
[4/14] Building C object esp-idf/core/CMakeFiles/__idf_core.dir/hal/modules/modules.c.obj
FAILED: esp-idf/core/CMakeFiles/__idf_core.dir/hal/modules/modules.c.obj 
/home/artur/.espressif/tools/xtensa-esp32-elf/esp-2022r1-RC1-11.2.0/xtensa-esp32-elf/bin/xtensa-esp32-elf-gcc  -I/home/artur/projects/personal/kairos/build/config -I/home/artur/projects/personal/kairos/components/core -I/home/artur/projects/personal/kairos/components/core/test -I/home/artur/projects/personal/kairos/components/core/drv/protocols -I/home/artur/projects/personal/kairos/components/core/drv/rtc -I/home/artur/projects/personal/kairos/components/core/hal/time -I/home/artur/projects/personal/kairos/components/core/hal/modules -I/home/artur/projects/personal/kairos/components/core/lib/system -I/home/artur/esp/esp-idf/components/newlib/platform_include -I/home/artur/esp/esp-idf/components/freertos/FreeRTOS-Kernel/include -I/home/artur/esp/esp-idf/components/freertos/esp_additions/include/freertos -I/home/artur/esp/esp-idf/components/freertos/FreeRTOS-Kernel/portable/xtensa/include -I/home/artur/esp/esp-idf/components/freertos/esp_additions/include -I/home/artur/esp/esp-idf/components/esp_hw_support/include -I/home/artur/esp/esp-idf/components/esp_hw_support/include/soc -I/home/artur/esp/esp-idf/components/esp_hw_support/include/soc/esp32 -I/home/artur/esp/esp-idf/components/esp_hw_support/port/esp32/. -I/home/artur/esp/esp-idf/components/esp_hw_support/port/esp32/private_include -I/home/artur/esp/esp-idf/components/heap/include -I/home/artur/esp/esp-idf/components/log/include -I/home/artur/esp/esp-idf/components/soc/include -I/home/artur/esp/esp-idf/components/soc/esp32/. -I/home/artur/esp/esp-idf/components/soc/esp32/include -I/home/artur/esp/esp-idf/components/hal/esp32/include -I/home/artur/esp/esp-idf/components/hal/include -I/home/artur/esp/esp-idf/components/hal/platform_port/include -I/home/artur/esp/esp-idf/components/esp_rom/include -I/home/artur/esp/esp-idf/components/esp_rom/include/esp32 -I/home/artur/esp/esp-idf/components/esp_rom/esp32 -I/home/artur/esp/esp-idf/components/esp_common/include -I/home/artur/esp/esp-idf/components/esp_system/include -I/home/artur/esp/esp-idf/components/esp_system/port/soc -I/home/artur/esp/esp-idf/components/esp_system/port/include/private -I/home/artur/esp/esp-idf/components/xtensa/include -I/home/artur/esp/esp-idf/components/xtensa/esp32/include -I/home/artur/esp/esp-idf/components/lwip/include -I/home/artur/esp/esp-idf/components/lwip/include/apps -I/home/artur/esp/esp-idf/components/lwip/include/apps/sntp -I/home/artur/esp/esp-idf/components/lwip/lwip/src/include -I/home/artur/esp/esp-idf/components/lwip/port/esp32/include -I/home/artur/esp/esp-idf/components/lwip/port/esp32/include/arch -I/home/artur/esp/esp-idf/components/driver/include -I/home/artur/esp/esp-idf/components/driver/deprecated -I/home/artur/esp/esp-idf/components/driver/esp32/include -I/home/artur/esp/esp-idf/components/esp_pm/include -I/home/artur/esp/esp-idf/components/esp_ringbuf/include -I/home/artur/esp/esp-idf/components/nvs_flash/include -I/home/artur/esp/esp-idf/components/spi_flash/include -I/home/artur/esp/esp-idf/components/esp_netif/include -I/home/artur/esp/esp-idf/components/esp_event/include -mlongcalls -Wno-frame-address  -ffunction-sections -fdata-sections -Wall -Werror=all -Wno-error=unused-function -Wno-error=unused-variable -Wno-error=deprecated-declarations -Wextra -Wno-unused-parameter -Wno-sign-compare -Wno-error=format= -Wno-format -Wno-enum-conversion -gdwarf-4 -ggdb -Og -fmacro-prefix-map=/home/artur/projects/personal/kairos=. -fmacro-prefix-map=/home/artur/esp/esp-idf=/IDF -fstrict-volatile-bitfields -Wno-error=unused-but-set-variable -fno-jump-tables -fno-tree-switch-conversion -DconfigENABLE_FREERTOS_DEBUG_OCDAWARE=1 -std=gnu17 -Wno-old-style-declaration -D_GNU_SOURCE -DIDF_VER=\"v5.0-dev-4547-gfde4afc67a\" -DESP_PLATFORM -D_POSIX_READER_WRITER_LOCKS -MD -MT esp-idf/core/CMakeFiles/__idf_core.dir/hal/modules/modules.c.obj -MF esp-idf/core/CMakeFiles/__idf_core.dir/hal/modules/modules.c.obj.d -o esp-idf/core/CMakeFiles/__idf_core.dir/hal/modules/modules.c.obj -c /home/artur/projects/personal/kairos/components/core/hal/modules/modules.c
In file included from /home/artur/projects/personal/kairos/components/core/hal/time/time.h:5,
                 from /home/artur/projects/personal/kairos/components/core/hal/modules/modules.h:5,
                 from /home/artur/projects/personal/kairos/components/core/hal/modules/modules.c:1:
/home/artur/projects/personal/kairos/components/core/drv/rtc/pcf8563.h:113:51: warning: 'struct tm' declared inside parameter list will not be visible outside of this definition or declaration
  113 | esp_err_t pcf8563_set_time(i2c_dev_t *dev, struct tm *time);
      |                                                   ^~
/home/artur/projects/personal/kairos/components/core/drv/rtc/pcf8563.h:123:51: warning: 'struct tm' declared inside parameter list will not be visible outside of this definition or declaration
  123 | esp_err_t pcf8563_get_time(i2c_dev_t *dev, struct tm *time, bool *valid);
      |                                                   ^~
/home/artur/projects/personal/kairos/components/core/drv/rtc/pcf8563.h:223:85: warning: 'struct tm' declared inside parameter list will not be visible outside of this definition or declaration
  223 | esp_err_t pcf8563_set_alarm(i2c_dev_t *dev, bool int_enable, uint32_t flags, struct tm *time);
      |                                                                                     ^~
/home/artur/projects/personal/kairos/components/core/drv/rtc/pcf8563.h:234:88: warning: 'struct tm' declared inside parameter list will not be visible outside of this definition or declaration
  234 | esp_err_t pcf8563_get_alarm(i2c_dev_t *dev, bool *int_enabled, uint32_t *flags, struct tm *time);
      |                                                                                        ^~
/home/artur/projects/personal/kairos/components/core/hal/modules/modules.c: In function 'init_modules':
/home/artur/projects/personal/kairos/components/core/hal/modules/modules.c:6:13: error: implicit declaration of function 'i2c_init'; did you mean 'i2cdev_init'? [-Werror=implicit-function-declaration]
    6 |   passed |= i2c_init();
      |             ^~~~~~~~
      |             i2cdev_init
cc1: some warnings being treated as errors
[5/14] Building C object esp-idf/core/CMakeFiles/__idf_core.dir/drv/rtc/pcf8563.c.obj
FAILED: esp-idf/core/CMakeFiles/__idf_core.dir/drv/rtc/pcf8563.c.obj 
/home/artur/.espressif/tools/xtensa-esp32-elf/esp-2022r1-RC1-11.2.0/xtensa-esp32-elf/bin/xtensa-esp32-elf-gcc  -I/home/artur/projects/personal/kairos/build/config -I/home/artur/projects/personal/kairos/components/core -I/home/artur/projects/personal/kairos/components/core/test -I/home/artur/projects/personal/kairos/components/core/drv/protocols -I/home/artur/projects/personal/kairos/components/core/drv/rtc -I/home/artur/projects/personal/kairos/components/core/hal/time -I/home/artur/projects/personal/kairos/components/core/hal/modules -I/home/artur/projects/personal/kairos/components/core/lib/system -I/home/artur/esp/esp-idf/components/newlib/platform_include -I/home/artur/esp/esp-idf/components/freertos/FreeRTOS-Kernel/include -I/home/artur/esp/esp-idf/components/freertos/esp_additions/include/freertos -I/home/artur/esp/esp-idf/components/freertos/FreeRTOS-Kernel/portable/xtensa/include -I/home/artur/esp/esp-idf/components/freertos/esp_additions/include -I/home/artur/esp/esp-idf/components/esp_hw_support/include -I/home/artur/esp/esp-idf/components/esp_hw_support/include/soc -I/home/artur/esp/esp-idf/components/esp_hw_support/include/soc/esp32 -I/home/artur/esp/esp-idf/components/esp_hw_support/port/esp32/. -I/home/artur/esp/esp-idf/components/esp_hw_support/port/esp32/private_include -I/home/artur/esp/esp-idf/components/heap/include -I/home/artur/esp/esp-idf/components/log/include -I/home/artur/esp/esp-idf/components/soc/include -I/home/artur/esp/esp-idf/components/soc/esp32/. -I/home/artur/esp/esp-idf/components/soc/esp32/include -I/home/artur/esp/esp-idf/components/hal/esp32/include -I/home/artur/esp/esp-idf/components/hal/include -I/home/artur/esp/esp-idf/components/hal/platform_port/include -I/home/artur/esp/esp-idf/components/esp_rom/include -I/home/artur/esp/esp-idf/components/esp_rom/include/esp32 -I/home/artur/esp/esp-idf/components/esp_rom/esp32 -I/home/artur/esp/esp-idf/components/esp_common/include -I/home/artur/esp/esp-idf/components/esp_system/include -I/home/artur/esp/esp-idf/components/esp_system/port/soc -I/home/artur/esp/esp-idf/components/esp_system/port/include/private -I/home/artur/esp/esp-idf/components/xtensa/include -I/home/artur/esp/esp-idf/components/xtensa/esp32/include -I/home/artur/esp/esp-idf/components/lwip/include -I/home/artur/esp/esp-idf/components/lwip/include/apps -I/home/artur/esp/esp-idf/components/lwip/include/apps/sntp -I/home/artur/esp/esp-idf/components/lwip/lwip/src/include -I/home/artur/esp/esp-idf/components/lwip/port/esp32/include -I/home/artur/esp/esp-idf/components/lwip/port/esp32/include/arch -I/home/artur/esp/esp-idf/components/driver/include -I/home/artur/esp/esp-idf/components/driver/deprecated -I/home/artur/esp/esp-idf/components/driver/esp32/include -I/home/artur/esp/esp-idf/components/esp_pm/include -I/home/artur/esp/esp-idf/components/esp_ringbuf/include -I/home/artur/esp/esp-idf/components/nvs_flash/include -I/home/artur/esp/esp-idf/components/spi_flash/include -I/home/artur/esp/esp-idf/components/esp_netif/include -I/home/artur/esp/esp-idf/components/esp_event/include -mlongcalls -Wno-frame-address  -ffunction-sections -fdata-sections -Wall -Werror=all -Wno-error=unused-function -Wno-error=unused-variable -Wno-error=deprecated-declarations -Wextra -Wno-unused-parameter -Wno-sign-compare -Wno-error=format= -Wno-format -Wno-enum-conversion -gdwarf-4 -ggdb -Og -fmacro-prefix-map=/home/artur/projects/personal/kairos=. -fmacro-prefix-map=/home/artur/esp/esp-idf=/IDF -fstrict-volatile-bitfields -Wno-error=unused-but-set-variable -fno-jump-tables -fno-tree-switch-conversion -DconfigENABLE_FREERTOS_DEBUG_OCDAWARE=1 -std=gnu17 -Wno-old-style-declaration -D_GNU_SOURCE -DIDF_VER=\"v5.0-dev-4547-gfde4afc67a\" -DESP_PLATFORM -D_POSIX_READER_WRITER_LOCKS -MD -MT esp-idf/core/CMakeFiles/__idf_core.dir/drv/rtc/pcf8563.c.obj -MF esp-idf/core/CMakeFiles/__idf_core.dir/drv/rtc/pcf8563.c.obj.d -o esp-idf/core/CMakeFiles/__idf_core.dir/drv/rtc/pcf8563.c.obj -c /home/artur/projects/personal/kairos/components/core/drv/rtc/pcf8563.c
In file included from /home/artur/projects/personal/kairos/components/core/drv/rtc/pcf8563.c:1:
/home/artur/projects/personal/kairos/components/core/drv/rtc/pcf8563.h:113:51: warning: 'struct tm' declared inside parameter list will not be visible outside of this definition or declaration
  113 | esp_err_t pcf8563_set_time(i2c_dev_t *dev, struct tm *time);
      |                                                   ^~
/home/artur/projects/personal/kairos/components/core/drv/rtc/pcf8563.h:123:51: warning: 'struct tm' declared inside parameter list will not be visible outside of this definition or declaration
  123 | esp_err_t pcf8563_get_time(i2c_dev_t *dev, struct tm *time, bool *valid);
      |                                                   ^~
/home/artur/projects/personal/kairos/components/core/drv/rtc/pcf8563.h:223:85: warning: 'struct tm' declared inside parameter list will not be visible outside of this definition or declaration
  223 | esp_err_t pcf8563_set_alarm(i2c_dev_t *dev, bool int_enable, uint32_t flags, struct tm *time);
      |                                                                                     ^~
/home/artur/projects/personal/kairos/components/core/drv/rtc/pcf8563.h:234:88: warning: 'struct tm' declared inside parameter list will not be visible outside of this definition or declaration
  234 | esp_err_t pcf8563_get_alarm(i2c_dev_t *dev, bool *int_enabled, uint32_t *flags, struct tm *time);
      |                                                                                        ^~
/home/artur/projects/personal/kairos/components/core/drv/rtc/pcf8563.c:82:51: warning: 'struct tm' declared inside parameter list will not be visible outside of this definition or declaration
   82 | esp_err_t pcf8563_set_time(i2c_dev_t *dev, struct tm *time)
      |                                                   ^~
/home/artur/projects/personal/kairos/components/core/drv/rtc/pcf8563.c:82:11: error: conflicting types for 'pcf8563_set_time'; have 'esp_err_t(i2c_dev_t *, struct tm *)' {aka 'int(i2c_dev_t *, struct tm *)'}
   82 | esp_err_t pcf8563_set_time(i2c_dev_t *dev, struct tm *time)
      |           ^~~~~~~~~~~~~~~~
In file included from /home/artur/projects/personal/kairos/components/core/drv/rtc/pcf8563.c:1:
/home/artur/projects/personal/kairos/components/core/drv/rtc/pcf8563.h:113:11: note: previous declaration of 'pcf8563_set_time' with type 'esp_err_t(i2c_dev_t *, struct tm *)' {aka 'int(i2c_dev_t *, struct tm *)'}
  113 | esp_err_t pcf8563_set_time(i2c_dev_t *dev, struct tm *time);
      |           ^~~~~~~~~~~~~~~~
/home/artur/projects/personal/kairos/components/core/drv/rtc/pcf8563.c: In function 'pcf8563_set_time':
/home/artur/projects/personal/kairos/components/core/drv/rtc/pcf8563.c:86:20: error: invalid use of undefined type 'struct tm'
   86 |     bool ovf = time->tm_year >= 200;
      |                    ^~
/home/artur/projects/personal/kairos/components/core/drv/rtc/pcf8563.c:89:21: error: invalid use of undefined type 'struct tm'
   89 |         dec2bcd(time->tm_sec),
      |                     ^~
/home/artur/projects/personal/kairos/components/core/drv/rtc/pcf8563.c:90:21: error: invalid use of undefined type 'struct tm'
   90 |         dec2bcd(time->tm_min),
      |                     ^~
/home/artur/projects/personal/kairos/components/core/drv/rtc/pcf8563.c:91:21: error: invalid use of undefined type 'struct tm'
   91 |         dec2bcd(time->tm_hour),
      |                     ^~
/home/artur/projects/personal/kairos/components/core/drv/rtc/pcf8563.c:92:21: error: invalid use of undefined type 'struct tm'
   92 |         dec2bcd(time->tm_mday),
      |                     ^~
/home/artur/projects/personal/kairos/components/core/drv/rtc/pcf8563.c:93:21: error: invalid use of undefined type 'struct tm'
   93 |         dec2bcd(time->tm_wday),
      |                     ^~
/home/artur/projects/personal/kairos/components/core/drv/rtc/pcf8563.c:94:21: error: invalid use of undefined type 'struct tm'
   94 |         dec2bcd(time->tm_mon + 1) | (ovf ? BV(BIT_YEAR_CENTURY) : 0),
      |                     ^~
/home/artur/projects/personal/kairos/components/core/drv/rtc/pcf8563.c:95:21: error: invalid use of undefined type 'struct tm'
   95 |         dec2bcd(time->tm_year - (ovf ? 200 : 100))
      |                     ^~
/home/artur/projects/personal/kairos/components/core/drv/rtc/pcf8563.c: At top level:
/home/artur/projects/personal/kairos/components/core/drv/rtc/pcf8563.c:105:51: warning: 'struct tm' declared inside parameter list will not be visible outside of this definition or declaration
  105 | esp_err_t pcf8563_get_time(i2c_dev_t *dev, struct tm *time, bool *valid)
      |                                                   ^~
/home/artur/projects/personal/kairos/components/core/drv/rtc/pcf8563.c:105:11: error: conflicting types for 'pcf8563_get_time'; have 'esp_err_t(i2c_dev_t *, struct tm *, _Bool *)' {aka 'int(i2c_dev_t *, struct tm *, _Bool *)'}
  105 | esp_err_t pcf8563_get_time(i2c_dev_t *dev, struct tm *time, bool *valid)
      |           ^~~~~~~~~~~~~~~~
In file included from /home/artur/projects/personal/kairos/components/core/drv/rtc/pcf8563.c:1:
/home/artur/projects/personal/kairos/components/core/drv/rtc/pcf8563.h:123:11: note: previous declaration of 'pcf8563_get_time' with type 'esp_err_t(i2c_dev_t *, struct tm *, _Bool *)' {aka 'int(i2c_dev_t *, struct tm *, _Bool *)'}
  123 | esp_err_t pcf8563_get_time(i2c_dev_t *dev, struct tm *time, bool *valid);
      |           ^~~~~~~~~~~~~~~~
/home/artur/projects/personal/kairos/components/core/drv/rtc/pcf8563.c: In function 'pcf8563_get_time':
/home/artur/projects/personal/kairos/components/core/drv/rtc/pcf8563.c:116:9: error: invalid use of undefined type 'struct tm'
  116 |     time->tm_sec  = bcd2dec(data[0] & ~BV(BIT_VL));
      |         ^~
/home/artur/projects/personal/kairos/components/core/drv/rtc/pcf8563.c:117:9: error: invalid use of undefined type 'struct tm'
  117 |     time->tm_min  = bcd2dec(data[1] & MASK_MIN);
      |         ^~
/home/artur/projects/personal/kairos/components/core/drv/rtc/pcf8563.c:118:9: error: invalid use of undefined type 'struct tm'
  118 |     time->tm_hour = bcd2dec(data[2] & MASK_HOUR);
      |         ^~
/home/artur/projects/personal/kairos/components/core/drv/rtc/pcf8563.c:119:9: error: invalid use of undefined type 'struct tm'
  119 |     time->tm_mday = bcd2dec(data[3] & MASK_MDAY);
      |         ^~
/home/artur/projects/personal/kairos/components/core/drv/rtc/pcf8563.c:120:9: error: invalid use of undefined type 'struct tm'
  120 |     time->tm_wday = bcd2dec(data[4] & MASK_WDAY);
      |         ^~
/home/artur/projects/personal/kairos/components/core/drv/rtc/pcf8563.c:121:9: error: invalid use of undefined type 'struct tm'
  121 |     time->tm_mon  = bcd2dec(data[5] & MASK_MON) - 1;
      |         ^~
/home/artur/projects/personal/kairos/components/core/drv/rtc/pcf8563.c:122:9: error: invalid use of undefined type 'struct tm'
  122 |     time->tm_year = bcd2dec(data[6]) + (data[5] & BV(BIT_YEAR_CENTURY) ? 200 : 100);
      |         ^~
/home/artur/projects/personal/kairos/components/core/drv/rtc/pcf8563.c: At top level:
/home/artur/projects/personal/kairos/components/core/drv/rtc/pcf8563.c:224:85: warning: 'struct tm' declared inside parameter list will not be visible outside of this definition or declaration
  224 | esp_err_t pcf8563_set_alarm(i2c_dev_t *dev, bool int_enable, uint32_t flags, struct tm *time)
      |                                                                                     ^~
/home/artur/projects/personal/kairos/components/core/drv/rtc/pcf8563.c:224:11: error: conflicting types for 'pcf8563_set_alarm'; have 'esp_err_t(i2c_dev_t *, _Bool,  uint32_t,  struct tm *)' {aka 'int(i2c_dev_t *, _Bool,  long unsigned int,  struct tm *)'}
  224 | esp_err_t pcf8563_set_alarm(i2c_dev_t *dev, bool int_enable, uint32_t flags, struct tm *time)
      |           ^~~~~~~~~~~~~~~~~
In file included from /home/artur/projects/personal/kairos/components/core/drv/rtc/pcf8563.c:1:
/home/artur/projects/personal/kairos/components/core/drv/rtc/pcf8563.h:223:11: note: previous declaration of 'pcf8563_set_alarm' with type 'esp_err_t(i2c_dev_t *, _Bool,  uint32_t,  struct tm *)' {aka 'int(i2c_dev_t *, _Bool,  long unsigned int,  struct tm *)'}
  223 | esp_err_t pcf8563_set_alarm(i2c_dev_t *dev, bool int_enable, uint32_t flags, struct tm *time);
      |           ^~~~~~~~~~~~~~~~~
/home/artur/projects/personal/kairos/components/core/drv/rtc/pcf8563.c: In function 'pcf8563_set_alarm':
/home/artur/projects/personal/kairos/components/core/drv/rtc/pcf8563.c:232:21: error: invalid use of undefined type 'struct tm'
  232 |         dec2bcd(time->tm_min) | (flags & PCF8563_ALARM_MATCH_MIN ? 0 : BV(BIT_AE)),
      |                     ^~
/home/artur/projects/personal/kairos/components/core/drv/rtc/pcf8563.c:233:21: error: invalid use of undefined type 'struct tm'
  233 |         dec2bcd(time->tm_hour) | (flags & PCF8563_ALARM_MATCH_HOUR ? 0 : BV(BIT_AE)),
      |                     ^~
/home/artur/projects/personal/kairos/components/core/drv/rtc/pcf8563.c:234:21: error: invalid use of undefined type 'struct tm'
  234 |         dec2bcd(time->tm_mday) | (flags & PCF8563_ALARM_MATCH_DAY ? 0 : BV(BIT_AE)),
      |                     ^~
/home/artur/projects/personal/kairos/components/core/drv/rtc/pcf8563.c:235:21: error: invalid use of undefined type 'struct tm'
  235 |         dec2bcd(time->tm_wday) | (flags & PCF8563_ALARM_MATCH_WEEKDAY ? 0 : BV(BIT_AE)),
      |                     ^~
/home/artur/projects/personal/kairos/components/core/drv/rtc/pcf8563.c: At top level:
/home/artur/projects/personal/kairos/components/core/drv/rtc/pcf8563.c:243:88: warning: 'struct tm' declared inside parameter list will not be visible outside of this definition or declaration
  243 | esp_err_t pcf8563_get_alarm(i2c_dev_t *dev, bool *int_enabled, uint32_t *flags, struct tm *time)
      |                                                                                        ^~
/home/artur/projects/personal/kairos/components/core/drv/rtc/pcf8563.c:243:11: error: conflicting types for 'pcf8563_get_alarm'; have 'esp_err_t(i2c_dev_t *, _Bool *, uint32_t *, struct tm *)' {aka 'int(i2c_dev_t *, _Bool *, long unsigned int *, struct tm *)'}
  243 | esp_err_t pcf8563_get_alarm(i2c_dev_t *dev, bool *int_enabled, uint32_t *flags, struct tm *time)
      |           ^~~~~~~~~~~~~~~~~
In file included from /home/artur/projects/personal/kairos/components/core/drv/rtc/pcf8563.c:1:
/home/artur/projects/personal/kairos/components/core/drv/rtc/pcf8563.h:234:11: note: previous declaration of 'pcf8563_get_alarm' with type 'esp_err_t(i2c_dev_t *, _Bool *, uint32_t *, struct tm *)' {aka 'int(i2c_dev_t *, _Bool *, long unsigned int *, struct tm *)'}
  234 | esp_err_t pcf8563_get_alarm(i2c_dev_t *dev, bool *int_enabled, uint32_t *flags, struct tm *time);
      |           ^~~~~~~~~~~~~~~~~
/home/artur/projects/personal/kairos/components/core/drv/rtc/pcf8563.c: In function 'pcf8563_get_alarm':
/home/artur/projects/personal/kairos/components/core/drv/rtc/pcf8563.c:265:9: error: invalid use of undefined type 'struct tm'
  265 |     time->tm_min = bcd2dec(data[0] & MASK_ALARM);
      |         ^~
/home/artur/projects/personal/kairos/components/core/drv/rtc/pcf8563.c:266:9: error: invalid use of undefined type 'struct tm'
  266 |     time->tm_hour = bcd2dec(data[1] & MASK_ALARM);
      |         ^~
/home/artur/projects/personal/kairos/components/core/drv/rtc/pcf8563.c:267:9: error: invalid use of undefined type 'struct tm'
  267 |     time->tm_mday = bcd2dec(data[2] & MASK_ALARM);
      |         ^~
/home/artur/projects/personal/kairos/components/core/drv/rtc/pcf8563.c:268:9: error: invalid use of undefined type 'struct tm'
  268 |     time->tm_wday = bcd2dec(data[3] & MASK_ALARM);
      |         ^~
At top level:
/home/artur/projects/personal/kairos/components/core/drv/rtc/pcf8563.c:3:20: warning: 'TAG' defined but not used [-Wunused-variable]
    3 | static const char *TAG = "PCF8563";
      |                    ^~~
[6/14] Performing build step for 'bootloader'
[1/1] cd /home/artur/projects/personal/kairos/build/bootloader/esp-idf/esptool_py && /home/artur/.espressif/python_env/idf5.0_py3.10_env/bin/python /home/artur/esp/esp-idf/components/partition_table/check_sizes.py --offset 0x8000 bootloader 0x1000 /home/artur/projects/personal/kairos/build/bootloader/bootloader.bin
Bootloader binary size 0x6680 bytes. 0x980 bytes (8%) free.
ninja: build stopped: subcommand failed.
