[1/15] Building C object esp-idf/core/CMakeFiles/__idf_core.dir/hal/modules/modules.c.obj
FAILED: esp-idf/core/CMakeFiles/__idf_core.dir/hal/modules/modules.c.obj 
/home/artur/.espressif/tools/xtensa-esp32-elf/esp-2022r1-RC1-11.2.0/xtensa-esp32-elf/bin/xtensa-esp32-elf-gcc  -I/home/artur/projects/personal/kairos/build/config -I/home/artur/projects/personal/kairos/components/core -I/home/artur/projects/personal/kairos/components/core/test -I/home/artur/projects/personal/kairos/components/core/drv/protocols -I/home/artur/projects/personal/kairos/components/core/drv/rtc -I/home/artur/projects/personal/kairos/components/core/hal/time -I/home/artur/projects/personal/kairos/components/core/hal/modules -I/home/artur/projects/personal/kairos/components/core/lib/system -I/home/artur/esp/esp-idf/components/newlib/platform_include -I/home/artur/esp/esp-idf/components/freertos/FreeRTOS-Kernel/include -I/home/artur/esp/esp-idf/components/freertos/esp_additions/include/freertos -I/home/artur/esp/esp-idf/components/freertos/FreeRTOS-Kernel/portable/xtensa/include -I/home/artur/esp/esp-idf/components/freertos/esp_additions/include -I/home/artur/esp/esp-idf/components/esp_hw_support/include -I/home/artur/esp/esp-idf/components/esp_hw_support/include/soc -I/home/artur/esp/esp-idf/components/esp_hw_support/include/soc/esp32 -I/home/artur/esp/esp-idf/components/esp_hw_support/port/esp32/. -I/home/artur/esp/esp-idf/components/esp_hw_support/port/esp32/private_include -I/home/artur/esp/esp-idf/components/heap/include -I/home/artur/esp/esp-idf/components/log/include -I/home/artur/esp/esp-idf/components/soc/include -I/home/artur/esp/esp-idf/components/soc/esp32/. -I/home/artur/esp/esp-idf/components/soc/esp32/include -I/home/artur/esp/esp-idf/components/hal/esp32/include -I/home/artur/esp/esp-idf/components/hal/include -I/home/artur/esp/esp-idf/components/hal/platform_port/include -I/home/artur/esp/esp-idf/components/esp_rom/include -I/home/artur/esp/esp-idf/components/esp_rom/include/esp32 -I/home/artur/esp/esp-idf/components/esp_rom/esp32 -I/home/artur/esp/esp-idf/components/esp_common/include -I/home/artur/esp/esp-idf/components/esp_system/include -I/home/artur/esp/esp-idf/components/esp_system/port/soc -I/home/artur/esp/esp-idf/components/esp_system/port/include/private -I/home/artur/esp/esp-idf/components/xtensa/include -I/home/artur/esp/esp-idf/components/xtensa/esp32/include -I/home/artur/esp/esp-idf/components/lwip/include -I/home/artur/esp/esp-idf/components/lwip/include/apps -I/home/artur/esp/esp-idf/components/lwip/include/apps/sntp -I/home/artur/esp/esp-idf/components/lwip/lwip/src/include -I/home/artur/esp/esp-idf/components/lwip/port/esp32/include -I/home/artur/esp/esp-idf/components/lwip/port/esp32/include/arch -I/home/artur/esp/esp-idf/components/driver/include -I/home/artur/esp/esp-idf/components/driver/deprecated -I/home/artur/esp/esp-idf/components/driver/esp32/include -I/home/artur/esp/esp-idf/components/esp_pm/include -I/home/artur/esp/esp-idf/components/esp_ringbuf/include -I/home/artur/esp/esp-idf/components/nvs_flash/include -I/home/artur/esp/esp-idf/components/spi_flash/include -I/home/artur/esp/esp-idf/components/esp_netif/include -I/home/artur/esp/esp-idf/components/esp_event/include -mlongcalls -Wno-frame-address  -ffunction-sections -fdata-sections -Wall -Werror=all -Wno-error=unused-function -Wno-error=unused-variable -Wno-error=deprecated-declarations -Wextra -Wno-unused-parameter -Wno-sign-compare -Wno-error=format= -Wno-format -Wno-enum-conversion -gdwarf-4 -ggdb -Og -fmacro-prefix-map=/home/artur/projects/personal/kairos=. -fmacro-prefix-map=/home/artur/esp/esp-idf=/IDF -fstrict-volatile-bitfields -Wno-error=unused-but-set-variable -fno-jump-tables -fno-tree-switch-conversion -DconfigENABLE_FREERTOS_DEBUG_OCDAWARE=1 -std=gnu17 -Wno-old-style-declaration -D_GNU_SOURCE -DIDF_VER=\"v5.0-dev-4547-gfde4afc67a\" -DESP_PLATFORM -D_POSIX_READER_WRITER_LOCKS -MD -MT esp-idf/core/CMakeFiles/__idf_core.dir/hal/modules/modules.c.obj -MF esp-idf/core/CMakeFiles/__idf_core.dir/hal/modules/modules.c.obj.d -o esp-idf/core/CMakeFiles/__idf_core.dir/hal/modules/modules.c.obj -c /home/artur/projects/personal/kairos/components/core/hal/modules/modules.c
/home/artur/projects/personal/kairos/components/core/hal/modules/modules.c: In function 'init_modules':
/home/artur/projects/personal/kairos/components/core/hal/modules/modules.c:6:13: error: implicit declaration of function 'i2c_init'; did you mean 'i2cdev_init'? [-Werror=implicit-function-declaration]
    6 |   passed |= i2c_init();
      |             ^~~~~~~~
      |             i2cdev_init
cc1: some warnings being treated as errors
[2/15] Building C object esp-idf/core/CMakeFiles/__idf_core.dir/lib/system/system.c.obj
[3/15] Building C object esp-idf/core/CMakeFiles/__idf_core.dir/hal/time/time.c.obj
FAILED: esp-idf/core/CMakeFiles/__idf_core.dir/hal/time/time.c.obj 
/home/artur/.espressif/tools/xtensa-esp32-elf/esp-2022r1-RC1-11.2.0/xtensa-esp32-elf/bin/xtensa-esp32-elf-gcc  -I/home/artur/projects/personal/kairos/build/config -I/home/artur/projects/personal/kairos/components/core -I/home/artur/projects/personal/kairos/components/core/test -I/home/artur/projects/personal/kairos/components/core/drv/protocols -I/home/artur/projects/personal/kairos/components/core/drv/rtc -I/home/artur/projects/personal/kairos/components/core/hal/time -I/home/artur/projects/personal/kairos/components/core/hal/modules -I/home/artur/projects/personal/kairos/components/core/lib/system -I/home/artur/esp/esp-idf/components/newlib/platform_include -I/home/artur/esp/esp-idf/components/freertos/FreeRTOS-Kernel/include -I/home/artur/esp/esp-idf/components/freertos/esp_additions/include/freertos -I/home/artur/esp/esp-idf/components/freertos/FreeRTOS-Kernel/portable/xtensa/include -I/home/artur/esp/esp-idf/components/freertos/esp_additions/include -I/home/artur/esp/esp-idf/components/esp_hw_support/include -I/home/artur/esp/esp-idf/components/esp_hw_support/include/soc -I/home/artur/esp/esp-idf/components/esp_hw_support/include/soc/esp32 -I/home/artur/esp/esp-idf/components/esp_hw_support/port/esp32/. -I/home/artur/esp/esp-idf/components/esp_hw_support/port/esp32/private_include -I/home/artur/esp/esp-idf/components/heap/include -I/home/artur/esp/esp-idf/components/log/include -I/home/artur/esp/esp-idf/components/soc/include -I/home/artur/esp/esp-idf/components/soc/esp32/. -I/home/artur/esp/esp-idf/components/soc/esp32/include -I/home/artur/esp/esp-idf/components/hal/esp32/include -I/home/artur/esp/esp-idf/components/hal/include -I/home/artur/esp/esp-idf/components/hal/platform_port/include -I/home/artur/esp/esp-idf/components/esp_rom/include -I/home/artur/esp/esp-idf/components/esp_rom/include/esp32 -I/home/artur/esp/esp-idf/components/esp_rom/esp32 -I/home/artur/esp/esp-idf/components/esp_common/include -I/home/artur/esp/esp-idf/components/esp_system/include -I/home/artur/esp/esp-idf/components/esp_system/port/soc -I/home/artur/esp/esp-idf/components/esp_system/port/include/private -I/home/artur/esp/esp-idf/components/xtensa/include -I/home/artur/esp/esp-idf/components/xtensa/esp32/include -I/home/artur/esp/esp-idf/components/lwip/include -I/home/artur/esp/esp-idf/components/lwip/include/apps -I/home/artur/esp/esp-idf/components/lwip/include/apps/sntp -I/home/artur/esp/esp-idf/components/lwip/lwip/src/include -I/home/artur/esp/esp-idf/components/lwip/port/esp32/include -I/home/artur/esp/esp-idf/components/lwip/port/esp32/include/arch -I/home/artur/esp/esp-idf/components/driver/include -I/home/artur/esp/esp-idf/components/driver/deprecated -I/home/artur/esp/esp-idf/components/driver/esp32/include -I/home/artur/esp/esp-idf/components/esp_pm/include -I/home/artur/esp/esp-idf/components/esp_ringbuf/include -I/home/artur/esp/esp-idf/components/nvs_flash/include -I/home/artur/esp/esp-idf/components/spi_flash/include -I/home/artur/esp/esp-idf/components/esp_netif/include -I/home/artur/esp/esp-idf/components/esp_event/include -mlongcalls -Wno-frame-address  -ffunction-sections -fdata-sections -Wall -Werror=all -Wno-error=unused-function -Wno-error=unused-variable -Wno-error=deprecated-declarations -Wextra -Wno-unused-parameter -Wno-sign-compare -Wno-error=format= -Wno-format -Wno-enum-conversion -gdwarf-4 -ggdb -Og -fmacro-prefix-map=/home/artur/projects/personal/kairos=. -fmacro-prefix-map=/home/artur/esp/esp-idf=/IDF -fstrict-volatile-bitfields -Wno-error=unused-but-set-variable -fno-jump-tables -fno-tree-switch-conversion -DconfigENABLE_FREERTOS_DEBUG_OCDAWARE=1 -std=gnu17 -Wno-old-style-declaration -D_GNU_SOURCE -DIDF_VER=\"v5.0-dev-4547-gfde4afc67a\" -DESP_PLATFORM -D_POSIX_READER_WRITER_LOCKS -MD -MT esp-idf/core/CMakeFiles/__idf_core.dir/hal/time/time.c.obj -MF esp-idf/core/CMakeFiles/__idf_core.dir/hal/time/time.c.obj.d -o esp-idf/core/CMakeFiles/__idf_core.dir/hal/time/time.c.obj -c /home/artur/projects/personal/kairos/components/core/hal/time/time.c
/home/artur/projects/personal/kairos/components/core/hal/time/time.c:6:1: error: unknown type name 'pcf8563_t'
    6 | pcf8563_t dev;
      | ^~~~~~~~~
/home/artur/projects/personal/kairos/components/core/hal/time/time.c: In function 'init_time':
/home/artur/projects/personal/kairos/components/core/hal/time/time.c:11:28: warning: passing argument 1 of 'pcf8563_init_desc' from incompatible pointer type [-Wincompatible-pointer-types]
   11 |   while (pcf8563_init_desc(&dev, PCF8563_ADDR, 0, PIN_SDA, PIN_SCL) != KAIROS_ERR_OK)
      |                            ^~~~
      |                            |
      |                            int *
In file included from /home/artur/projects/personal/kairos/components/core/hal/time/time.h:5,
                 from /home/artur/projects/personal/kairos/components/core/hal/time/time.c:1:
/home/artur/projects/personal/kairos/components/core/drv/rtc/pcf8563.h:21:43: note: expected 'i2c_dev_t *' but argument is of type 'int *'
   21 | kairos_err_t pcf8563_init_desc(i2c_dev_t *dev, i2c_port_t port, gpio_num_t sda_gpio, gpio_num_t scl_gpio);
      |                                ~~~~~~~~~~~^~~
/home/artur/projects/personal/kairos/components/core/hal/time/time.c:11:10: error: too many arguments to function 'pcf8563_init_desc'
   11 |   while (pcf8563_init_desc(&dev, PCF8563_ADDR, 0, PIN_SDA, PIN_SCL) != KAIROS_ERR_OK)
      |          ^~~~~~~~~~~~~~~~~
In file included from /home/artur/projects/personal/kairos/components/core/hal/time/time.h:5,
                 from /home/artur/projects/personal/kairos/components/core/hal/time/time.c:1:
/home/artur/projects/personal/kairos/components/core/drv/rtc/pcf8563.h:21:14: note: declared here
   21 | kairos_err_t pcf8563_init_desc(i2c_dev_t *dev, i2c_port_t port, gpio_num_t sda_gpio, gpio_num_t scl_gpio);
      |              ^~~~~~~~~~~~~~~~~
/home/artur/projects/personal/kairos/components/core/hal/time/time.c:17:29: warning: passing argument 1 of 'pcf8563_init' from incompatible pointer type [-Wincompatible-pointer-types]
   17 |         while (pcf8563_init(&dev) != ESP_OK)
      |                             ^~~~
      |                             |
      |                             int *
In file included from /home/artur/projects/personal/kairos/components/core/hal/time/time.h:5,
                 from /home/artur/projects/personal/kairos/components/core/hal/time/time.c:1:
/home/artur/projects/personal/kairos/components/core/drv/rtc/pcf8563.h:20:38: note: expected 'i2c_dev_t *' but argument is of type 'int *'
   20 | kairos_err_t pcf8563_init(i2c_dev_t *dev);
      |                           ~~~~~~~~~~~^~~
[4/15] Performing build step for 'bootloader'
[1/1] cd /home/artur/projects/personal/kairos/build/bootloader/esp-idf/esptool_py && /home/artur/.espressif/python_env/idf5.0_py3.10_env/bin/python /home/artur/esp/esp-idf/components/partition_table/check_sizes.py --offset 0x8000 bootloader 0x1000 /home/artur/projects/personal/kairos/build/bootloader/bootloader.bin
Bootloader binary size 0x6680 bytes. 0x980 bytes (8%) free.
[5/13] Building C object esp-idf/core/CMakeFiles/__idf_core.dir/drv/rtc/pcf8563.c.obj
/home/artur/projects/personal/kairos/components/core/drv/rtc/pcf8563.c:3:20: warning: 'TAG' defined but not used [-Wunused-variable]
    3 | static const char *TAG = "PCF8563";
      |                    ^~~
[6/13] Building C object esp-idf/main/CMakeFiles/__idf_main.dir/main.c.obj
[7/13] Building C object esp-idf/core/CMakeFiles/__idf_core.dir/drv/protocols/i2c.c.obj
/home/artur/projects/personal/kairos/components/core/drv/protocols/i2c.c: In function 'i2c_setup_port':
/home/artur/projects/personal/kairos/components/core/drv/protocols/i2c.c:160:15: warning: unused variable 'res' [-Wunused-variable]
  160 |     esp_err_t res;
      |               ^~~
ninja: build stopped: subcommand failed.
