[1/21] Building C object esp-idf/core/CMakeFiles/__idf_core.dir/hal/rtc/rtc.c.obj
In file included from /home/artur/projects/personal/kairos/components/core/drv/rtc/pcf8563.h:10,
                 from /home/artur/projects/personal/kairos/components/core/hal/rtc/rtc.h:5,
                 from /home/artur/projects/personal/kairos/components/core/hal/rtc/rtc.c:1:
/home/artur/projects/personal/kairos/components/core/def/common.h:36:1: warning: ignoring attribute 'section (".iram1.5")' because it conflicts with previous 'section (".iram1.2")' [-Wattributes]
   36 | unsigned long IRAM_ATTR micros();
      | ^~~~~~~~
In file included from /home/artur/projects/personal/kairos/components/core/hal/rtc/rtc.h:4,
                 from /home/artur/projects/personal/kairos/components/core/hal/rtc/rtc.c:1:
/home/artur/projects/personal/kairos/components/core/def/common.h:36:25: note: previous declaration here
   36 | unsigned long IRAM_ATTR micros();
      |                         ^~~~~~
In file included from /home/artur/projects/personal/kairos/components/core/drv/rtc/pcf8563.h:10,
                 from /home/artur/projects/personal/kairos/components/core/hal/rtc/rtc.h:5,
                 from /home/artur/projects/personal/kairos/components/core/hal/rtc/rtc.c:1:
/home/artur/projects/personal/kairos/components/core/def/common.h:38:1: warning: ignoring attribute 'section (".iram1.6")' because it conflicts with previous 'section (".iram1.3")' [-Wattributes]
   38 | void IRAM_ATTR delay_us(uint32_t us);
      | ^~~~
In file included from /home/artur/projects/personal/kairos/components/core/hal/rtc/rtc.h:4,
                 from /home/artur/projects/personal/kairos/components/core/hal/rtc/rtc.c:1:
/home/artur/projects/personal/kairos/components/core/def/common.h:38:16: note: previous declaration here
   38 | void IRAM_ATTR delay_us(uint32_t us);
      |                ^~~~~~~~
In file included from /home/artur/projects/personal/kairos/components/core/drv/rtc/pcf8563.h:10,
                 from /home/artur/projects/personal/kairos/components/core/hal/rtc/rtc.h:5,
                 from /home/artur/projects/personal/kairos/components/core/hal/rtc/rtc.c:1:
/home/artur/projects/personal/kairos/components/core/def/common.h:40:1: warning: ignoring attribute 'section (".iram1.7")' because it conflicts with previous 'section (".iram1.4")' [-Wattributes]
   40 | void IRAM_ATTR delay_ms(uint32_t delay);
      | ^~~~
In file included from /home/artur/projects/personal/kairos/components/core/hal/rtc/rtc.h:4,
                 from /home/artur/projects/personal/kairos/components/core/hal/rtc/rtc.c:1:
/home/artur/projects/personal/kairos/components/core/def/common.h:40:16: note: previous declaration here
   40 | void IRAM_ATTR delay_ms(uint32_t delay);
      |                ^~~~~~~~
In file included from /home/artur/projects/personal/kairos/components/core/drv/protocols/i2c.h:4,
                 from /home/artur/projects/personal/kairos/components/core/drv/rtc/pcf8563.h:11,
                 from /home/artur/projects/personal/kairos/components/core/hal/rtc/rtc.h:5,
                 from /home/artur/projects/personal/kairos/components/core/hal/rtc/rtc.c:1:
/home/artur/projects/personal/kairos/components/core/def/common.h:36:1: warning: ignoring attribute 'section (".iram1.8")' because it conflicts with previous 'section (".iram1.2")' [-Wattributes]
   36 | unsigned long IRAM_ATTR micros();
      | ^~~~~~~~
In file included from /home/artur/projects/personal/kairos/components/core/drv/rtc/pcf8563.h:10,
                 from /home/artur/projects/personal/kairos/components/core/hal/rtc/rtc.h:5,
                 from /home/artur/projects/personal/kairos/components/core/hal/rtc/rtc.c:1:
/home/artur/projects/personal/kairos/components/core/def/common.h:36:25: note: previous declaration here
   36 | unsigned long IRAM_ATTR micros();
      |                         ^~~~~~
In file included from /home/artur/projects/personal/kairos/components/core/drv/protocols/i2c.h:4,
                 from /home/artur/projects/personal/kairos/components/core/drv/rtc/pcf8563.h:11,
                 from /home/artur/projects/personal/kairos/components/core/hal/rtc/rtc.h:5,
                 from /home/artur/projects/personal/kairos/components/core/hal/rtc/rtc.c:1:
/home/artur/projects/personal/kairos/components/core/def/common.h:38:1: warning: ignoring attribute 'section (".iram1.9")' because it conflicts with previous 'section (".iram1.3")' [-Wattributes]
   38 | void IRAM_ATTR delay_us(uint32_t us);
      | ^~~~
In file included from /home/artur/projects/personal/kairos/components/core/drv/rtc/pcf8563.h:10,
                 from /home/artur/projects/personal/kairos/components/core/hal/rtc/rtc.h:5,
                 from /home/artur/projects/personal/kairos/components/core/hal/rtc/rtc.c:1:
/home/artur/projects/personal/kairos/components/core/def/common.h:38:16: note: previous declaration here
   38 | void IRAM_ATTR delay_us(uint32_t us);
      |                ^~~~~~~~
In file included from /home/artur/projects/personal/kairos/components/core/drv/protocols/i2c.h:4,
                 from /home/artur/projects/personal/kairos/components/core/drv/rtc/pcf8563.h:11,
                 from /home/artur/projects/personal/kairos/components/core/hal/rtc/rtc.h:5,
                 from /home/artur/projects/personal/kairos/components/core/hal/rtc/rtc.c:1:
/home/artur/projects/personal/kairos/components/core/def/common.h:40:1: warning: ignoring attribute 'section (".iram1.10")' because it conflicts with previous 'section (".iram1.4")' [-Wattributes]
   40 | void IRAM_ATTR delay_ms(uint32_t delay);
      | ^~~~
In file included from /home/artur/projects/personal/kairos/components/core/drv/rtc/pcf8563.h:10,
                 from /home/artur/projects/personal/kairos/components/core/hal/rtc/rtc.h:5,
                 from /home/artur/projects/personal/kairos/components/core/hal/rtc/rtc.c:1:
/home/artur/projects/personal/kairos/components/core/def/common.h:40:16: note: previous declaration here
   40 | void IRAM_ATTR delay_ms(uint32_t delay);
      |                ^~~~~~~~
[2/21] Building C object esp-idf/core/CMakeFiles/__idf_core.dir/def/common.c.obj
/home/artur/projects/personal/kairos/components/core/def/common.c:4:1: warning: ignoring attribute 'section (".iram1.5")' because it conflicts with previous 'section (".iram1.2")' [-Wattributes]
    4 | {
      | ^
In file included from /home/artur/projects/personal/kairos/components/core/def/common.c:1:
/home/artur/projects/personal/kairos/components/core/def/common.h:36:25: note: previous declaration here
   36 | unsigned long IRAM_ATTR micros();
      |                         ^~~~~~
/home/artur/projects/personal/kairos/components/core/def/common.c:9:1: warning: ignoring attribute 'section (".iram1.6")' because it conflicts with previous 'section (".iram1.3")' [-Wattributes]
    9 | {
      | ^
In file included from /home/artur/projects/personal/kairos/components/core/def/common.c:1:
/home/artur/projects/personal/kairos/components/core/def/common.h:38:16: note: previous declaration here
   38 | void IRAM_ATTR delay_us(uint32_t us);
      |                ^~~~~~~~
/home/artur/projects/personal/kairos/components/core/def/common.c:29:1: warning: ignoring attribute 'section (".iram1.7")' because it conflicts with previous 'section (".iram1.4")' [-Wattributes]
   29 | {
      | ^
In file included from /home/artur/projects/personal/kairos/components/core/def/common.c:1:
/home/artur/projects/personal/kairos/components/core/def/common.h:40:16: note: previous declaration here
   40 | void IRAM_ATTR delay_ms(uint32_t delay);
      |                ^~~~~~~~
[3/21] Building C object esp-idf/core/CMakeFiles/__idf_core.dir/test/i2c_scanner.c.obj
[4/21] Building C object esp-idf/core/CMakeFiles/__idf_core.dir/test/test_display.c.obj
In file included from /home/artur/projects/personal/kairos/components/core/drv/display/gdeh0154d67.h:6,
                 from /home/artur/projects/personal/kairos/components/core/test/test_display.h:4,
                 from /home/artur/projects/personal/kairos/components/core/test/test_display.c:1:
/home/artur/projects/personal/kairos/components/core/def/common.h:36:1: warning: ignoring attribute 'section (".iram1.5")' because it conflicts with previous 'section (".iram1.2")' [-Wattributes]
   36 | unsigned long IRAM_ATTR micros();
      | ^~~~~~~~
In file included from /home/artur/projects/personal/kairos/components/core/test/test_display.h:1,
                 from /home/artur/projects/personal/kairos/components/core/test/test_display.c:1:
/home/artur/projects/personal/kairos/components/core/def/common.h:36:25: note: previous declaration here
   36 | unsigned long IRAM_ATTR micros();
      |                         ^~~~~~
In file included from /home/artur/projects/personal/kairos/components/core/drv/display/gdeh0154d67.h:6,
                 from /home/artur/projects/personal/kairos/components/core/test/test_display.h:4,
                 from /home/artur/projects/personal/kairos/components/core/test/test_display.c:1:
/home/artur/projects/personal/kairos/components/core/def/common.h:38:1: warning: ignoring attribute 'section (".iram1.6")' because it conflicts with previous 'section (".iram1.3")' [-Wattributes]
   38 | void IRAM_ATTR delay_us(uint32_t us);
      | ^~~~
In file included from /home/artur/projects/personal/kairos/components/core/test/test_display.h:1,
                 from /home/artur/projects/personal/kairos/components/core/test/test_display.c:1:
/home/artur/projects/personal/kairos/components/core/def/common.h:38:16: note: previous declaration here
   38 | void IRAM_ATTR delay_us(uint32_t us);
      |                ^~~~~~~~
In file included from /home/artur/projects/personal/kairos/components/core/drv/display/gdeh0154d67.h:6,
                 from /home/artur/projects/personal/kairos/components/core/test/test_display.h:4,
                 from /home/artur/projects/personal/kairos/components/core/test/test_display.c:1:
/home/artur/projects/personal/kairos/components/core/def/common.h:40:1: warning: ignoring attribute 'section (".iram1.7")' because it conflicts with previous 'section (".iram1.4")' [-Wattributes]
   40 | void IRAM_ATTR delay_ms(uint32_t delay);
      | ^~~~
In file included from /home/artur/projects/personal/kairos/components/core/test/test_display.h:1,
                 from /home/artur/projects/personal/kairos/components/core/test/test_display.c:1:
/home/artur/projects/personal/kairos/components/core/def/common.h:40:16: note: previous declaration here
   40 | void IRAM_ATTR delay_ms(uint32_t delay);
      |                ^~~~~~~~
/home/artur/projects/personal/kairos/components/core/test/test_display.c: In function 'task_test_display':
/home/artur/projects/personal/kairos/components/core/test/test_display.c:6:38: warning: unused variable 'miao_H' [-Wunused-variable]
    6 |     unsigned char fen_L,fen_H,miao_L,miao_H;
      |                                      ^~~~~~
/home/artur/projects/personal/kairos/components/core/test/test_display.c:6:31: warning: unused variable 'miao_L' [-Wunused-variable]
    6 |     unsigned char fen_L,fen_H,miao_L,miao_H;
      |                               ^~~~~~
/home/artur/projects/personal/kairos/components/core/test/test_display.c:6:25: warning: unused variable 'fen_H' [-Wunused-variable]
    6 |     unsigned char fen_L,fen_H,miao_L,miao_H;
      |                         ^~~~~
/home/artur/projects/personal/kairos/components/core/test/test_display.c:6:19: warning: unused variable 'fen_L' [-Wunused-variable]
    6 |     unsigned char fen_L,fen_H,miao_L,miao_H;
      |                   ^~~~~
At top level:
/home/artur/projects/personal/kairos/components/core/test/test_display.c:3:20: warning: 'TAG' defined but not used [-Wunused-variable]
    3 | static const char *TAG = "TEST_DISPLAY";
      |                    ^~~
[5/21] Building C object esp-idf/core/CMakeFiles/__idf_core.dir/drv/display/gdeh0154d67.c.obj
[6/21] Building C object esp-idf/core/CMakeFiles/__idf_core.dir/test/i2c_rtc.c.obj
In file included from /home/artur/projects/personal/kairos/components/core/drv/rtc/pcf8563.h:10,
                 from /home/artur/projects/personal/kairos/components/core/test/i2c_rtc.h:2,
                 from /home/artur/projects/personal/kairos/components/core/test/i2c_rtc.c:1:
/home/artur/projects/personal/kairos/components/core/def/common.h:36:1: warning: ignoring attribute 'section (".iram1.5")' because it conflicts with previous 'section (".iram1.2")' [-Wattributes]
   36 | unsigned long IRAM_ATTR micros();
      | ^~~~~~~~
In file included from /home/artur/projects/personal/kairos/components/core/test/i2c_rtc.h:1,
                 from /home/artur/projects/personal/kairos/components/core/test/i2c_rtc.c:1:
/home/artur/projects/personal/kairos/components/core/def/common.h:36:25: note: previous declaration here
   36 | unsigned long IRAM_ATTR micros();
      |                         ^~~~~~
In file included from /home/artur/projects/personal/kairos/components/core/drv/rtc/pcf8563.h:10,
                 from /home/artur/projects/personal/kairos/components/core/test/i2c_rtc.h:2,
                 from /home/artur/projects/personal/kairos/components/core/test/i2c_rtc.c:1:
/home/artur/projects/personal/kairos/components/core/def/common.h:38:1: warning: ignoring attribute 'section (".iram1.6")' because it conflicts with previous 'section (".iram1.3")' [-Wattributes]
   38 | void IRAM_ATTR delay_us(uint32_t us);
      | ^~~~
In file included from /home/artur/projects/personal/kairos/components/core/test/i2c_rtc.h:1,
                 from /home/artur/projects/personal/kairos/components/core/test/i2c_rtc.c:1:
/home/artur/projects/personal/kairos/components/core/def/common.h:38:16: note: previous declaration here
   38 | void IRAM_ATTR delay_us(uint32_t us);
      |                ^~~~~~~~
In file included from /home/artur/projects/personal/kairos/components/core/drv/rtc/pcf8563.h:10,
                 from /home/artur/projects/personal/kairos/components/core/test/i2c_rtc.h:2,
                 from /home/artur/projects/personal/kairos/components/core/test/i2c_rtc.c:1:
/home/artur/projects/personal/kairos/components/core/def/common.h:40:1: warning: ignoring attribute 'section (".iram1.7")' because it conflicts with previous 'section (".iram1.4")' [-Wattributes]
   40 | void IRAM_ATTR delay_ms(uint32_t delay);
      | ^~~~
In file included from /home/artur/projects/personal/kairos/components/core/test/i2c_rtc.h:1,
                 from /home/artur/projects/personal/kairos/components/core/test/i2c_rtc.c:1:
/home/artur/projects/personal/kairos/components/core/def/common.h:40:16: note: previous declaration here
   40 | void IRAM_ATTR delay_ms(uint32_t delay);
      |                ^~~~~~~~
In file included from /home/artur/projects/personal/kairos/components/core/drv/protocols/i2c.h:4,
                 from /home/artur/projects/personal/kairos/components/core/drv/rtc/pcf8563.h:11,
                 from /home/artur/projects/personal/kairos/components/core/test/i2c_rtc.h:2,
                 from /home/artur/projects/personal/kairos/components/core/test/i2c_rtc.c:1:
/home/artur/projects/personal/kairos/components/core/def/common.h:36:1: warning: ignoring attribute 'section (".iram1.8")' because it conflicts with previous 'section (".iram1.2")' [-Wattributes]
   36 | unsigned long IRAM_ATTR micros();
      | ^~~~~~~~
In file included from /home/artur/projects/personal/kairos/components/core/drv/rtc/pcf8563.h:10,
                 from /home/artur/projects/personal/kairos/components/core/test/i2c_rtc.h:2,
                 from /home/artur/projects/personal/kairos/components/core/test/i2c_rtc.c:1:
/home/artur/projects/personal/kairos/components/core/def/common.h:36:25: note: previous declaration here
   36 | unsigned long IRAM_ATTR micros();
      |                         ^~~~~~
In file included from /home/artur/projects/personal/kairos/components/core/drv/protocols/i2c.h:4,
                 from /home/artur/projects/personal/kairos/components/core/drv/rtc/pcf8563.h:11,
                 from /home/artur/projects/personal/kairos/components/core/test/i2c_rtc.h:2,
                 from /home/artur/projects/personal/kairos/components/core/test/i2c_rtc.c:1:
/home/artur/projects/personal/kairos/components/core/def/common.h:38:1: warning: ignoring attribute 'section (".iram1.9")' because it conflicts with previous 'section (".iram1.3")' [-Wattributes]
   38 | void IRAM_ATTR delay_us(uint32_t us);
      | ^~~~
In file included from /home/artur/projects/personal/kairos/components/core/drv/rtc/pcf8563.h:10,
                 from /home/artur/projects/personal/kairos/components/core/test/i2c_rtc.h:2,
                 from /home/artur/projects/personal/kairos/components/core/test/i2c_rtc.c:1:
/home/artur/projects/personal/kairos/components/core/def/common.h:38:16: note: previous declaration here
   38 | void IRAM_ATTR delay_us(uint32_t us);
      |                ^~~~~~~~
In file included from /home/artur/projects/personal/kairos/components/core/drv/protocols/i2c.h:4,
                 from /home/artur/projects/personal/kairos/components/core/drv/rtc/pcf8563.h:11,
                 from /home/artur/projects/personal/kairos/components/core/test/i2c_rtc.h:2,
                 from /home/artur/projects/personal/kairos/components/core/test/i2c_rtc.c:1:
/home/artur/projects/personal/kairos/components/core/def/common.h:40:1: warning: ignoring attribute 'section (".iram1.10")' because it conflicts with previous 'section (".iram1.4")' [-Wattributes]
   40 | void IRAM_ATTR delay_ms(uint32_t delay);
      | ^~~~
In file included from /home/artur/projects/personal/kairos/components/core/drv/rtc/pcf8563.h:10,
                 from /home/artur/projects/personal/kairos/components/core/test/i2c_rtc.h:2,
                 from /home/artur/projects/personal/kairos/components/core/test/i2c_rtc.c:1:
/home/artur/projects/personal/kairos/components/core/def/common.h:40:16: note: previous declaration here
   40 | void IRAM_ATTR delay_ms(uint32_t delay);
      |                ^~~~~~~~
[7/21] Building C object esp-idf/core/CMakeFiles/__idf_core.dir/drv/protocols/i2c.c.obj
[8/21] Performing build step for 'bootloader'
[1/1] cd /home/artur/projects/personal/kairos/build/bootloader/esp-idf/esptool_py && /home/artur/.espressif/python_env/idf5.0_py3.10_env/bin/python /home/artur/esp/esp-idf/components/partition_table/check_sizes.py --offset 0x8000 bootloader 0x1000 /home/artur/projects/personal/kairos/build/bootloader/bootloader.bin
Bootloader binary size 0x6680 bytes. 0x980 bytes (8%) free.
[9/19] Building C object esp-idf/core/CMakeFiles/__idf_core.dir/drv/rtc/pcf8563.c.obj
In file included from /home/artur/projects/personal/kairos/components/core/drv/protocols/i2c.h:4,
                 from /home/artur/projects/personal/kairos/components/core/drv/rtc/pcf8563.h:11,
                 from /home/artur/projects/personal/kairos/components/core/drv/rtc/pcf8563.c:1:
/home/artur/projects/personal/kairos/components/core/def/common.h:36:1: warning: ignoring attribute 'section (".iram1.5")' because it conflicts with previous 'section (".iram1.2")' [-Wattributes]
   36 | unsigned long IRAM_ATTR micros();
      | ^~~~~~~~
In file included from /home/artur/projects/personal/kairos/components/core/drv/rtc/pcf8563.h:10,
                 from /home/artur/projects/personal/kairos/components/core/drv/rtc/pcf8563.c:1:
/home/artur/projects/personal/kairos/components/core/def/common.h:36:25: note: previous declaration here
   36 | unsigned long IRAM_ATTR micros();
      |                         ^~~~~~
In file included from /home/artur/projects/personal/kairos/components/core/drv/protocols/i2c.h:4,
                 from /home/artur/projects/personal/kairos/components/core/drv/rtc/pcf8563.h:11,
                 from /home/artur/projects/personal/kairos/components/core/drv/rtc/pcf8563.c:1:
/home/artur/projects/personal/kairos/components/core/def/common.h:38:1: warning: ignoring attribute 'section (".iram1.6")' because it conflicts with previous 'section (".iram1.3")' [-Wattributes]
   38 | void IRAM_ATTR delay_us(uint32_t us);
      | ^~~~
In file included from /home/artur/projects/personal/kairos/components/core/drv/rtc/pcf8563.h:10,
                 from /home/artur/projects/personal/kairos/components/core/drv/rtc/pcf8563.c:1:
/home/artur/projects/personal/kairos/components/core/def/common.h:38:16: note: previous declaration here
   38 | void IRAM_ATTR delay_us(uint32_t us);
      |                ^~~~~~~~
In file included from /home/artur/projects/personal/kairos/components/core/drv/protocols/i2c.h:4,
                 from /home/artur/projects/personal/kairos/components/core/drv/rtc/pcf8563.h:11,
                 from /home/artur/projects/personal/kairos/components/core/drv/rtc/pcf8563.c:1:
/home/artur/projects/personal/kairos/components/core/def/common.h:40:1: warning: ignoring attribute 'section (".iram1.7")' because it conflicts with previous 'section (".iram1.4")' [-Wattributes]
   40 | void IRAM_ATTR delay_ms(uint32_t delay);
      | ^~~~
In file included from /home/artur/projects/personal/kairos/components/core/drv/rtc/pcf8563.h:10,
                 from /home/artur/projects/personal/kairos/components/core/drv/rtc/pcf8563.c:1:
/home/artur/projects/personal/kairos/components/core/def/common.h:40:16: note: previous declaration here
   40 | void IRAM_ATTR delay_ms(uint32_t delay);
      |                ^~~~~~~~
/home/artur/projects/personal/kairos/components/core/drv/rtc/pcf8563.c:3:20: warning: 'TAG' defined but not used [-Wunused-variable]
    3 | static const char *TAG = "PCF8563";
      |                    ^~~
[10/19] Building C object esp-idf/main/CMakeFiles/__idf_main.dir/main.c.obj
In file included from /home/artur/projects/personal/kairos/components/core/test/i2c_rtc.h:1,
                 from /home/artur/projects/personal/kairos/components/core/kairos.h:13,
                 from /home/artur/projects/personal/kairos/main/main.c:1:
/home/artur/projects/personal/kairos/components/core/def/common.h:36:1: warning: ignoring attribute 'section (".iram1.5")' because it conflicts with previous 'section (".iram1.2")' [-Wattributes]
   36 | unsigned long IRAM_ATTR micros();
      | ^~~~~~~~
In file included from /home/artur/projects/personal/kairos/components/core/test/i2c_scanner.h:1,
                 from /home/artur/projects/personal/kairos/components/core/kairos.h:12,
                 from /home/artur/projects/personal/kairos/main/main.c:1:
/home/artur/projects/personal/kairos/components/core/def/common.h:36:25: note: previous declaration here
   36 | unsigned long IRAM_ATTR micros();
      |                         ^~~~~~
In file included from /home/artur/projects/personal/kairos/components/core/test/i2c_rtc.h:1,
                 from /home/artur/projects/personal/kairos/components/core/kairos.h:13,
                 from /home/artur/projects/personal/kairos/main/main.c:1:
/home/artur/projects/personal/kairos/components/core/def/common.h:38:1: warning: ignoring attribute 'section (".iram1.6")' because it conflicts with previous 'section (".iram1.3")' [-Wattributes]
   38 | void IRAM_ATTR delay_us(uint32_t us);
      | ^~~~
In file included from /home/artur/projects/personal/kairos/components/core/test/i2c_scanner.h:1,
                 from /home/artur/projects/personal/kairos/components/core/kairos.h:12,
                 from /home/artur/projects/personal/kairos/main/main.c:1:
/home/artur/projects/personal/kairos/components/core/def/common.h:38:16: note: previous declaration here
   38 | void IRAM_ATTR delay_us(uint32_t us);
      |                ^~~~~~~~
In file included from /home/artur/projects/personal/kairos/components/core/test/i2c_rtc.h:1,
                 from /home/artur/projects/personal/kairos/components/core/kairos.h:13,
                 from /home/artur/projects/personal/kairos/main/main.c:1:
/home/artur/projects/personal/kairos/components/core/def/common.h:40:1: warning: ignoring attribute 'section (".iram1.7")' because it conflicts with previous 'section (".iram1.4")' [-Wattributes]
   40 | void IRAM_ATTR delay_ms(uint32_t delay);
      | ^~~~
In file included from /home/artur/projects/personal/kairos/components/core/test/i2c_scanner.h:1,
                 from /home/artur/projects/personal/kairos/components/core/kairos.h:12,
                 from /home/artur/projects/personal/kairos/main/main.c:1:
/home/artur/projects/personal/kairos/components/core/def/common.h:40:16: note: previous declaration here
   40 | void IRAM_ATTR delay_ms(uint32_t delay);
      |                ^~~~~~~~
In file included from /home/artur/projects/personal/kairos/components/core/drv/rtc/pcf8563.h:10,
                 from /home/artur/projects/personal/kairos/components/core/test/i2c_rtc.h:2,
                 from /home/artur/projects/personal/kairos/components/core/kairos.h:13,
                 from /home/artur/projects/personal/kairos/main/main.c:1:
/home/artur/projects/personal/kairos/components/core/def/common.h:36:1: warning: ignoring attribute 'section (".iram1.8")' because it conflicts with previous 'section (".iram1.2")' [-Wattributes]
   36 | unsigned long IRAM_ATTR micros();
      | ^~~~~~~~
In file included from /home/artur/projects/personal/kairos/components/core/test/i2c_rtc.h:1,
                 from /home/artur/projects/personal/kairos/components/core/kairos.h:13,
                 from /home/artur/projects/personal/kairos/main/main.c:1:
/home/artur/projects/personal/kairos/components/core/def/common.h:36:25: note: previous declaration here
   36 | unsigned long IRAM_ATTR micros();
      |                         ^~~~~~
In file included from /home/artur/projects/personal/kairos/components/core/drv/rtc/pcf8563.h:10,
                 from /home/artur/projects/personal/kairos/components/core/test/i2c_rtc.h:2,
                 from /home/artur/projects/personal/kairos/components/core/kairos.h:13,
                 from /home/artur/projects/personal/kairos/main/main.c:1:
/home/artur/projects/personal/kairos/components/core/def/common.h:38:1: warning: ignoring attribute 'section (".iram1.9")' because it conflicts with previous 'section (".iram1.3")' [-Wattributes]
   38 | void IRAM_ATTR delay_us(uint32_t us);
      | ^~~~
In file included from /home/artur/projects/personal/kairos/components/core/test/i2c_rtc.h:1,
                 from /home/artur/projects/personal/kairos/components/core/kairos.h:13,
                 from /home/artur/projects/personal/kairos/main/main.c:1:
/home/artur/projects/personal/kairos/components/core/def/common.h:38:16: note: previous declaration here
   38 | void IRAM_ATTR delay_us(uint32_t us);
      |                ^~~~~~~~
In file included from /home/artur/projects/personal/kairos/components/core/drv/rtc/pcf8563.h:10,
                 from /home/artur/projects/personal/kairos/components/core/test/i2c_rtc.h:2,
                 from /home/artur/projects/personal/kairos/components/core/kairos.h:13,
                 from /home/artur/projects/personal/kairos/main/main.c:1:
/home/artur/projects/personal/kairos/components/core/def/common.h:40:1: warning: ignoring attribute 'section (".iram1.10")' because it conflicts with previous 'section (".iram1.4")' [-Wattributes]
   40 | void IRAM_ATTR delay_ms(uint32_t delay);
      | ^~~~
In file included from /home/artur/projects/personal/kairos/components/core/test/i2c_rtc.h:1,
                 from /home/artur/projects/personal/kairos/components/core/kairos.h:13,
                 from /home/artur/projects/personal/kairos/main/main.c:1:
/home/artur/projects/personal/kairos/components/core/def/common.h:40:16: note: previous declaration here
   40 | void IRAM_ATTR delay_ms(uint32_t delay);
      |                ^~~~~~~~
In file included from /home/artur/projects/personal/kairos/components/core/drv/protocols/i2c.h:4,
                 from /home/artur/projects/personal/kairos/components/core/drv/rtc/pcf8563.h:11,
                 from /home/artur/projects/personal/kairos/components/core/test/i2c_rtc.h:2,
                 from /home/artur/projects/personal/kairos/components/core/kairos.h:13,
                 from /home/artur/projects/personal/kairos/main/main.c:1:
/home/artur/projects/personal/kairos/components/core/def/common.h:36:1: warning: ignoring attribute 'section (".iram1.11")' because it conflicts with previous 'section (".iram1.2")' [-Wattributes]
   36 | unsigned long IRAM_ATTR micros();
      | ^~~~~~~~
In file included from /home/artur/projects/personal/kairos/components/core/drv/rtc/pcf8563.h:10,
                 from /home/artur/projects/personal/kairos/components/core/test/i2c_rtc.h:2,
                 from /home/artur/projects/personal/kairos/components/core/kairos.h:13,
                 from /home/artur/projects/personal/kairos/main/main.c:1:
/home/artur/projects/personal/kairos/components/core/def/common.h:36:25: note: previous declaration here
   36 | unsigned long IRAM_ATTR micros();
      |                         ^~~~~~
In file included from /home/artur/projects/personal/kairos/components/core/drv/protocols/i2c.h:4,
                 from /home/artur/projects/personal/kairos/components/core/drv/rtc/pcf8563.h:11,
                 from /home/artur/projects/personal/kairos/components/core/test/i2c_rtc.h:2,
                 from /home/artur/projects/personal/kairos/components/core/kairos.h:13,
                 from /home/artur/projects/personal/kairos/main/main.c:1:
/home/artur/projects/personal/kairos/components/core/def/common.h:38:1: warning: ignoring attribute 'section (".iram1.12")' because it conflicts with previous 'section (".iram1.3")' [-Wattributes]
   38 | void IRAM_ATTR delay_us(uint32_t us);
      | ^~~~
In file included from /home/artur/projects/personal/kairos/components/core/drv/rtc/pcf8563.h:10,
                 from /home/artur/projects/personal/kairos/components/core/test/i2c_rtc.h:2,
                 from /home/artur/projects/personal/kairos/components/core/kairos.h:13,
                 from /home/artur/projects/personal/kairos/main/main.c:1:
/home/artur/projects/personal/kairos/components/core/def/common.h:38:16: note: previous declaration here
   38 | void IRAM_ATTR delay_us(uint32_t us);
      |                ^~~~~~~~
In file included from /home/artur/projects/personal/kairos/components/core/drv/protocols/i2c.h:4,
                 from /home/artur/projects/personal/kairos/components/core/drv/rtc/pcf8563.h:11,
                 from /home/artur/projects/personal/kairos/components/core/test/i2c_rtc.h:2,
                 from /home/artur/projects/personal/kairos/components/core/kairos.h:13,
                 from /home/artur/projects/personal/kairos/main/main.c:1:
/home/artur/projects/personal/kairos/components/core/def/common.h:40:1: warning: ignoring attribute 'section (".iram1.13")' because it conflicts with previous 'section (".iram1.4")' [-Wattributes]
   40 | void IRAM_ATTR delay_ms(uint32_t delay);
      | ^~~~
In file included from /home/artur/projects/personal/kairos/components/core/drv/rtc/pcf8563.h:10,
                 from /home/artur/projects/personal/kairos/components/core/test/i2c_rtc.h:2,
                 from /home/artur/projects/personal/kairos/components/core/kairos.h:13,
                 from /home/artur/projects/personal/kairos/main/main.c:1:
/home/artur/projects/personal/kairos/components/core/def/common.h:40:16: note: previous declaration here
   40 | void IRAM_ATTR delay_ms(uint32_t delay);
      |                ^~~~~~~~
In file included from /home/artur/projects/personal/kairos/components/core/test/test_display.h:1,
                 from /home/artur/projects/personal/kairos/components/core/kairos.h:14,
                 from /home/artur/projects/personal/kairos/main/main.c:1:
/home/artur/projects/personal/kairos/components/core/def/common.h:36:1: warning: ignoring attribute 'section (".iram1.14")' because it conflicts with previous 'section (".iram1.2")' [-Wattributes]
   36 | unsigned long IRAM_ATTR micros();
      | ^~~~~~~~
In file included from /home/artur/projects/personal/kairos/components/core/drv/protocols/i2c.h:4,
                 from /home/artur/projects/personal/kairos/components/core/drv/rtc/pcf8563.h:11,
                 from /home/artur/projects/personal/kairos/components/core/test/i2c_rtc.h:2,
                 from /home/artur/projects/personal/kairos/components/core/kairos.h:13,
                 from /home/artur/projects/personal/kairos/main/main.c:1:
/home/artur/projects/personal/kairos/components/core/def/common.h:36:25: note: previous declaration here
   36 | unsigned long IRAM_ATTR micros();
      |                         ^~~~~~
In file included from /home/artur/projects/personal/kairos/components/core/test/test_display.h:1,
                 from /home/artur/projects/personal/kairos/components/core/kairos.h:14,
                 from /home/artur/projects/personal/kairos/main/main.c:1:
/home/artur/projects/personal/kairos/components/core/def/common.h:38:1: warning: ignoring attribute 'section (".iram1.15")' because it conflicts with previous 'section (".iram1.3")' [-Wattributes]
   38 | void IRAM_ATTR delay_us(uint32_t us);
      | ^~~~
In file included from /home/artur/projects/personal/kairos/components/core/drv/protocols/i2c.h:4,
                 from /home/artur/projects/personal/kairos/components/core/drv/rtc/pcf8563.h:11,
                 from /home/artur/projects/personal/kairos/components/core/test/i2c_rtc.h:2,
                 from /home/artur/projects/personal/kairos/components/core/kairos.h:13,
                 from /home/artur/projects/personal/kairos/main/main.c:1:
/home/artur/projects/personal/kairos/components/core/def/common.h:38:16: note: previous declaration here
   38 | void IRAM_ATTR delay_us(uint32_t us);
      |                ^~~~~~~~
In file included from /home/artur/projects/personal/kairos/components/core/test/test_display.h:1,
                 from /home/artur/projects/personal/kairos/components/core/kairos.h:14,
                 from /home/artur/projects/personal/kairos/main/main.c:1:
/home/artur/projects/personal/kairos/components/core/def/common.h:40:1: warning: ignoring attribute 'section (".iram1.16")' because it conflicts with previous 'section (".iram1.4")' [-Wattributes]
   40 | void IRAM_ATTR delay_ms(uint32_t delay);
      | ^~~~
In file included from /home/artur/projects/personal/kairos/components/core/drv/protocols/i2c.h:4,
                 from /home/artur/projects/personal/kairos/components/core/drv/rtc/pcf8563.h:11,
                 from /home/artur/projects/personal/kairos/components/core/test/i2c_rtc.h:2,
                 from /home/artur/projects/personal/kairos/components/core/kairos.h:13,
                 from /home/artur/projects/personal/kairos/main/main.c:1:
/home/artur/projects/personal/kairos/components/core/def/common.h:40:16: note: previous declaration here
   40 | void IRAM_ATTR delay_ms(uint32_t delay);
      |                ^~~~~~~~
In file included from /home/artur/projects/personal/kairos/components/core/drv/display/gdeh0154d67.h:6,
                 from /home/artur/projects/personal/kairos/components/core/test/test_display.h:4,
                 from /home/artur/projects/personal/kairos/components/core/kairos.h:14,
                 from /home/artur/projects/personal/kairos/main/main.c:1:
/home/artur/projects/personal/kairos/components/core/def/common.h:36:1: warning: ignoring attribute 'section (".iram1.17")' because it conflicts with previous 'section (".iram1.2")' [-Wattributes]
   36 | unsigned long IRAM_ATTR micros();
      | ^~~~~~~~
In file included from /home/artur/projects/personal/kairos/components/core/test/test_display.h:1,
                 from /home/artur/projects/personal/kairos/components/core/kairos.h:14,
                 from /home/artur/projects/personal/kairos/main/main.c:1:
/home/artur/projects/personal/kairos/components/core/def/common.h:36:25: note: previous declaration here
   36 | unsigned long IRAM_ATTR micros();
      |                         ^~~~~~
In file included from /home/artur/projects/personal/kairos/components/core/drv/display/gdeh0154d67.h:6,
                 from /home/artur/projects/personal/kairos/components/core/test/test_display.h:4,
                 from /home/artur/projects/personal/kairos/components/core/kairos.h:14,
                 from /home/artur/projects/personal/kairos/main/main.c:1:
/home/artur/projects/personal/kairos/components/core/def/common.h:38:1: warning: ignoring attribute 'section (".iram1.18")' because it conflicts with previous 'section (".iram1.3")' [-Wattributes]
   38 | void IRAM_ATTR delay_us(uint32_t us);
      | ^~~~
In file included from /home/artur/projects/personal/kairos/components/core/test/test_display.h:1,
                 from /home/artur/projects/personal/kairos/components/core/kairos.h:14,
                 from /home/artur/projects/personal/kairos/main/main.c:1:
/home/artur/projects/personal/kairos/components/core/def/common.h:38:16: note: previous declaration here
   38 | void IRAM_ATTR delay_us(uint32_t us);
      |                ^~~~~~~~
In file included from /home/artur/projects/personal/kairos/components/core/drv/display/gdeh0154d67.h:6,
                 from /home/artur/projects/personal/kairos/components/core/test/test_display.h:4,
                 from /home/artur/projects/personal/kairos/components/core/kairos.h:14,
                 from /home/artur/projects/personal/kairos/main/main.c:1:
/home/artur/projects/personal/kairos/components/core/def/common.h:40:1: warning: ignoring attribute 'section (".iram1.19")' because it conflicts with previous 'section (".iram1.4")' [-Wattributes]
   40 | void IRAM_ATTR delay_ms(uint32_t delay);
      | ^~~~
In file included from /home/artur/projects/personal/kairos/components/core/test/test_display.h:1,
                 from /home/artur/projects/personal/kairos/components/core/kairos.h:14,
                 from /home/artur/projects/personal/kairos/main/main.c:1:
/home/artur/projects/personal/kairos/components/core/def/common.h:40:16: note: previous declaration here
   40 | void IRAM_ATTR delay_ms(uint32_t delay);
      |                ^~~~~~~~
In file included from /home/artur/projects/personal/kairos/components/core/lib/system/system.h:4,
                 from /home/artur/projects/personal/kairos/components/core/kairos.h:17,
                 from /home/artur/projects/personal/kairos/main/main.c:1:
/home/artur/projects/personal/kairos/components/core/def/common.h:36:1: warning: ignoring attribute 'section (".iram1.20")' because it conflicts with previous 'section (".iram1.2")' [-Wattributes]
   36 | unsigned long IRAM_ATTR micros();
      | ^~~~~~~~
In file included from /home/artur/projects/personal/kairos/components/core/drv/display/gdeh0154d67.h:6,
                 from /home/artur/projects/personal/kairos/components/core/test/test_display.h:4,
                 from /home/artur/projects/personal/kairos/components/core/kairos.h:14,
                 from /home/artur/projects/personal/kairos/main/main.c:1:
/home/artur/projects/personal/kairos/components/core/def/common.h:36:25: note: previous declaration here
   36 | unsigned long IRAM_ATTR micros();
      |                         ^~~~~~
In file included from /home/artur/projects/personal/kairos/components/core/lib/system/system.h:4,
                 from /home/artur/projects/personal/kairos/components/core/kairos.h:17,
                 from /home/artur/projects/personal/kairos/main/main.c:1:
/home/artur/projects/personal/kairos/components/core/def/common.h:38:1: warning: ignoring attribute 'section (".iram1.21")' because it conflicts with previous 'section (".iram1.3")' [-Wattributes]
   38 | void IRAM_ATTR delay_us(uint32_t us);
      | ^~~~
In file included from /home/artur/projects/personal/kairos/components/core/drv/display/gdeh0154d67.h:6,
                 from /home/artur/projects/personal/kairos/components/core/test/test_display.h:4,
                 from /home/artur/projects/personal/kairos/components/core/kairos.h:14,
                 from /home/artur/projects/personal/kairos/main/main.c:1:
/home/artur/projects/personal/kairos/components/core/def/common.h:38:16: note: previous declaration here
   38 | void IRAM_ATTR delay_us(uint32_t us);
      |                ^~~~~~~~
In file included from /home/artur/projects/personal/kairos/components/core/lib/system/system.h:4,
                 from /home/artur/projects/personal/kairos/components/core/kairos.h:17,
                 from /home/artur/projects/personal/kairos/main/main.c:1:
/home/artur/projects/personal/kairos/components/core/def/common.h:40:1: warning: ignoring attribute 'section (".iram1.22")' because it conflicts with previous 'section (".iram1.4")' [-Wattributes]
   40 | void IRAM_ATTR delay_ms(uint32_t delay);
      | ^~~~
In file included from /home/artur/projects/personal/kairos/components/core/drv/display/gdeh0154d67.h:6,
                 from /home/artur/projects/personal/kairos/components/core/test/test_display.h:4,
                 from /home/artur/projects/personal/kairos/components/core/kairos.h:14,
                 from /home/artur/projects/personal/kairos/main/main.c:1:
/home/artur/projects/personal/kairos/components/core/def/common.h:40:16: note: previous declaration here
   40 | void IRAM_ATTR delay_ms(uint32_t delay);
      |                ^~~~~~~~
In file included from /home/artur/projects/personal/kairos/components/core/hal/modules/modules.h:4,
                 from /home/artur/projects/personal/kairos/components/core/lib/system/system.h:5,
                 from /home/artur/projects/personal/kairos/components/core/kairos.h:17,
                 from /home/artur/projects/personal/kairos/main/main.c:1:
/home/artur/projects/personal/kairos/components/core/def/common.h:36:1: warning: ignoring attribute 'section (".iram1.23")' because it conflicts with previous 'section (".iram1.2")' [-Wattributes]
   36 | unsigned long IRAM_ATTR micros();
      | ^~~~~~~~
In file included from /home/artur/projects/personal/kairos/components/core/lib/system/system.h:4,
                 from /home/artur/projects/personal/kairos/components/core/kairos.h:17,
                 from /home/artur/projects/personal/kairos/main/main.c:1:
/home/artur/projects/personal/kairos/components/core/def/common.h:36:25: note: previous declaration here
   36 | unsigned long IRAM_ATTR micros();
      |                         ^~~~~~
In file included from /home/artur/projects/personal/kairos/components/core/hal/modules/modules.h:4,
                 from /home/artur/projects/personal/kairos/components/core/lib/system/system.h:5,
                 from /home/artur/projects/personal/kairos/components/core/kairos.h:17,
                 from /home/artur/projects/personal/kairos/main/main.c:1:
/home/artur/projects/personal/kairos/components/core/def/common.h:38:1: warning: ignoring attribute 'section (".iram1.24")' because it conflicts with previous 'section (".iram1.3")' [-Wattributes]
   38 | void IRAM_ATTR delay_us(uint32_t us);
      | ^~~~
In file included from /home/artur/projects/personal/kairos/components/core/lib/system/system.h:4,
                 from /home/artur/projects/personal/kairos/components/core/kairos.h:17,
                 from /home/artur/projects/personal/kairos/main/main.c:1:
/home/artur/projects/personal/kairos/components/core/def/common.h:38:16: note: previous declaration here
   38 | void IRAM_ATTR delay_us(uint32_t us);
      |                ^~~~~~~~
In file included from /home/artur/projects/personal/kairos/components/core/hal/modules/modules.h:4,
                 from /home/artur/projects/personal/kairos/components/core/lib/system/system.h:5,
                 from /home/artur/projects/personal/kairos/components/core/kairos.h:17,
                 from /home/artur/projects/personal/kairos/main/main.c:1:
/home/artur/projects/personal/kairos/components/core/def/common.h:40:1: warning: ignoring attribute 'section (".iram1.25")' because it conflicts with previous 'section (".iram1.4")' [-Wattributes]
   40 | void IRAM_ATTR delay_ms(uint32_t delay);
      | ^~~~
In file included from /home/artur/projects/personal/kairos/components/core/lib/system/system.h:4,
                 from /home/artur/projects/personal/kairos/components/core/kairos.h:17,
                 from /home/artur/projects/personal/kairos/main/main.c:1:
/home/artur/projects/personal/kairos/components/core/def/common.h:40:16: note: previous declaration here
   40 | void IRAM_ATTR delay_ms(uint32_t delay);
      |                ^~~~~~~~
In file included from /home/artur/projects/personal/kairos/components/core/hal/rtc/rtc.h:4,
                 from /home/artur/projects/personal/kairos/components/core/hal/modules/modules.h:7,
                 from /home/artur/projects/personal/kairos/components/core/lib/system/system.h:5,
                 from /home/artur/projects/personal/kairos/components/core/kairos.h:17,
                 from /home/artur/projects/personal/kairos/main/main.c:1:
/home/artur/projects/personal/kairos/components/core/def/common.h:36:1: warning: ignoring attribute 'section (".iram1.26")' because it conflicts with previous 'section (".iram1.2")' [-Wattributes]
   36 | unsigned long IRAM_ATTR micros();
      | ^~~~~~~~
In file included from /home/artur/projects/personal/kairos/components/core/hal/modules/modules.h:4,
                 from /home/artur/projects/personal/kairos/components/core/lib/system/system.h:5,
                 from /home/artur/projects/personal/kairos/components/core/kairos.h:17,
                 from /home/artur/projects/personal/kairos/main/main.c:1:
/home/artur/projects/personal/kairos/components/core/def/common.h:36:25: note: previous declaration here
   36 | unsigned long IRAM_ATTR micros();
      |                         ^~~~~~
In file included from /home/artur/projects/personal/kairos/components/core/hal/rtc/rtc.h:4,
                 from /home/artur/projects/personal/kairos/components/core/hal/modules/modules.h:7,
                 from /home/artur/projects/personal/kairos/components/core/lib/system/system.h:5,
                 from /home/artur/projects/personal/kairos/components/core/kairos.h:17,
                 from /home/artur/projects/personal/kairos/main/main.c:1:
/home/artur/projects/personal/kairos/components/core/def/common.h:38:1: warning: ignoring attribute 'section (".iram1.27")' because it conflicts with previous 'section (".iram1.3")' [-Wattributes]
   38 | void IRAM_ATTR delay_us(uint32_t us);
      | ^~~~
In file included from /home/artur/projects/personal/kairos/components/core/hal/modules/modules.h:4,
                 from /home/artur/projects/personal/kairos/components/core/lib/system/system.h:5,
                 from /home/artur/projects/personal/kairos/components/core/kairos.h:17,
                 from /home/artur/projects/personal/kairos/main/main.c:1:
/home/artur/projects/personal/kairos/components/core/def/common.h:38:16: note: previous declaration here
   38 | void IRAM_ATTR delay_us(uint32_t us);
      |                ^~~~~~~~
In file included from /home/artur/projects/personal/kairos/components/core/hal/rtc/rtc.h:4,
                 from /home/artur/projects/personal/kairos/components/core/hal/modules/modules.h:7,
                 from /home/artur/projects/personal/kairos/components/core/lib/system/system.h:5,
                 from /home/artur/projects/personal/kairos/components/core/kairos.h:17,
                 from /home/artur/projects/personal/kairos/main/main.c:1:
/home/artur/projects/personal/kairos/components/core/def/common.h:40:1: warning: ignoring attribute 'section (".iram1.28")' because it conflicts with previous 'section (".iram1.4")' [-Wattributes]
   40 | void IRAM_ATTR delay_ms(uint32_t delay);
      | ^~~~
In file included from /home/artur/projects/personal/kairos/components/core/hal/modules/modules.h:4,
                 from /home/artur/projects/personal/kairos/components/core/lib/system/system.h:5,
                 from /home/artur/projects/personal/kairos/components/core/kairos.h:17,
                 from /home/artur/projects/personal/kairos/main/main.c:1:
/home/artur/projects/personal/kairos/components/core/def/common.h:40:16: note: previous declaration here
   40 | void IRAM_ATTR delay_ms(uint32_t delay);
      |                ^~~~~~~~
In file included from /home/artur/projects/personal/kairos/components/core/hal/display/display.h:4,
                 from /home/artur/projects/personal/kairos/components/core/hal/modules/modules.h:8,
                 from /home/artur/projects/personal/kairos/components/core/lib/system/system.h:5,
                 from /home/artur/projects/personal/kairos/components/core/kairos.h:17,
                 from /home/artur/projects/personal/kairos/main/main.c:1:
/home/artur/projects/personal/kairos/components/core/def/common.h:36:1: warning: ignoring attribute 'section (".iram1.29")' because it conflicts with previous 'section (".iram1.2")' [-Wattributes]
   36 | unsigned long IRAM_ATTR micros();
      | ^~~~~~~~
In file included from /home/artur/projects/personal/kairos/components/core/hal/rtc/rtc.h:4,
                 from /home/artur/projects/personal/kairos/components/core/hal/modules/modules.h:7,
                 from /home/artur/projects/personal/kairos/components/core/lib/system/system.h:5,
                 from /home/artur/projects/personal/kairos/components/core/kairos.h:17,
                 from /home/artur/projects/personal/kairos/main/main.c:1:
/home/artur/projects/personal/kairos/components/core/def/common.h:36:25: note: previous declaration here
   36 | unsigned long IRAM_ATTR micros();
      |                         ^~~~~~
In file included from /home/artur/projects/personal/kairos/components/core/hal/display/display.h:4,
                 from /home/artur/projects/personal/kairos/components/core/hal/modules/modules.h:8,
                 from /home/artur/projects/personal/kairos/components/core/lib/system/system.h:5,
                 from /home/artur/projects/personal/kairos/components/core/kairos.h:17,
                 from /home/artur/projects/personal/kairos/main/main.c:1:
/home/artur/projects/personal/kairos/components/core/def/common.h:38:1: warning: ignoring attribute 'section (".iram1.30")' because it conflicts with previous 'section (".iram1.3")' [-Wattributes]
   38 | void IRAM_ATTR delay_us(uint32_t us);
      | ^~~~
In file included from /home/artur/projects/personal/kairos/components/core/hal/rtc/rtc.h:4,
                 from /home/artur/projects/personal/kairos/components/core/hal/modules/modules.h:7,
                 from /home/artur/projects/personal/kairos/components/core/lib/system/system.h:5,
                 from /home/artur/projects/personal/kairos/components/core/kairos.h:17,
                 from /home/artur/projects/personal/kairos/main/main.c:1:
/home/artur/projects/personal/kairos/components/core/def/common.h:38:16: note: previous declaration here
   38 | void IRAM_ATTR delay_us(uint32_t us);
      |                ^~~~~~~~
In file included from /home/artur/projects/personal/kairos/components/core/hal/display/display.h:4,
                 from /home/artur/projects/personal/kairos/components/core/hal/modules/modules.h:8,
                 from /home/artur/projects/personal/kairos/components/core/lib/system/system.h:5,
                 from /home/artur/projects/personal/kairos/components/core/kairos.h:17,
                 from /home/artur/projects/personal/kairos/main/main.c:1:
/home/artur/projects/personal/kairos/components/core/def/common.h:40:1: warning: ignoring attribute 'section (".iram1.31")' because it conflicts with previous 'section (".iram1.4")' [-Wattributes]
   40 | void IRAM_ATTR delay_ms(uint32_t delay);
      | ^~~~
In file included from /home/artur/projects/personal/kairos/components/core/hal/rtc/rtc.h:4,
                 from /home/artur/projects/personal/kairos/components/core/hal/modules/modules.h:7,
                 from /home/artur/projects/personal/kairos/components/core/lib/system/system.h:5,
                 from /home/artur/projects/personal/kairos/components/core/kairos.h:17,
                 from /home/artur/projects/personal/kairos/main/main.c:1:
/home/artur/projects/personal/kairos/components/core/def/common.h:40:16: note: previous declaration here
   40 | void IRAM_ATTR delay_ms(uint32_t delay);
      |                ^~~~~~~~
[11/19] Building C object esp-idf/core/CMakeFiles/__idf_core.dir/hal/display/display.c.obj
In file included from /home/artur/projects/personal/kairos/components/core/drv/display/gdeh0154d67.h:6,
                 from /home/artur/projects/personal/kairos/components/core/hal/display/display.h:5,
                 from /home/artur/projects/personal/kairos/components/core/hal/display/display.c:1:
/home/artur/projects/personal/kairos/components/core/def/common.h:36:1: warning: ignoring attribute 'section (".iram1.5")' because it conflicts with previous 'section (".iram1.2")' [-Wattributes]
   36 | unsigned long IRAM_ATTR micros();
      | ^~~~~~~~
In file included from /home/artur/projects/personal/kairos/components/core/hal/display/display.h:4,
                 from /home/artur/projects/personal/kairos/components/core/hal/display/display.c:1:
/home/artur/projects/personal/kairos/components/core/def/common.h:36:25: note: previous declaration here
   36 | unsigned long IRAM_ATTR micros();
      |                         ^~~~~~
In file included from /home/artur/projects/personal/kairos/components/core/drv/display/gdeh0154d67.h:6,
                 from /home/artur/projects/personal/kairos/components/core/hal/display/display.h:5,
                 from /home/artur/projects/personal/kairos/components/core/hal/display/display.c:1:
/home/artur/projects/personal/kairos/components/core/def/common.h:38:1: warning: ignoring attribute 'section (".iram1.6")' because it conflicts with previous 'section (".iram1.3")' [-Wattributes]
   38 | void IRAM_ATTR delay_us(uint32_t us);
      | ^~~~
In file included from /home/artur/projects/personal/kairos/components/core/hal/display/display.h:4,
                 from /home/artur/projects/personal/kairos/components/core/hal/display/display.c:1:
/home/artur/projects/personal/kairos/components/core/def/common.h:38:16: note: previous declaration here
   38 | void IRAM_ATTR delay_us(uint32_t us);
      |                ^~~~~~~~
In file included from /home/artur/projects/personal/kairos/components/core/drv/display/gdeh0154d67.h:6,
                 from /home/artur/projects/personal/kairos/components/core/hal/display/display.h:5,
                 from /home/artur/projects/personal/kairos/components/core/hal/display/display.c:1:
/home/artur/projects/personal/kairos/components/core/def/common.h:40:1: warning: ignoring attribute 'section (".iram1.7")' because it conflicts with previous 'section (".iram1.4")' [-Wattributes]
   40 | void IRAM_ATTR delay_ms(uint32_t delay);
      | ^~~~
In file included from /home/artur/projects/personal/kairos/components/core/hal/display/display.h:4,
                 from /home/artur/projects/personal/kairos/components/core/hal/display/display.c:1:
/home/artur/projects/personal/kairos/components/core/def/common.h:40:16: note: previous declaration here
   40 | void IRAM_ATTR delay_ms(uint32_t delay);
      |                ^~~~~~~~
[12/19] Building C object esp-idf/core/CMakeFiles/__idf_core.dir/lib/system/system.c.obj
In file included from /home/artur/projects/personal/kairos/components/core/hal/modules/modules.h:4,
                 from /home/artur/projects/personal/kairos/components/core/lib/system/system.h:5,
                 from /home/artur/projects/personal/kairos/components/core/lib/system/system.c:1:
/home/artur/projects/personal/kairos/components/core/def/common.h:36:1: warning: ignoring attribute 'section (".iram1.5")' because it conflicts with previous 'section (".iram1.2")' [-Wattributes]
   36 | unsigned long IRAM_ATTR micros();
      | ^~~~~~~~
In file included from /home/artur/projects/personal/kairos/components/core/lib/system/system.h:4,
                 from /home/artur/projects/personal/kairos/components/core/lib/system/system.c:1:
/home/artur/projects/personal/kairos/components/core/def/common.h:36:25: note: previous declaration here
   36 | unsigned long IRAM_ATTR micros();
      |                         ^~~~~~
In file included from /home/artur/projects/personal/kairos/components/core/hal/modules/modules.h:4,
                 from /home/artur/projects/personal/kairos/components/core/lib/system/system.h:5,
                 from /home/artur/projects/personal/kairos/components/core/lib/system/system.c:1:
/home/artur/projects/personal/kairos/components/core/def/common.h:38:1: warning: ignoring attribute 'section (".iram1.6")' because it conflicts with previous 'section (".iram1.3")' [-Wattributes]
   38 | void IRAM_ATTR delay_us(uint32_t us);
      | ^~~~
In file included from /home/artur/projects/personal/kairos/components/core/lib/system/system.h:4,
                 from /home/artur/projects/personal/kairos/components/core/lib/system/system.c:1:
/home/artur/projects/personal/kairos/components/core/def/common.h:38:16: note: previous declaration here
   38 | void IRAM_ATTR delay_us(uint32_t us);
      |                ^~~~~~~~
In file included from /home/artur/projects/personal/kairos/components/core/hal/modules/modules.h:4,
                 from /home/artur/projects/personal/kairos/components/core/lib/system/system.h:5,
                 from /home/artur/projects/personal/kairos/components/core/lib/system/system.c:1:
/home/artur/projects/personal/kairos/components/core/def/common.h:40:1: warning: ignoring attribute 'section (".iram1.7")' because it conflicts with previous 'section (".iram1.4")' [-Wattributes]
   40 | void IRAM_ATTR delay_ms(uint32_t delay);
      | ^~~~
In file included from /home/artur/projects/personal/kairos/components/core/lib/system/system.h:4,
                 from /home/artur/projects/personal/kairos/components/core/lib/system/system.c:1:
/home/artur/projects/personal/kairos/components/core/def/common.h:40:16: note: previous declaration here
   40 | void IRAM_ATTR delay_ms(uint32_t delay);
      |                ^~~~~~~~
In file included from /home/artur/projects/personal/kairos/components/core/drv/protocols/i2c.h:4,
                 from /home/artur/projects/personal/kairos/components/core/hal/modules/modules.h:6,
                 from /home/artur/projects/personal/kairos/components/core/lib/system/system.h:5,
                 from /home/artur/projects/personal/kairos/components/core/lib/system/system.c:1:
/home/artur/projects/personal/kairos/components/core/def/common.h:36:1: warning: ignoring attribute 'section (".iram1.8")' because it conflicts with previous 'section (".iram1.2")' [-Wattributes]
   36 | unsigned long IRAM_ATTR micros();
      | ^~~~~~~~
In file included from /home/artur/projects/personal/kairos/components/core/hal/modules/modules.h:4,
                 from /home/artur/projects/personal/kairos/components/core/lib/system/system.h:5,
                 from /home/artur/projects/personal/kairos/components/core/lib/system/system.c:1:
/home/artur/projects/personal/kairos/components/core/def/common.h:36:25: note: previous declaration here
   36 | unsigned long IRAM_ATTR micros();
      |                         ^~~~~~
In file included from /home/artur/projects/personal/kairos/components/core/drv/protocols/i2c.h:4,
                 from /home/artur/projects/personal/kairos/components/core/hal/modules/modules.h:6,
                 from /home/artur/projects/personal/kairos/components/core/lib/system/system.h:5,
                 from /home/artur/projects/personal/kairos/components/core/lib/system/system.c:1:
/home/artur/projects/personal/kairos/components/core/def/common.h:38:1: warning: ignoring attribute 'section (".iram1.9")' because it conflicts with previous 'section (".iram1.3")' [-Wattributes]
   38 | void IRAM_ATTR delay_us(uint32_t us);
      | ^~~~
In file included from /home/artur/projects/personal/kairos/components/core/hal/modules/modules.h:4,
                 from /home/artur/projects/personal/kairos/components/core/lib/system/system.h:5,
                 from /home/artur/projects/personal/kairos/components/core/lib/system/system.c:1:
/home/artur/projects/personal/kairos/components/core/def/common.h:38:16: note: previous declaration here
   38 | void IRAM_ATTR delay_us(uint32_t us);
      |                ^~~~~~~~
In file included from /home/artur/projects/personal/kairos/components/core/drv/protocols/i2c.h:4,
                 from /home/artur/projects/personal/kairos/components/core/hal/modules/modules.h:6,
                 from /home/artur/projects/personal/kairos/components/core/lib/system/system.h:5,
                 from /home/artur/projects/personal/kairos/components/core/lib/system/system.c:1:
/home/artur/projects/personal/kairos/components/core/def/common.h:40:1: warning: ignoring attribute 'section (".iram1.10")' because it conflicts with previous 'section (".iram1.4")' [-Wattributes]
   40 | void IRAM_ATTR delay_ms(uint32_t delay);
      | ^~~~
In file included from /home/artur/projects/personal/kairos/components/core/hal/modules/modules.h:4,
                 from /home/artur/projects/personal/kairos/components/core/lib/system/system.h:5,
                 from /home/artur/projects/personal/kairos/components/core/lib/system/system.c:1:
/home/artur/projects/personal/kairos/components/core/def/common.h:40:16: note: previous declaration here
   40 | void IRAM_ATTR delay_ms(uint32_t delay);
      |                ^~~~~~~~
In file included from /home/artur/projects/personal/kairos/components/core/hal/rtc/rtc.h:4,
                 from /home/artur/projects/personal/kairos/components/core/hal/modules/modules.h:7,
                 from /home/artur/projects/personal/kairos/components/core/lib/system/system.h:5,
                 from /home/artur/projects/personal/kairos/components/core/lib/system/system.c:1:
/home/artur/projects/personal/kairos/components/core/def/common.h:36:1: warning: ignoring attribute 'section (".iram1.11")' because it conflicts with previous 'section (".iram1.2")' [-Wattributes]
   36 | unsigned long IRAM_ATTR micros();
      | ^~~~~~~~
In file included from /home/artur/projects/personal/kairos/components/core/drv/protocols/i2c.h:4,
                 from /home/artur/projects/personal/kairos/components/core/hal/modules/modules.h:6,
                 from /home/artur/projects/personal/kairos/components/core/lib/system/system.h:5,
                 from /home/artur/projects/personal/kairos/components/core/lib/system/system.c:1:
/home/artur/projects/personal/kairos/components/core/def/common.h:36:25: note: previous declaration here
   36 | unsigned long IRAM_ATTR micros();
      |                         ^~~~~~
In file included from /home/artur/projects/personal/kairos/components/core/hal/rtc/rtc.h:4,
                 from /home/artur/projects/personal/kairos/components/core/hal/modules/modules.h:7,
                 from /home/artur/projects/personal/kairos/components/core/lib/system/system.h:5,
                 from /home/artur/projects/personal/kairos/components/core/lib/system/system.c:1:
/home/artur/projects/personal/kairos/components/core/def/common.h:38:1: warning: ignoring attribute 'section (".iram1.12")' because it conflicts with previous 'section (".iram1.3")' [-Wattributes]
   38 | void IRAM_ATTR delay_us(uint32_t us);
      | ^~~~
In file included from /home/artur/projects/personal/kairos/components/core/drv/protocols/i2c.h:4,
                 from /home/artur/projects/personal/kairos/components/core/hal/modules/modules.h:6,
                 from /home/artur/projects/personal/kairos/components/core/lib/system/system.h:5,
                 from /home/artur/projects/personal/kairos/components/core/lib/system/system.c:1:
/home/artur/projects/personal/kairos/components/core/def/common.h:38:16: note: previous declaration here
   38 | void IRAM_ATTR delay_us(uint32_t us);
      |                ^~~~~~~~
In file included from /home/artur/projects/personal/kairos/components/core/hal/rtc/rtc.h:4,
                 from /home/artur/projects/personal/kairos/components/core/hal/modules/modules.h:7,
                 from /home/artur/projects/personal/kairos/components/core/lib/system/system.h:5,
                 from /home/artur/projects/personal/kairos/components/core/lib/system/system.c:1:
/home/artur/projects/personal/kairos/components/core/def/common.h:40:1: warning: ignoring attribute 'section (".iram1.13")' because it conflicts with previous 'section (".iram1.4")' [-Wattributes]
   40 | void IRAM_ATTR delay_ms(uint32_t delay);
      | ^~~~
In file included from /home/artur/projects/personal/kairos/components/core/drv/protocols/i2c.h:4,
                 from /home/artur/projects/personal/kairos/components/core/hal/modules/modules.h:6,
                 from /home/artur/projects/personal/kairos/components/core/lib/system/system.h:5,
                 from /home/artur/projects/personal/kairos/components/core/lib/system/system.c:1:
/home/artur/projects/personal/kairos/components/core/def/common.h:40:16: note: previous declaration here
   40 | void IRAM_ATTR delay_ms(uint32_t delay);
      |                ^~~~~~~~
In file included from /home/artur/projects/personal/kairos/components/core/drv/rtc/pcf8563.h:10,
                 from /home/artur/projects/personal/kairos/components/core/hal/rtc/rtc.h:5,
                 from /home/artur/projects/personal/kairos/components/core/hal/modules/modules.h:7,
                 from /home/artur/projects/personal/kairos/components/core/lib/system/system.h:5,
                 from /home/artur/projects/personal/kairos/components/core/lib/system/system.c:1:
/home/artur/projects/personal/kairos/components/core/def/common.h:36:1: warning: ignoring attribute 'section (".iram1.14")' because it conflicts with previous 'section (".iram1.2")' [-Wattributes]
   36 | unsigned long IRAM_ATTR micros();
      | ^~~~~~~~
In file included from /home/artur/projects/personal/kairos/components/core/hal/rtc/rtc.h:4,
                 from /home/artur/projects/personal/kairos/components/core/hal/modules/modules.h:7,
                 from /home/artur/projects/personal/kairos/components/core/lib/system/system.h:5,
                 from /home/artur/projects/personal/kairos/components/core/lib/system/system.c:1:
/home/artur/projects/personal/kairos/components/core/def/common.h:36:25: note: previous declaration here
   36 | unsigned long IRAM_ATTR micros();
      |                         ^~~~~~
In file included from /home/artur/projects/personal/kairos/components/core/drv/rtc/pcf8563.h:10,
                 from /home/artur/projects/personal/kairos/components/core/hal/rtc/rtc.h:5,
                 from /home/artur/projects/personal/kairos/components/core/hal/modules/modules.h:7,
                 from /home/artur/projects/personal/kairos/components/core/lib/system/system.h:5,
                 from /home/artur/projects/personal/kairos/components/core/lib/system/system.c:1:
/home/artur/projects/personal/kairos/components/core/def/common.h:38:1: warning: ignoring attribute 'section (".iram1.15")' because it conflicts with previous 'section (".iram1.3")' [-Wattributes]
   38 | void IRAM_ATTR delay_us(uint32_t us);
      | ^~~~
In file included from /home/artur/projects/personal/kairos/components/core/hal/rtc/rtc.h:4,
                 from /home/artur/projects/personal/kairos/components/core/hal/modules/modules.h:7,
                 from /home/artur/projects/personal/kairos/components/core/lib/system/system.h:5,
                 from /home/artur/projects/personal/kairos/components/core/lib/system/system.c:1:
/home/artur/projects/personal/kairos/components/core/def/common.h:38:16: note: previous declaration here
   38 | void IRAM_ATTR delay_us(uint32_t us);
      |                ^~~~~~~~
In file included from /home/artur/projects/personal/kairos/components/core/drv/rtc/pcf8563.h:10,
                 from /home/artur/projects/personal/kairos/components/core/hal/rtc/rtc.h:5,
                 from /home/artur/projects/personal/kairos/components/core/hal/modules/modules.h:7,
                 from /home/artur/projects/personal/kairos/components/core/lib/system/system.h:5,
                 from /home/artur/projects/personal/kairos/components/core/lib/system/system.c:1:
/home/artur/projects/personal/kairos/components/core/def/common.h:40:1: warning: ignoring attribute 'section (".iram1.16")' because it conflicts with previous 'section (".iram1.4")' [-Wattributes]
   40 | void IRAM_ATTR delay_ms(uint32_t delay);
      | ^~~~
In file included from /home/artur/projects/personal/kairos/components/core/hal/rtc/rtc.h:4,
                 from /home/artur/projects/personal/kairos/components/core/hal/modules/modules.h:7,
                 from /home/artur/projects/personal/kairos/components/core/lib/system/system.h:5,
                 from /home/artur/projects/personal/kairos/components/core/lib/system/system.c:1:
/home/artur/projects/personal/kairos/components/core/def/common.h:40:16: note: previous declaration here
   40 | void IRAM_ATTR delay_ms(uint32_t delay);
      |                ^~~~~~~~
In file included from /home/artur/projects/personal/kairos/components/core/hal/display/display.h:4,
                 from /home/artur/projects/personal/kairos/components/core/hal/modules/modules.h:8,
                 from /home/artur/projects/personal/kairos/components/core/lib/system/system.h:5,
                 from /home/artur/projects/personal/kairos/components/core/lib/system/system.c:1:
/home/artur/projects/personal/kairos/components/core/def/common.h:36:1: warning: ignoring attribute 'section (".iram1.17")' because it conflicts with previous 'section (".iram1.2")' [-Wattributes]
   36 | unsigned long IRAM_ATTR micros();
      | ^~~~~~~~
In file included from /home/artur/projects/personal/kairos/components/core/drv/rtc/pcf8563.h:10,
                 from /home/artur/projects/personal/kairos/components/core/hal/rtc/rtc.h:5,
                 from /home/artur/projects/personal/kairos/components/core/hal/modules/modules.h:7,
                 from /home/artur/projects/personal/kairos/components/core/lib/system/system.h:5,
                 from /home/artur/projects/personal/kairos/components/core/lib/system/system.c:1:
/home/artur/projects/personal/kairos/components/core/def/common.h:36:25: note: previous declaration here
   36 | unsigned long IRAM_ATTR micros();
      |                         ^~~~~~
In file included from /home/artur/projects/personal/kairos/components/core/hal/display/display.h:4,
                 from /home/artur/projects/personal/kairos/components/core/hal/modules/modules.h:8,
                 from /home/artur/projects/personal/kairos/components/core/lib/system/system.h:5,
                 from /home/artur/projects/personal/kairos/components/core/lib/system/system.c:1:
/home/artur/projects/personal/kairos/components/core/def/common.h:38:1: warning: ignoring attribute 'section (".iram1.18")' because it conflicts with previous 'section (".iram1.3")' [-Wattributes]
   38 | void IRAM_ATTR delay_us(uint32_t us);
      | ^~~~
In file included from /home/artur/projects/personal/kairos/components/core/drv/rtc/pcf8563.h:10,
                 from /home/artur/projects/personal/kairos/components/core/hal/rtc/rtc.h:5,
                 from /home/artur/projects/personal/kairos/components/core/hal/modules/modules.h:7,
                 from /home/artur/projects/personal/kairos/components/core/lib/system/system.h:5,
                 from /home/artur/projects/personal/kairos/components/core/lib/system/system.c:1:
/home/artur/projects/personal/kairos/components/core/def/common.h:38:16: note: previous declaration here
   38 | void IRAM_ATTR delay_us(uint32_t us);
      |                ^~~~~~~~
In file included from /home/artur/projects/personal/kairos/components/core/hal/display/display.h:4,
                 from /home/artur/projects/personal/kairos/components/core/hal/modules/modules.h:8,
                 from /home/artur/projects/personal/kairos/components/core/lib/system/system.h:5,
                 from /home/artur/projects/personal/kairos/components/core/lib/system/system.c:1:
/home/artur/projects/personal/kairos/components/core/def/common.h:40:1: warning: ignoring attribute 'section (".iram1.19")' because it conflicts with previous 'section (".iram1.4")' [-Wattributes]
   40 | void IRAM_ATTR delay_ms(uint32_t delay);
      | ^~~~
In file included from /home/artur/projects/personal/kairos/components/core/drv/rtc/pcf8563.h:10,
                 from /home/artur/projects/personal/kairos/components/core/hal/rtc/rtc.h:5,
                 from /home/artur/projects/personal/kairos/components/core/hal/modules/modules.h:7,
                 from /home/artur/projects/personal/kairos/components/core/lib/system/system.h:5,
                 from /home/artur/projects/personal/kairos/components/core/lib/system/system.c:1:
/home/artur/projects/personal/kairos/components/core/def/common.h:40:16: note: previous declaration here
   40 | void IRAM_ATTR delay_ms(uint32_t delay);
      |                ^~~~~~~~
In file included from /home/artur/projects/personal/kairos/components/core/drv/display/gdeh0154d67.h:6,
                 from /home/artur/projects/personal/kairos/components/core/hal/display/display.h:5,
                 from /home/artur/projects/personal/kairos/components/core/hal/modules/modules.h:8,
                 from /home/artur/projects/personal/kairos/components/core/lib/system/system.h:5,
                 from /home/artur/projects/personal/kairos/components/core/lib/system/system.c:1:
/home/artur/projects/personal/kairos/components/core/def/common.h:36:1: warning: ignoring attribute 'section (".iram1.20")' because it conflicts with previous 'section (".iram1.2")' [-Wattributes]
   36 | unsigned long IRAM_ATTR micros();
      | ^~~~~~~~
In file included from /home/artur/projects/personal/kairos/components/core/hal/display/display.h:4,
                 from /home/artur/projects/personal/kairos/components/core/hal/modules/modules.h:8,
                 from /home/artur/projects/personal/kairos/components/core/lib/system/system.h:5,
                 from /home/artur/projects/personal/kairos/components/core/lib/system/system.c:1:
/home/artur/projects/personal/kairos/components/core/def/common.h:36:25: note: previous declaration here
   36 | unsigned long IRAM_ATTR micros();
      |                         ^~~~~~
In file included from /home/artur/projects/personal/kairos/components/core/drv/display/gdeh0154d67.h:6,
                 from /home/artur/projects/personal/kairos/components/core/hal/display/display.h:5,
                 from /home/artur/projects/personal/kairos/components/core/hal/modules/modules.h:8,
                 from /home/artur/projects/personal/kairos/components/core/lib/system/system.h:5,
                 from /home/artur/projects/personal/kairos/components/core/lib/system/system.c:1:
/home/artur/projects/personal/kairos/components/core/def/common.h:38:1: warning: ignoring attribute 'section (".iram1.21")' because it conflicts with previous 'section (".iram1.3")' [-Wattributes]
   38 | void IRAM_ATTR delay_us(uint32_t us);
      | ^~~~
In file included from /home/artur/projects/personal/kairos/components/core/hal/display/display.h:4,
                 from /home/artur/projects/personal/kairos/components/core/hal/modules/modules.h:8,
                 from /home/artur/projects/personal/kairos/components/core/lib/system/system.h:5,
                 from /home/artur/projects/personal/kairos/components/core/lib/system/system.c:1:
/home/artur/projects/personal/kairos/components/core/def/common.h:38:16: note: previous declaration here
   38 | void IRAM_ATTR delay_us(uint32_t us);
      |                ^~~~~~~~
In file included from /home/artur/projects/personal/kairos/components/core/drv/display/gdeh0154d67.h:6,
                 from /home/artur/projects/personal/kairos/components/core/hal/display/display.h:5,
                 from /home/artur/projects/personal/kairos/components/core/hal/modules/modules.h:8,
                 from /home/artur/projects/personal/kairos/components/core/lib/system/system.h:5,
                 from /home/artur/projects/personal/kairos/components/core/lib/system/system.c:1:
/home/artur/projects/personal/kairos/components/core/def/common.h:40:1: warning: ignoring attribute 'section (".iram1.22")' because it conflicts with previous 'section (".iram1.4")' [-Wattributes]
   40 | void IRAM_ATTR delay_ms(uint32_t delay);
      | ^~~~
In file included from /home/artur/projects/personal/kairos/components/core/hal/display/display.h:4,
                 from /home/artur/projects/personal/kairos/components/core/hal/modules/modules.h:8,
                 from /home/artur/projects/personal/kairos/components/core/lib/system/system.h:5,
                 from /home/artur/projects/personal/kairos/components/core/lib/system/system.c:1:
/home/artur/projects/personal/kairos/components/core/def/common.h:40:16: note: previous declaration here
   40 | void IRAM_ATTR delay_ms(uint32_t delay);
      |                ^~~~~~~~
[13/19] Building C object esp-idf/core/CMakeFiles/__idf_core.dir/hal/modules/modules.c.obj
In file included from /home/artur/projects/personal/kairos/components/core/drv/protocols/i2c.h:4,
                 from /home/artur/projects/personal/kairos/components/core/hal/modules/modules.h:6,
                 from /home/artur/projects/personal/kairos/components/core/hal/modules/modules.c:1:
/home/artur/projects/personal/kairos/components/core/def/common.h:36:1: warning: ignoring attribute 'section (".iram1.5")' because it conflicts with previous 'section (".iram1.2")' [-Wattributes]
   36 | unsigned long IRAM_ATTR micros();
      | ^~~~~~~~
In file included from /home/artur/projects/personal/kairos/components/core/hal/modules/modules.h:4,
                 from /home/artur/projects/personal/kairos/components/core/hal/modules/modules.c:1:
/home/artur/projects/personal/kairos/components/core/def/common.h:36:25: note: previous declaration here
   36 | unsigned long IRAM_ATTR micros();
      |                         ^~~~~~
In file included from /home/artur/projects/personal/kairos/components/core/drv/protocols/i2c.h:4,
                 from /home/artur/projects/personal/kairos/components/core/hal/modules/modules.h:6,
                 from /home/artur/projects/personal/kairos/components/core/hal/modules/modules.c:1:
/home/artur/projects/personal/kairos/components/core/def/common.h:38:1: warning: ignoring attribute 'section (".iram1.6")' because it conflicts with previous 'section (".iram1.3")' [-Wattributes]
   38 | void IRAM_ATTR delay_us(uint32_t us);
      | ^~~~
In file included from /home/artur/projects/personal/kairos/components/core/hal/modules/modules.h:4,
                 from /home/artur/projects/personal/kairos/components/core/hal/modules/modules.c:1:
/home/artur/projects/personal/kairos/components/core/def/common.h:38:16: note: previous declaration here
   38 | void IRAM_ATTR delay_us(uint32_t us);
      |                ^~~~~~~~
In file included from /home/artur/projects/personal/kairos/components/core/drv/protocols/i2c.h:4,
                 from /home/artur/projects/personal/kairos/components/core/hal/modules/modules.h:6,
                 from /home/artur/projects/personal/kairos/components/core/hal/modules/modules.c:1:
/home/artur/projects/personal/kairos/components/core/def/common.h:40:1: warning: ignoring attribute 'section (".iram1.7")' because it conflicts with previous 'section (".iram1.4")' [-Wattributes]
   40 | void IRAM_ATTR delay_ms(uint32_t delay);
      | ^~~~
In file included from /home/artur/projects/personal/kairos/components/core/hal/modules/modules.h:4,
                 from /home/artur/projects/personal/kairos/components/core/hal/modules/modules.c:1:
/home/artur/projects/personal/kairos/components/core/def/common.h:40:16: note: previous declaration here
   40 | void IRAM_ATTR delay_ms(uint32_t delay);
      |                ^~~~~~~~
In file included from /home/artur/projects/personal/kairos/components/core/hal/rtc/rtc.h:4,
                 from /home/artur/projects/personal/kairos/components/core/hal/modules/modules.h:7,
                 from /home/artur/projects/personal/kairos/components/core/hal/modules/modules.c:1:
/home/artur/projects/personal/kairos/components/core/def/common.h:36:1: warning: ignoring attribute 'section (".iram1.8")' because it conflicts with previous 'section (".iram1.2")' [-Wattributes]
   36 | unsigned long IRAM_ATTR micros();
      | ^~~~~~~~
In file included from /home/artur/projects/personal/kairos/components/core/drv/protocols/i2c.h:4,
                 from /home/artur/projects/personal/kairos/components/core/hal/modules/modules.h:6,
                 from /home/artur/projects/personal/kairos/components/core/hal/modules/modules.c:1:
/home/artur/projects/personal/kairos/components/core/def/common.h:36:25: note: previous declaration here
   36 | unsigned long IRAM_ATTR micros();
      |                         ^~~~~~
In file included from /home/artur/projects/personal/kairos/components/core/hal/rtc/rtc.h:4,
                 from /home/artur/projects/personal/kairos/components/core/hal/modules/modules.h:7,
                 from /home/artur/projects/personal/kairos/components/core/hal/modules/modules.c:1:
/home/artur/projects/personal/kairos/components/core/def/common.h:38:1: warning: ignoring attribute 'section (".iram1.9")' because it conflicts with previous 'section (".iram1.3")' [-Wattributes]
   38 | void IRAM_ATTR delay_us(uint32_t us);
      | ^~~~
In file included from /home/artur/projects/personal/kairos/components/core/drv/protocols/i2c.h:4,
                 from /home/artur/projects/personal/kairos/components/core/hal/modules/modules.h:6,
                 from /home/artur/projects/personal/kairos/components/core/hal/modules/modules.c:1:
/home/artur/projects/personal/kairos/components/core/def/common.h:38:16: note: previous declaration here
   38 | void IRAM_ATTR delay_us(uint32_t us);
      |                ^~~~~~~~
In file included from /home/artur/projects/personal/kairos/components/core/hal/rtc/rtc.h:4,
                 from /home/artur/projects/personal/kairos/components/core/hal/modules/modules.h:7,
                 from /home/artur/projects/personal/kairos/components/core/hal/modules/modules.c:1:
/home/artur/projects/personal/kairos/components/core/def/common.h:40:1: warning: ignoring attribute 'section (".iram1.10")' because it conflicts with previous 'section (".iram1.4")' [-Wattributes]
   40 | void IRAM_ATTR delay_ms(uint32_t delay);
      | ^~~~
In file included from /home/artur/projects/personal/kairos/components/core/drv/protocols/i2c.h:4,
                 from /home/artur/projects/personal/kairos/components/core/hal/modules/modules.h:6,
                 from /home/artur/projects/personal/kairos/components/core/hal/modules/modules.c:1:
/home/artur/projects/personal/kairos/components/core/def/common.h:40:16: note: previous declaration here
   40 | void IRAM_ATTR delay_ms(uint32_t delay);
      |                ^~~~~~~~
In file included from /home/artur/projects/personal/kairos/components/core/drv/rtc/pcf8563.h:10,
                 from /home/artur/projects/personal/kairos/components/core/hal/rtc/rtc.h:5,
                 from /home/artur/projects/personal/kairos/components/core/hal/modules/modules.h:7,
                 from /home/artur/projects/personal/kairos/components/core/hal/modules/modules.c:1:
/home/artur/projects/personal/kairos/components/core/def/common.h:36:1: warning: ignoring attribute 'section (".iram1.11")' because it conflicts with previous 'section (".iram1.2")' [-Wattributes]
   36 | unsigned long IRAM_ATTR micros();
      | ^~~~~~~~
In file included from /home/artur/projects/personal/kairos/components/core/hal/rtc/rtc.h:4,
                 from /home/artur/projects/personal/kairos/components/core/hal/modules/modules.h:7,
                 from /home/artur/projects/personal/kairos/components/core/hal/modules/modules.c:1:
/home/artur/projects/personal/kairos/components/core/def/common.h:36:25: note: previous declaration here
   36 | unsigned long IRAM_ATTR micros();
      |                         ^~~~~~
In file included from /home/artur/projects/personal/kairos/components/core/drv/rtc/pcf8563.h:10,
                 from /home/artur/projects/personal/kairos/components/core/hal/rtc/rtc.h:5,
                 from /home/artur/projects/personal/kairos/components/core/hal/modules/modules.h:7,
                 from /home/artur/projects/personal/kairos/components/core/hal/modules/modules.c:1:
/home/artur/projects/personal/kairos/components/core/def/common.h:38:1: warning: ignoring attribute 'section (".iram1.12")' because it conflicts with previous 'section (".iram1.3")' [-Wattributes]
   38 | void IRAM_ATTR delay_us(uint32_t us);
      | ^~~~
In file included from /home/artur/projects/personal/kairos/components/core/hal/rtc/rtc.h:4,
                 from /home/artur/projects/personal/kairos/components/core/hal/modules/modules.h:7,
                 from /home/artur/projects/personal/kairos/components/core/hal/modules/modules.c:1:
/home/artur/projects/personal/kairos/components/core/def/common.h:38:16: note: previous declaration here
   38 | void IRAM_ATTR delay_us(uint32_t us);
      |                ^~~~~~~~
In file included from /home/artur/projects/personal/kairos/components/core/drv/rtc/pcf8563.h:10,
                 from /home/artur/projects/personal/kairos/components/core/hal/rtc/rtc.h:5,
                 from /home/artur/projects/personal/kairos/components/core/hal/modules/modules.h:7,
                 from /home/artur/projects/personal/kairos/components/core/hal/modules/modules.c:1:
/home/artur/projects/personal/kairos/components/core/def/common.h:40:1: warning: ignoring attribute 'section (".iram1.13")' because it conflicts with previous 'section (".iram1.4")' [-Wattributes]
   40 | void IRAM_ATTR delay_ms(uint32_t delay);
      | ^~~~
In file included from /home/artur/projects/personal/kairos/components/core/hal/rtc/rtc.h:4,
                 from /home/artur/projects/personal/kairos/components/core/hal/modules/modules.h:7,
                 from /home/artur/projects/personal/kairos/components/core/hal/modules/modules.c:1:
/home/artur/projects/personal/kairos/components/core/def/common.h:40:16: note: previous declaration here
   40 | void IRAM_ATTR delay_ms(uint32_t delay);
      |                ^~~~~~~~
In file included from /home/artur/projects/personal/kairos/components/core/hal/display/display.h:4,
                 from /home/artur/projects/personal/kairos/components/core/hal/modules/modules.h:8,
                 from /home/artur/projects/personal/kairos/components/core/hal/modules/modules.c:1:
/home/artur/projects/personal/kairos/components/core/def/common.h:36:1: warning: ignoring attribute 'section (".iram1.14")' because it conflicts with previous 'section (".iram1.2")' [-Wattributes]
   36 | unsigned long IRAM_ATTR micros();
      | ^~~~~~~~
In file included from /home/artur/projects/personal/kairos/components/core/drv/rtc/pcf8563.h:10,
                 from /home/artur/projects/personal/kairos/components/core/hal/rtc/rtc.h:5,
                 from /home/artur/projects/personal/kairos/components/core/hal/modules/modules.h:7,
                 from /home/artur/projects/personal/kairos/components/core/hal/modules/modules.c:1:
/home/artur/projects/personal/kairos/components/core/def/common.h:36:25: note: previous declaration here
   36 | unsigned long IRAM_ATTR micros();
      |                         ^~~~~~
In file included from /home/artur/projects/personal/kairos/components/core/hal/display/display.h:4,
                 from /home/artur/projects/personal/kairos/components/core/hal/modules/modules.h:8,
                 from /home/artur/projects/personal/kairos/components/core/hal/modules/modules.c:1:
/home/artur/projects/personal/kairos/components/core/def/common.h:38:1: warning: ignoring attribute 'section (".iram1.15")' because it conflicts with previous 'section (".iram1.3")' [-Wattributes]
   38 | void IRAM_ATTR delay_us(uint32_t us);
      | ^~~~
In file included from /home/artur/projects/personal/kairos/components/core/drv/rtc/pcf8563.h:10,
                 from /home/artur/projects/personal/kairos/components/core/hal/rtc/rtc.h:5,
                 from /home/artur/projects/personal/kairos/components/core/hal/modules/modules.h:7,
                 from /home/artur/projects/personal/kairos/components/core/hal/modules/modules.c:1:
/home/artur/projects/personal/kairos/components/core/def/common.h:38:16: note: previous declaration here
   38 | void IRAM_ATTR delay_us(uint32_t us);
      |                ^~~~~~~~
In file included from /home/artur/projects/personal/kairos/components/core/hal/display/display.h:4,
                 from /home/artur/projects/personal/kairos/components/core/hal/modules/modules.h:8,
                 from /home/artur/projects/personal/kairos/components/core/hal/modules/modules.c:1:
/home/artur/projects/personal/kairos/components/core/def/common.h:40:1: warning: ignoring attribute 'section (".iram1.16")' because it conflicts with previous 'section (".iram1.4")' [-Wattributes]
   40 | void IRAM_ATTR delay_ms(uint32_t delay);
      | ^~~~
In file included from /home/artur/projects/personal/kairos/components/core/drv/rtc/pcf8563.h:10,
                 from /home/artur/projects/personal/kairos/components/core/hal/rtc/rtc.h:5,
                 from /home/artur/projects/personal/kairos/components/core/hal/modules/modules.h:7,
                 from /home/artur/projects/personal/kairos/components/core/hal/modules/modules.c:1:
/home/artur/projects/personal/kairos/components/core/def/common.h:40:16: note: previous declaration here
   40 | void IRAM_ATTR delay_ms(uint32_t delay);
      |                ^~~~~~~~
In file included from /home/artur/projects/personal/kairos/components/core/drv/display/gdeh0154d67.h:6,
                 from /home/artur/projects/personal/kairos/components/core/hal/display/display.h:5,
                 from /home/artur/projects/personal/kairos/components/core/hal/modules/modules.h:8,
                 from /home/artur/projects/personal/kairos/components/core/hal/modules/modules.c:1:
/home/artur/projects/personal/kairos/components/core/def/common.h:36:1: warning: ignoring attribute 'section (".iram1.17")' because it conflicts with previous 'section (".iram1.2")' [-Wattributes]
   36 | unsigned long IRAM_ATTR micros();
      | ^~~~~~~~
In file included from /home/artur/projects/personal/kairos/components/core/hal/display/display.h:4,
                 from /home/artur/projects/personal/kairos/components/core/hal/modules/modules.h:8,
                 from /home/artur/projects/personal/kairos/components/core/hal/modules/modules.c:1:
/home/artur/projects/personal/kairos/components/core/def/common.h:36:25: note: previous declaration here
   36 | unsigned long IRAM_ATTR micros();
      |                         ^~~~~~
In file included from /home/artur/projects/personal/kairos/components/core/drv/display/gdeh0154d67.h:6,
                 from /home/artur/projects/personal/kairos/components/core/hal/display/display.h:5,
                 from /home/artur/projects/personal/kairos/components/core/hal/modules/modules.h:8,
                 from /home/artur/projects/personal/kairos/components/core/hal/modules/modules.c:1:
/home/artur/projects/personal/kairos/components/core/def/common.h:38:1: warning: ignoring attribute 'section (".iram1.18")' because it conflicts with previous 'section (".iram1.3")' [-Wattributes]
   38 | void IRAM_ATTR delay_us(uint32_t us);
      | ^~~~
In file included from /home/artur/projects/personal/kairos/components/core/hal/display/display.h:4,
                 from /home/artur/projects/personal/kairos/components/core/hal/modules/modules.h:8,
                 from /home/artur/projects/personal/kairos/components/core/hal/modules/modules.c:1:
/home/artur/projects/personal/kairos/components/core/def/common.h:38:16: note: previous declaration here
   38 | void IRAM_ATTR delay_us(uint32_t us);
      |                ^~~~~~~~
In file included from /home/artur/projects/personal/kairos/components/core/drv/display/gdeh0154d67.h:6,
                 from /home/artur/projects/personal/kairos/components/core/hal/display/display.h:5,
                 from /home/artur/projects/personal/kairos/components/core/hal/modules/modules.h:8,
                 from /home/artur/projects/personal/kairos/components/core/hal/modules/modules.c:1:
/home/artur/projects/personal/kairos/components/core/def/common.h:40:1: warning: ignoring attribute 'section (".iram1.19")' because it conflicts with previous 'section (".iram1.4")' [-Wattributes]
   40 | void IRAM_ATTR delay_ms(uint32_t delay);
      | ^~~~
In file included from /home/artur/projects/personal/kairos/components/core/hal/display/display.h:4,
                 from /home/artur/projects/personal/kairos/components/core/hal/modules/modules.h:8,
                 from /home/artur/projects/personal/kairos/components/core/hal/modules/modules.c:1:
/home/artur/projects/personal/kairos/components/core/def/common.h:40:16: note: previous declaration here
   40 | void IRAM_ATTR delay_ms(uint32_t delay);
      |                ^~~~~~~~
[14/19] Linking C static library esp-idf/core/libcore.a
[15/19] Linking C static library esp-idf/main/libmain.a
[16/19] Generating ld/sections.ld
[17/19] Linking CXX executable kairos.elf
FAILED: kairos.elf 
: && /home/artur/.espressif/tools/xtensa-esp32-elf/esp-2022r1-RC1-11.2.0/xtensa-esp32-elf/bin/xtensa-esp32-elf-g++ -mlongcalls -Wno-frame-address  CMakeFiles/kairos.elf.dir/project_elf_src_esp32.c.obj -o kairos.elf  esp-idf/xtensa/libxtensa.a  esp-idf/esp_ringbuf/libesp_ringbuf.a  esp-idf/efuse/libefuse.a  esp-idf/esp_adc/libesp_adc.a  esp-idf/driver/libdriver.a  esp-idf/esp_pm/libesp_pm.a  esp-idf/mbedtls/libmbedtls.a  esp-idf/app_update/libapp_update.a  esp-idf/bootloader_support/libbootloader_support.a  esp-idf/spi_flash/libspi_flash.a  esp-idf/pthread/libpthread.a  esp-idf/esp_system/libesp_system.a  esp-idf/esp_rom/libesp_rom.a  esp-idf/hal/libhal.a  esp-idf/log/liblog.a  esp-idf/heap/libheap.a  esp-idf/soc/libsoc.a  esp-idf/esp_hw_support/libesp_hw_support.a  esp-idf/freertos/libfreertos.a  esp-idf/newlib/libnewlib.a  esp-idf/cxx/libcxx.a  esp-idf/esp_common/libesp_common.a  esp-idf/esp_timer/libesp_timer.a  esp-idf/app_trace/libapp_trace.a  esp-idf/esp_event/libesp_event.a  esp-idf/nvs_flash/libnvs_flash.a  esp-idf/esp_phy/libesp_phy.a  esp-idf/vfs/libvfs.a  esp-idf/lwip/liblwip.a  esp-idf/esp_netif/libesp_netif.a  esp-idf/wpa_supplicant/libwpa_supplicant.a  esp-idf/esp_wifi/libesp_wifi.a  esp-idf/unity/libunity.a  esp-idf/cmock/libcmock.a  esp-idf/console/libconsole.a  esp-idf/http_parser/libhttp_parser.a  esp-idf/esp-tls/libesp-tls.a  esp-idf/esp_eth/libesp_eth.a  esp-idf/esp_gdbstub/libesp_gdbstub.a  esp-idf/esp_hid/libesp_hid.a  esp-idf/tcp_transport/libtcp_transport.a  esp-idf/esp_http_client/libesp_http_client.a  esp-idf/esp_http_server/libesp_http_server.a  esp-idf/esp_https_ota/libesp_https_ota.a  esp-idf/esp_lcd/libesp_lcd.a  esp-idf/protobuf-c/libprotobuf-c.a  esp-idf/protocomm/libprotocomm.a  esp-idf/esp_local_ctrl/libesp_local_ctrl.a  esp-idf/sdmmc/libsdmmc.a  esp-idf/esp_serial_slave_link/libesp_serial_slave_link.a  esp-idf/espcoredump/libespcoredump.a  esp-idf/wear_levelling/libwear_levelling.a  esp-idf/fatfs/libfatfs.a  esp-idf/json/libjson.a  esp-idf/mqtt/libmqtt.a  esp-idf/perfmon/libperfmon.a  esp-idf/spiffs/libspiffs.a  esp-idf/ulp/libulp.a  esp-idf/wifi_provisioning/libwifi_provisioning.a  esp-idf/main/libmain.a  esp-idf/core/libcore.a  -Wl,--cref  -Wl,--defsym=IDF_TARGET_ESP32=0  -Wl,--Map="/home/artur/projects/personal/kairos/build/kairos.map"  -fno-rtti  -fno-lto  -Wl,--gc-sections  -Wl,--warn-common  esp-idf/app_trace/libapp_trace.a  esp-idf/app_trace/libapp_trace.a  -lgcov  esp-idf/app_trace/libapp_trace.a  -lgcov  esp-idf/cmock/libcmock.a  esp-idf/unity/libunity.a  esp-idf/esp_hid/libesp_hid.a  esp-idf/esp_lcd/libesp_lcd.a  esp-idf/esp_local_ctrl/libesp_local_ctrl.a  esp-idf/espcoredump/libespcoredump.a  esp-idf/fatfs/libfatfs.a  esp-idf/wear_levelling/libwear_levelling.a  esp-idf/mqtt/libmqtt.a  esp-idf/perfmon/libperfmon.a  esp-idf/spiffs/libspiffs.a  esp-idf/wifi_provisioning/libwifi_provisioning.a  esp-idf/protocomm/libprotocomm.a  esp-idf/console/libconsole.a  esp-idf/protobuf-c/libprotobuf-c.a  esp-idf/json/libjson.a  esp-idf/xtensa/libxtensa.a  esp-idf/esp_ringbuf/libesp_ringbuf.a  esp-idf/efuse/libefuse.a  esp-idf/esp_adc/libesp_adc.a  esp-idf/driver/libdriver.a  esp-idf/esp_pm/libesp_pm.a  esp-idf/mbedtls/libmbedtls.a  esp-idf/app_update/libapp_update.a  esp-idf/bootloader_support/libbootloader_support.a  esp-idf/spi_flash/libspi_flash.a  esp-idf/pthread/libpthread.a  esp-idf/esp_system/libesp_system.a  esp-idf/esp_rom/libesp_rom.a  esp-idf/hal/libhal.a  esp-idf/log/liblog.a  esp-idf/heap/libheap.a  esp-idf/soc/libsoc.a  esp-idf/esp_hw_support/libesp_hw_support.a  esp-idf/freertos/libfreertos.a  esp-idf/newlib/libnewlib.a  esp-idf/cxx/libcxx.a  esp-idf/esp_common/libesp_common.a  esp-idf/esp_timer/libesp_timer.a  esp-idf/esp_event/libesp_event.a  esp-idf/nvs_flash/libnvs_flash.a  esp-idf/esp_phy/libesp_phy.a  esp-idf/vfs/libvfs.a  esp-idf/lwip/liblwip.a  esp-idf/esp_netif/libesp_netif.a  esp-idf/wpa_supplicant/libwpa_supplicant.a  esp-idf/esp_wifi/libesp_wifi.a  esp-idf/http_parser/libhttp_parser.a  esp-idf/esp-tls/libesp-tls.a  esp-idf/esp_eth/libesp_eth.a  esp-idf/esp_gdbstub/libesp_gdbstub.a  esp-idf/tcp_transport/libtcp_transport.a  esp-idf/esp_http_client/libesp_http_client.a  esp-idf/esp_http_server/libesp_http_server.a  esp-idf/esp_https_ota/libesp_https_ota.a  esp-idf/sdmmc/libsdmmc.a  esp-idf/esp_serial_slave_link/libesp_serial_slave_link.a  esp-idf/ulp/libulp.a  esp-idf/mbedtls/mbedtls/library/libmbedtls.a  esp-idf/mbedtls/mbedtls/library/libmbedcrypto.a  esp-idf/mbedtls/mbedtls/library/libmbedx509.a  /home/artur/esp/esp-idf/components/esp_wifi/lib/esp32/libcoexist.a  /home/artur/esp/esp-idf/components/esp_wifi/lib/esp32/libcore.a  /home/artur/esp/esp-idf/components/esp_wifi/lib/esp32/libespnow.a  /home/artur/esp/esp-idf/components/esp_wifi/lib/esp32/libmesh.a  /home/artur/esp/esp-idf/components/esp_wifi/lib/esp32/libnet80211.a  /home/artur/esp/esp-idf/components/esp_wifi/lib/esp32/libpp.a  /home/artur/esp/esp-idf/components/esp_wifi/lib/esp32/libsmartconfig.a  /home/artur/esp/esp-idf/components/esp_wifi/lib/esp32/libwapi.a  esp-idf/xtensa/libxtensa.a  esp-idf/esp_ringbuf/libesp_ringbuf.a  esp-idf/efuse/libefuse.a  esp-idf/esp_adc/libesp_adc.a  esp-idf/driver/libdriver.a  esp-idf/esp_pm/libesp_pm.a  esp-idf/mbedtls/libmbedtls.a  esp-idf/app_update/libapp_update.a  esp-idf/bootloader_support/libbootloader_support.a  esp-idf/spi_flash/libspi_flash.a  esp-idf/pthread/libpthread.a  esp-idf/esp_system/libesp_system.a  esp-idf/esp_rom/libesp_rom.a  esp-idf/hal/libhal.a  esp-idf/log/liblog.a  esp-idf/heap/libheap.a  esp-idf/soc/libsoc.a  esp-idf/esp_hw_support/libesp_hw_support.a  esp-idf/freertos/libfreertos.a  esp-idf/newlib/libnewlib.a  esp-idf/cxx/libcxx.a  esp-idf/esp_common/libesp_common.a  esp-idf/esp_timer/libesp_timer.a  esp-idf/esp_event/libesp_event.a  esp-idf/nvs_flash/libnvs_flash.a  esp-idf/esp_phy/libesp_phy.a  esp-idf/vfs/libvfs.a  esp-idf/lwip/liblwip.a  esp-idf/esp_netif/libesp_netif.a  esp-idf/wpa_supplicant/libwpa_supplicant.a  esp-idf/esp_wifi/libesp_wifi.a  esp-idf/http_parser/libhttp_parser.a  esp-idf/esp-tls/libesp-tls.a  esp-idf/esp_eth/libesp_eth.a  esp-idf/esp_gdbstub/libesp_gdbstub.a  esp-idf/tcp_transport/libtcp_transport.a  esp-idf/esp_http_client/libesp_http_client.a  esp-idf/esp_http_server/libesp_http_server.a  esp-idf/esp_https_ota/libesp_https_ota.a  esp-idf/sdmmc/libsdmmc.a  esp-idf/esp_serial_slave_link/libesp_serial_slave_link.a  esp-idf/ulp/libulp.a  esp-idf/mbedtls/mbedtls/library/libmbedtls.a  esp-idf/mbedtls/mbedtls/library/libmbedcrypto.a  esp-idf/mbedtls/mbedtls/library/libmbedx509.a  /home/artur/esp/esp-idf/components/esp_wifi/lib/esp32/libcoexist.a  /home/artur/esp/esp-idf/components/esp_wifi/lib/esp32/libcore.a  /home/artur/esp/esp-idf/components/esp_wifi/lib/esp32/libespnow.a  /home/artur/esp/esp-idf/components/esp_wifi/lib/esp32/libmesh.a  /home/artur/esp/esp-idf/components/esp_wifi/lib/esp32/libnet80211.a  /home/artur/esp/esp-idf/components/esp_wifi/lib/esp32/libpp.a  /home/artur/esp/esp-idf/components/esp_wifi/lib/esp32/libsmartconfig.a  /home/artur/esp/esp-idf/components/esp_wifi/lib/esp32/libwapi.a  esp-idf/xtensa/libxtensa.a  esp-idf/esp_ringbuf/libesp_ringbuf.a  esp-idf/efuse/libefuse.a  esp-idf/esp_adc/libesp_adc.a  esp-idf/driver/libdriver.a  esp-idf/esp_pm/libesp_pm.a  esp-idf/mbedtls/libmbedtls.a  esp-idf/app_update/libapp_update.a  esp-idf/bootloader_support/libbootloader_support.a  esp-idf/spi_flash/libspi_flash.a  esp-idf/pthread/libpthread.a  esp-idf/esp_system/libesp_system.a  esp-idf/esp_rom/libesp_rom.a  esp-idf/hal/libhal.a  esp-idf/log/liblog.a  esp-idf/heap/libheap.a  esp-idf/soc/libsoc.a  esp-idf/esp_hw_support/libesp_hw_support.a  esp-idf/freertos/libfreertos.a  esp-idf/newlib/libnewlib.a  esp-idf/cxx/libcxx.a  esp-idf/esp_common/libesp_common.a  esp-idf/esp_timer/libesp_timer.a  esp-idf/esp_event/libesp_event.a  esp-idf/nvs_flash/libnvs_flash.a  esp-idf/esp_phy/libesp_phy.a  esp-idf/vfs/libvfs.a  esp-idf/lwip/liblwip.a  esp-idf/esp_netif/libesp_netif.a  esp-idf/wpa_supplicant/libwpa_supplicant.a  esp-idf/esp_wifi/libesp_wifi.a  esp-idf/http_parser/libhttp_parser.a  esp-idf/esp-tls/libesp-tls.a  esp-idf/esp_eth/libesp_eth.a  esp-idf/esp_gdbstub/libesp_gdbstub.a  esp-idf/tcp_transport/libtcp_transport.a  esp-idf/esp_http_client/libesp_http_client.a  esp-idf/esp_http_server/libesp_http_server.a  esp-idf/esp_https_ota/libesp_https_ota.a  esp-idf/sdmmc/libsdmmc.a  esp-idf/esp_serial_slave_link/libesp_serial_slave_link.a  esp-idf/ulp/libulp.a  esp-idf/mbedtls/mbedtls/library/libmbedtls.a  esp-idf/mbedtls/mbedtls/library/libmbedcrypto.a  esp-idf/mbedtls/mbedtls/library/libmbedx509.a  /home/artur/esp/esp-idf/components/esp_wifi/lib/esp32/libcoexist.a  /home/artur/esp/esp-idf/components/esp_wifi/lib/esp32/libcore.a  /home/artur/esp/esp-idf/components/esp_wifi/lib/esp32/libespnow.a  /home/artur/esp/esp-idf/components/esp_wifi/lib/esp32/libmesh.a  /home/artur/esp/esp-idf/components/esp_wifi/lib/esp32/libnet80211.a  /home/artur/esp/esp-idf/components/esp_wifi/lib/esp32/libpp.a  /home/artur/esp/esp-idf/components/esp_wifi/lib/esp32/libsmartconfig.a  /home/artur/esp/esp-idf/components/esp_wifi/lib/esp32/libwapi.a  esp-idf/xtensa/libxtensa.a  esp-idf/esp_ringbuf/libesp_ringbuf.a  esp-idf/efuse/libefuse.a  esp-idf/esp_adc/libesp_adc.a  esp-idf/driver/libdriver.a  esp-idf/esp_pm/libesp_pm.a  esp-idf/mbedtls/libmbedtls.a  esp-idf/app_update/libapp_update.a  esp-idf/bootloader_support/libbootloader_support.a  esp-idf/spi_flash/libspi_flash.a  esp-idf/pthread/libpthread.a  esp-idf/esp_system/libesp_system.a  esp-idf/esp_rom/libesp_rom.a  esp-idf/hal/libhal.a  esp-idf/log/liblog.a  esp-idf/heap/libheap.a  esp-idf/soc/libsoc.a  esp-idf/esp_hw_support/libesp_hw_support.a  esp-idf/freertos/libfreertos.a  esp-idf/newlib/libnewlib.a  esp-idf/cxx/libcxx.a  esp-idf/esp_common/libesp_common.a  esp-idf/esp_timer/libesp_timer.a  esp-idf/esp_event/libesp_event.a  esp-idf/nvs_flash/libnvs_flash.a  esp-idf/esp_phy/libesp_phy.a  esp-idf/vfs/libvfs.a  esp-idf/lwip/liblwip.a  esp-idf/esp_netif/libesp_netif.a  esp-idf/wpa_supplicant/libwpa_supplicant.a  esp-idf/esp_wifi/libesp_wifi.a  esp-idf/http_parser/libhttp_parser.a  esp-idf/esp-tls/libesp-tls.a  esp-idf/esp_eth/libesp_eth.a  esp-idf/esp_gdbstub/libesp_gdbstub.a  esp-idf/tcp_transport/libtcp_transport.a  esp-idf/esp_http_client/libesp_http_client.a  esp-idf/esp_http_server/libesp_http_server.a  esp-idf/esp_https_ota/libesp_https_ota.a  esp-idf/sdmmc/libsdmmc.a  esp-idf/esp_serial_slave_link/libesp_serial_slave_link.a  esp-idf/ulp/libulp.a  esp-idf/mbedtls/mbedtls/library/libmbedtls.a  esp-idf/mbedtls/mbedtls/library/libmbedcrypto.a  esp-idf/mbedtls/mbedtls/library/libmbedx509.a  /home/artur/esp/esp-idf/components/esp_wifi/lib/esp32/libcoexist.a  /home/artur/esp/esp-idf/components/esp_wifi/lib/esp32/libcore.a  /home/artur/esp/esp-idf/components/esp_wifi/lib/esp32/libespnow.a  /home/artur/esp/esp-idf/components/esp_wifi/lib/esp32/libmesh.a  /home/artur/esp/esp-idf/components/esp_wifi/lib/esp32/libnet80211.a  /home/artur/esp/esp-idf/components/esp_wifi/lib/esp32/libpp.a  /home/artur/esp/esp-idf/components/esp_wifi/lib/esp32/libsmartconfig.a  /home/artur/esp/esp-idf/components/esp_wifi/lib/esp32/libwapi.a  esp-idf/xtensa/libxtensa.a  esp-idf/esp_ringbuf/libesp_ringbuf.a  esp-idf/efuse/libefuse.a  esp-idf/esp_adc/libesp_adc.a  esp-idf/driver/libdriver.a  esp-idf/esp_pm/libesp_pm.a  esp-idf/mbedtls/libmbedtls.a  esp-idf/app_update/libapp_update.a  esp-idf/bootloader_support/libbootloader_support.a  esp-idf/spi_flash/libspi_flash.a  esp-idf/pthread/libpthread.a  esp-idf/esp_system/libesp_system.a  esp-idf/esp_rom/libesp_rom.a  esp-idf/hal/libhal.a  esp-idf/log/liblog.a  esp-idf/heap/libheap.a  esp-idf/soc/libsoc.a  esp-idf/esp_hw_support/libesp_hw_support.a  esp-idf/freertos/libfreertos.a  esp-idf/newlib/libnewlib.a  esp-idf/cxx/libcxx.a  esp-idf/esp_common/libesp_common.a  esp-idf/esp_timer/libesp_timer.a  esp-idf/esp_event/libesp_event.a  esp-idf/nvs_flash/libnvs_flash.a  esp-idf/esp_phy/libesp_phy.a  esp-idf/vfs/libvfs.a  esp-idf/lwip/liblwip.a  esp-idf/esp_netif/libesp_netif.a  esp-idf/wpa_supplicant/libwpa_supplicant.a  esp-idf/esp_wifi/libesp_wifi.a  esp-idf/http_parser/libhttp_parser.a  esp-idf/esp-tls/libesp-tls.a  esp-idf/esp_eth/libesp_eth.a  esp-idf/esp_gdbstub/libesp_gdbstub.a  esp-idf/tcp_transport/libtcp_transport.a  esp-idf/esp_http_client/libesp_http_client.a  esp-idf/esp_http_server/libesp_http_server.a  esp-idf/esp_https_ota/libesp_https_ota.a  esp-idf/sdmmc/libsdmmc.a  esp-idf/esp_serial_slave_link/libesp_serial_slave_link.a  esp-idf/ulp/libulp.a  esp-idf/mbedtls/mbedtls/library/libmbedtls.a  esp-idf/mbedtls/mbedtls/library/libmbedcrypto.a  esp-idf/mbedtls/mbedtls/library/libmbedx509.a  /home/artur/esp/esp-idf/components/esp_wifi/lib/esp32/libcoexist.a  /home/artur/esp/esp-idf/components/esp_wifi/lib/esp32/libcore.a  /home/artur/esp/esp-idf/components/esp_wifi/lib/esp32/libespnow.a  /home/artur/esp/esp-idf/components/esp_wifi/lib/esp32/libmesh.a  /home/artur/esp/esp-idf/components/esp_wifi/lib/esp32/libnet80211.a  /home/artur/esp/esp-idf/components/esp_wifi/lib/esp32/libpp.a  /home/artur/esp/esp-idf/components/esp_wifi/lib/esp32/libsmartconfig.a  /home/artur/esp/esp-idf/components/esp_wifi/lib/esp32/libwapi.a  /home/artur/esp/esp-idf/components/xtensa/esp32/libxt_hal.a  -u esp_app_desc  -u pthread_include_pthread_impl  -u pthread_include_pthread_cond_impl  -u pthread_include_pthread_local_storage_impl  -u pthread_include_pthread_rwlock_impl  -u ld_include_highint_hdl  -u start_app  -u start_app_other_cores  -L "/home/artur/projects/personal/kairos/build/esp-idf/esp_system/ld"  -T memory.ld  -T sections.ld  -u __ubsan_include  -L "/home/artur/esp/esp-idf/components/esp_rom/esp32/ld"  -T esp32.rom.ld  -T esp32.rom.api.ld  -T esp32.rom.libgcc.ld  -T esp32.rom.newlib-data.ld  -T esp32.rom.syscalls.ld  -T esp32.rom.newlib-funcs.ld  -Wl,--wrap=longjmp  -u __assert_func  -u esp_dport_access_reg_read  -L "/home/artur/esp/esp-idf/components/soc/esp32/ld"  -T esp32.peripherals.ld  -Wl,--undefined=uxTopUsedPriority  -Wl,--undefined=FreeRTOS_openocd_params  -u app_main  -lc  -lm  esp-idf/newlib/libnewlib.a  -u newlib_include_heap_impl  -u newlib_include_syscalls_impl  -u newlib_include_pthread_impl  -u newlib_include_assert_impl  -Wl,--wrap=_Unwind_SetEnableExceptionFdeSorting  -Wl,--wrap=__register_frame_info_bases  -Wl,--wrap=__register_frame_info  -Wl,--wrap=__register_frame  -Wl,--wrap=__register_frame_info_table_bases  -Wl,--wrap=__register_frame_info_table  -Wl,--wrap=__register_frame_table  -Wl,--wrap=__deregister_frame_info_bases  -Wl,--wrap=__deregister_frame_info  -Wl,--wrap=_Unwind_Find_FDE  -Wl,--wrap=_Unwind_GetGR  -Wl,--wrap=_Unwind_GetCFA  -Wl,--wrap=_Unwind_GetIP  -Wl,--wrap=_Unwind_GetIPInfo  -Wl,--wrap=_Unwind_GetRegionStart  -Wl,--wrap=_Unwind_GetDataRelBase  -Wl,--wrap=_Unwind_GetTextRelBase  -Wl,--wrap=_Unwind_SetIP  -Wl,--wrap=_Unwind_SetGR  -Wl,--wrap=_Unwind_GetLanguageSpecificData  -Wl,--wrap=_Unwind_FindEnclosingFunction  -Wl,--wrap=_Unwind_Resume  -Wl,--wrap=_Unwind_RaiseException  -Wl,--wrap=_Unwind_DeleteException  -Wl,--wrap=_Unwind_ForcedUnwind  -Wl,--wrap=_Unwind_Resume_or_Rethrow  -Wl,--wrap=_Unwind_Backtrace  -Wl,--wrap=__cxa_call_unexpected  -Wl,--wrap=__gxx_personality_v0  -u __cxa_guard_dummy  -lstdc++  esp-idf/pthread/libpthread.a  -lgcc  esp-idf/cxx/libcxx.a  -u __cxx_fatal_exception  -L "/home/artur/esp/esp-idf/components/esp_phy/lib/esp32"  -u include_esp_phy_override  -lphy  -lrtc  esp-idf/esp_phy/libesp_phy.a  -lphy  -lrtc  esp-idf/esp_phy/libesp_phy.a  -lphy  -lrtc  -u vfs_include_syscalls_impl  -L "/home/artur/esp/esp-idf/components/esp_wifi/lib/esp32" && :
/home/artur/.espressif/tools/xtensa-esp32-elf/esp-2022r1-RC1-11.2.0/xtensa-esp32-elf/bin/../lib/gcc/xtensa-esp32-elf/11.2.0/../../../../xtensa-esp32-elf/bin/ld: esp-idf/core/libcore.a(test_display.c.obj):/home/artur/projects/personal/kairos/components/core/def/demo.h:895: multiple definition of `gImage_1'; esp-idf/main/libmain.a(main.c.obj):/home/artur/projects/personal/kairos/components/core/def/demo.h:895: first defined here
/home/artur/.espressif/tools/xtensa-esp32-elf/esp-2022r1-RC1-11.2.0/xtensa-esp32-elf/bin/../lib/gcc/xtensa-esp32-elf/11.2.0/../../../../xtensa-esp32-elf/bin/ld: esp-idf/core/libcore.a(test_display.c.obj):/home/artur/projects/personal/kairos/components/core/def/demo.h:576: multiple definition of `gImage_basemap'; esp-idf/main/libmain.a(main.c.obj):/home/artur/projects/personal/kairos/components/core/def/demo.h:576: first defined here
/home/artur/.espressif/tools/xtensa-esp32-elf/esp-2022r1-RC1-11.2.0/xtensa-esp32-elf/bin/../lib/gcc/xtensa-esp32-elf/11.2.0/../../../../xtensa-esp32-elf/bin/ld: esp-idf/core/libcore.a(test_display.c.obj):/home/artur/projects/personal/kairos/components/core/def/demo.h:3: multiple definition of `gImage_num1'; esp-idf/main/libmain.a(main.c.obj):/home/artur/projects/personal/kairos/components/core/def/demo.h:3: first defined here
/home/artur/.espressif/tools/xtensa-esp32-elf/esp-2022r1-RC1-11.2.0/xtensa-esp32-elf/bin/../lib/gcc/xtensa-esp32-elf/11.2.0/../../../../xtensa-esp32-elf/bin/ld: esp-idf/core/libcore.a(test_display.c.obj):/home/artur/projects/personal/kairos/components/core/def/demo.h:14: multiple definition of `gImage_num2'; esp-idf/main/libmain.a(main.c.obj):/home/artur/projects/personal/kairos/components/core/def/demo.h:14: first defined here
/home/artur/.espressif/tools/xtensa-esp32-elf/esp-2022r1-RC1-11.2.0/xtensa-esp32-elf/bin/../lib/gcc/xtensa-esp32-elf/11.2.0/../../../../xtensa-esp32-elf/bin/ld: esp-idf/core/libcore.a(test_display.c.obj):/home/artur/projects/personal/kairos/components/core/def/demo.h:24: multiple definition of `gImage_num3'; esp-idf/main/libmain.a(main.c.obj):/home/artur/projects/personal/kairos/components/core/def/demo.h:24: first defined here
/home/artur/.espressif/tools/xtensa-esp32-elf/esp-2022r1-RC1-11.2.0/xtensa-esp32-elf/bin/../lib/gcc/xtensa-esp32-elf/11.2.0/../../../../xtensa-esp32-elf/bin/ld: esp-idf/core/libcore.a(test_display.c.obj):/home/artur/projects/personal/kairos/components/core/def/demo.h:34: multiple definition of `gImage_num4'; esp-idf/main/libmain.a(main.c.obj):/home/artur/projects/personal/kairos/components/core/def/demo.h:34: first defined here
/home/artur/.espressif/tools/xtensa-esp32-elf/esp-2022r1-RC1-11.2.0/xtensa-esp32-elf/bin/../lib/gcc/xtensa-esp32-elf/11.2.0/../../../../xtensa-esp32-elf/bin/ld: esp-idf/core/libcore.a(test_display.c.obj):/home/artur/projects/personal/kairos/components/core/def/demo.h:45: multiple definition of `gImage_num5'; esp-idf/main/libmain.a(main.c.obj):/home/artur/projects/personal/kairos/components/core/def/demo.h:45: first defined here
/home/artur/.espressif/tools/xtensa-esp32-elf/esp-2022r1-RC1-11.2.0/xtensa-esp32-elf/bin/../lib/gcc/xtensa-esp32-elf/11.2.0/../../../../xtensa-esp32-elf/bin/ld: esp-idf/core/libcore.a(test_display.c.obj):/home/artur/projects/personal/kairos/components/core/def/demo.h:55: multiple definition of `gImage_num6'; esp-idf/main/libmain.a(main.c.obj):/home/artur/projects/personal/kairos/components/core/def/demo.h:55: first defined here
/home/artur/.espressif/tools/xtensa-esp32-elf/esp-2022r1-RC1-11.2.0/xtensa-esp32-elf/bin/../lib/gcc/xtensa-esp32-elf/11.2.0/../../../../xtensa-esp32-elf/bin/ld: esp-idf/core/libcore.a(test_display.c.obj):/home/artur/projects/personal/kairos/components/core/def/demo.h:65: multiple definition of `gImage_num7'; esp-idf/main/libmain.a(main.c.obj):/home/artur/projects/personal/kairos/components/core/def/demo.h:65: first defined here
/home/artur/.espressif/tools/xtensa-esp32-elf/esp-2022r1-RC1-11.2.0/xtensa-esp32-elf/bin/../lib/gcc/xtensa-esp32-elf/11.2.0/../../../../xtensa-esp32-elf/bin/ld: esp-idf/core/libcore.a(test_display.c.obj):/home/artur/projects/personal/kairos/components/core/def/demo.h:75: multiple definition of `gImage_num8'; esp-idf/main/libmain.a(main.c.obj):/home/artur/projects/personal/kairos/components/core/def/demo.h:75: first defined here
/home/artur/.espressif/tools/xtensa-esp32-elf/esp-2022r1-RC1-11.2.0/xtensa-esp32-elf/bin/../lib/gcc/xtensa-esp32-elf/11.2.0/../../../../xtensa-esp32-elf/bin/ld: esp-idf/core/libcore.a(test_display.c.obj):/home/artur/projects/personal/kairos/components/core/def/demo.h:85: multiple definition of `gImage_num9'; esp-idf/main/libmain.a(main.c.obj):/home/artur/projects/personal/kairos/components/core/def/demo.h:85: first defined here
/home/artur/.espressif/tools/xtensa-esp32-elf/esp-2022r1-RC1-11.2.0/xtensa-esp32-elf/bin/../lib/gcc/xtensa-esp32-elf/11.2.0/../../../../xtensa-esp32-elf/bin/ld: esp-idf/core/libcore.a(test_display.c.obj):/home/artur/projects/personal/kairos/components/core/def/demo.h:1524: multiple definition of `gImage_6'; esp-idf/main/libmain.a(main.c.obj):/home/artur/projects/personal/kairos/components/core/def/demo.h:1524: first defined here
/home/artur/.espressif/tools/xtensa-esp32-elf/esp-2022r1-RC1-11.2.0/xtensa-esp32-elf/bin/../lib/gcc/xtensa-esp32-elf/11.2.0/../../../../xtensa-esp32-elf/bin/ld: esp-idf/core/libcore.a(test_display.c.obj):/home/artur/projects/personal/kairos/components/core/def/demo.h:1209: multiple definition of `gImage_2'; esp-idf/main/libmain.a(main.c.obj):/home/artur/projects/personal/kairos/components/core/def/demo.h:1209: first defined here
/home/artur/.espressif/tools/xtensa-esp32-elf/esp-2022r1-RC1-11.2.0/xtensa-esp32-elf/bin/../lib/gcc/xtensa-esp32-elf/11.2.0/../../../../xtensa-esp32-elf/bin/ld: esp-idf/core/libcore.a(test_display.c.obj):/home/artur/projects/personal/kairos/components/core/def/demo.h:324: multiple definition of `gImage_logo'; esp-idf/main/libmain.a(main.c.obj):/home/artur/projects/personal/kairos/components/core/def/demo.h:324: first defined here
/home/artur/.espressif/tools/xtensa-esp32-elf/esp-2022r1-RC1-11.2.0/xtensa-esp32-elf/bin/../lib/gcc/xtensa-esp32-elf/11.2.0/../../../../xtensa-esp32-elf/bin/ld: esp-idf/core/libcore.a(test_display.c.obj):/home/artur/projects/personal/kairos/components/core/def/demo.h:305: multiple definition of `gImage_white'; esp-idf/main/libmain.a(main.c.obj):/home/artur/projects/personal/kairos/components/core/def/demo.h:305: first defined here
/home/artur/.espressif/tools/xtensa-esp32-elf/esp-2022r1-RC1-11.2.0/xtensa-esp32-elf/bin/../lib/gcc/xtensa-esp32-elf/11.2.0/../../../../xtensa-esp32-elf/bin/ld: esp-idf/core/libcore.a(test_display.c.obj):/home/artur/projects/personal/kairos/components/core/def/demo.h:287: multiple definition of `gImage_numdot'; esp-idf/main/libmain.a(main.c.obj):/home/artur/projects/personal/kairos/components/core/def/demo.h:287: first defined here
/home/artur/.espressif/tools/xtensa-esp32-elf/esp-2022r1-RC1-11.2.0/xtensa-esp32-elf/bin/../lib/gcc/xtensa-esp32-elf/11.2.0/../../../../xtensa-esp32-elf/bin/ld: esp-idf/core/libcore.a(test_display.c.obj):/home/artur/projects/personal/kairos/components/core/def/demo.h:95: multiple definition of `Num'; esp-idf/main/libmain.a(main.c.obj):/home/artur/projects/personal/kairos/components/core/def/demo.h:95: first defined here
collect2: error: ld returned 1 exit status
ninja: build stopped: subcommand failed.
