[0/1] Re-running CMake...
-- Building ESP-IDF components for target esp32
-- Project sdkconfig file /home/artur/projects/personal/kairos/sdkconfig
-- App "kairos" version: 3a0d8e0-dirty
-- Adding linker script /home/artur/projects/personal/kairos/build/esp-idf/esp_system/ld/memory.ld
-- Adding linker script /home/artur/esp/esp-idf/components/esp_system/ld/esp32/sections.ld.in
-- Adding linker script /home/artur/esp/esp-idf/components/esp_rom/esp32/ld/esp32.rom.ld
-- Adding linker script /home/artur/esp/esp-idf/components/esp_rom/esp32/ld/esp32.rom.api.ld
-- Adding linker script /home/artur/esp/esp-idf/components/esp_rom/esp32/ld/esp32.rom.libgcc.ld
-- Adding linker script /home/artur/esp/esp-idf/components/esp_rom/esp32/ld/esp32.rom.newlib-data.ld
-- Adding linker script /home/artur/esp/esp-idf/components/esp_rom/esp32/ld/esp32.rom.syscalls.ld
-- Adding linker script /home/artur/esp/esp-idf/components/esp_rom/esp32/ld/esp32.rom.newlib-funcs.ld
-- Adding linker script /home/artur/esp/esp-idf/components/soc/esp32/ld/esp32.peripherals.ld
-- Components: app_trace app_update bootloader bootloader_support bt cmock console core cxx driver efuse esp-tls esp_adc esp_common esp_eth esp_event esp_gdbstub esp_hid esp_http_client esp_http_server esp_https_ota esp_https_server esp_hw_support esp_lcd esp_local_ctrl esp_netif esp_phy esp_pm esp_psram esp_ringbuf esp_rom esp_serial_slave_link esp_system esp_timer esp_wifi espcoredump esptool_py fatfs freertos hal heap http_parser idf_test ieee802154 json log lwip main mbedtls mqtt newlib nvs_flash openthread partition_table perfmon protobuf-c protocomm pthread sdmmc soc spi_flash spiffs tcp_transport tinyusb ulp unity usb vfs wear_levelling wifi_provisioning wpa_supplicant xtensa
-- Component paths: /home/artur/esp/esp-idf/components/app_trace /home/artur/esp/esp-idf/components/app_update /home/artur/esp/esp-idf/components/bootloader /home/artur/esp/esp-idf/components/bootloader_support /home/artur/esp/esp-idf/components/bt /home/artur/esp/esp-idf/components/cmock /home/artur/esp/esp-idf/components/console /home/artur/projects/personal/kairos/components/core /home/artur/esp/esp-idf/components/cxx /home/artur/esp/esp-idf/components/driver /home/artur/esp/esp-idf/components/efuse /home/artur/esp/esp-idf/components/esp-tls /home/artur/esp/esp-idf/components/esp_adc /home/artur/esp/esp-idf/components/esp_common /home/artur/esp/esp-idf/components/esp_eth /home/artur/esp/esp-idf/components/esp_event /home/artur/esp/esp-idf/components/esp_gdbstub /home/artur/esp/esp-idf/components/esp_hid /home/artur/esp/esp-idf/components/esp_http_client /home/artur/esp/esp-idf/components/esp_http_server /home/artur/esp/esp-idf/components/esp_https_ota /home/artur/esp/esp-idf/components/esp_https_server /home/artur/esp/esp-idf/components/esp_hw_support /home/artur/esp/esp-idf/components/esp_lcd /home/artur/esp/esp-idf/components/esp_local_ctrl /home/artur/esp/esp-idf/components/esp_netif /home/artur/esp/esp-idf/components/esp_phy /home/artur/esp/esp-idf/components/esp_pm /home/artur/esp/esp-idf/components/esp_psram /home/artur/esp/esp-idf/components/esp_ringbuf /home/artur/esp/esp-idf/components/esp_rom /home/artur/esp/esp-idf/components/esp_serial_slave_link /home/artur/esp/esp-idf/components/esp_system /home/artur/esp/esp-idf/components/esp_timer /home/artur/esp/esp-idf/components/esp_wifi /home/artur/esp/esp-idf/components/espcoredump /home/artur/esp/esp-idf/components/esptool_py /home/artur/esp/esp-idf/components/fatfs /home/artur/esp/esp-idf/components/freertos /home/artur/esp/esp-idf/components/hal /home/artur/esp/esp-idf/components/heap /home/artur/esp/esp-idf/components/http_parser /home/artur/esp/esp-idf/components/idf_test /home/artur/esp/esp-idf/components/ieee802154 /home/artur/esp/esp-idf/components/json /home/artur/esp/esp-idf/components/log /home/artur/esp/esp-idf/components/lwip /home/artur/projects/personal/kairos/main /home/artur/esp/esp-idf/components/mbedtls /home/artur/esp/esp-idf/components/mqtt /home/artur/esp/esp-idf/components/newlib /home/artur/esp/esp-idf/components/nvs_flash /home/artur/esp/esp-idf/components/openthread /home/artur/esp/esp-idf/components/partition_table /home/artur/esp/esp-idf/components/perfmon /home/artur/esp/esp-idf/components/protobuf-c /home/artur/esp/esp-idf/components/protocomm /home/artur/esp/esp-idf/components/pthread /home/artur/esp/esp-idf/components/sdmmc /home/artur/esp/esp-idf/components/soc /home/artur/esp/esp-idf/components/spi_flash /home/artur/esp/esp-idf/components/spiffs /home/artur/esp/esp-idf/components/tcp_transport /home/artur/esp/esp-idf/components/tinyusb /home/artur/esp/esp-idf/components/ulp /home/artur/esp/esp-idf/components/unity /home/artur/esp/esp-idf/components/usb /home/artur/esp/esp-idf/components/vfs /home/artur/esp/esp-idf/components/wear_levelling /home/artur/esp/esp-idf/components/wifi_provisioning /home/artur/esp/esp-idf/components/wpa_supplicant /home/artur/esp/esp-idf/components/xtensa
-- Configuring done
-- Generating done
-- Build files have been written to: /home/artur/projects/personal/kairos/build
[1/20] Building C object esp-idf/core/CMakeFiles/__idf_core.dir/def/common.c.obj
FAILED: esp-idf/core/CMakeFiles/__idf_core.dir/def/common.c.obj 
/home/artur/.espressif/tools/xtensa-esp32-elf/esp-2022r1-RC1-11.2.0/xtensa-esp32-elf/bin/xtensa-esp32-elf-gcc  -I/home/artur/projects/personal/kairos/build/config -I/home/artur/projects/personal/kairos/components/core -I/home/artur/projects/personal/kairos/components/core/test -I/home/artur/projects/personal/kairos/components/core/drv/protocols -I/home/artur/projects/personal/kairos/components/core/drv/rtc -I/home/artur/projects/personal/kairos/components/core/drv/display -I/home/artur/projects/personal/kairos/components/core/hal/rtc -I/home/artur/projects/personal/kairos/components/core/hal/modules -I/home/artur/projects/personal/kairos/components/core/lib/system -I/home/artur/esp/esp-idf/components/newlib/platform_include -I/home/artur/esp/esp-idf/components/freertos/FreeRTOS-Kernel/include -I/home/artur/esp/esp-idf/components/freertos/esp_additions/include/freertos -I/home/artur/esp/esp-idf/components/freertos/FreeRTOS-Kernel/portable/xtensa/include -I/home/artur/esp/esp-idf/components/freertos/esp_additions/include -I/home/artur/esp/esp-idf/components/esp_hw_support/include -I/home/artur/esp/esp-idf/components/esp_hw_support/include/soc -I/home/artur/esp/esp-idf/components/esp_hw_support/include/soc/esp32 -I/home/artur/esp/esp-idf/components/esp_hw_support/port/esp32/. -I/home/artur/esp/esp-idf/components/esp_hw_support/port/esp32/private_include -I/home/artur/esp/esp-idf/components/heap/include -I/home/artur/esp/esp-idf/components/log/include -I/home/artur/esp/esp-idf/components/soc/include -I/home/artur/esp/esp-idf/components/soc/esp32/. -I/home/artur/esp/esp-idf/components/soc/esp32/include -I/home/artur/esp/esp-idf/components/hal/esp32/include -I/home/artur/esp/esp-idf/components/hal/include -I/home/artur/esp/esp-idf/components/hal/platform_port/include -I/home/artur/esp/esp-idf/components/esp_rom/include -I/home/artur/esp/esp-idf/components/esp_rom/include/esp32 -I/home/artur/esp/esp-idf/components/esp_rom/esp32 -I/home/artur/esp/esp-idf/components/esp_common/include -I/home/artur/esp/esp-idf/components/esp_system/include -I/home/artur/esp/esp-idf/components/esp_system/port/soc -I/home/artur/esp/esp-idf/components/esp_system/port/include/private -I/home/artur/esp/esp-idf/components/xtensa/include -I/home/artur/esp/esp-idf/components/xtensa/esp32/include -I/home/artur/esp/esp-idf/components/lwip/include -I/home/artur/esp/esp-idf/components/lwip/include/apps -I/home/artur/esp/esp-idf/components/lwip/include/apps/sntp -I/home/artur/esp/esp-idf/components/lwip/lwip/src/include -I/home/artur/esp/esp-idf/components/lwip/port/esp32/include -I/home/artur/esp/esp-idf/components/lwip/port/esp32/include/arch -I/home/artur/esp/esp-idf/components/driver/include -I/home/artur/esp/esp-idf/components/driver/deprecated -I/home/artur/esp/esp-idf/components/driver/esp32/include -I/home/artur/esp/esp-idf/components/esp_pm/include -I/home/artur/esp/esp-idf/components/esp_ringbuf/include -I/home/artur/esp/esp-idf/components/nvs_flash/include -I/home/artur/esp/esp-idf/components/spi_flash/include -I/home/artur/esp/esp-idf/components/esp_netif/include -I/home/artur/esp/esp-idf/components/esp_event/include -mlongcalls -Wno-frame-address  -ffunction-sections -fdata-sections -Wall -Werror=all -Wno-error=unused-function -Wno-error=unused-variable -Wno-error=deprecated-declarations -Wextra -Wno-unused-parameter -Wno-sign-compare -Wno-error=format= -Wno-format -Wno-enum-conversion -gdwarf-4 -ggdb -Og -fmacro-prefix-map=/home/artur/projects/personal/kairos=. -fmacro-prefix-map=/home/artur/esp/esp-idf=/IDF -fstrict-volatile-bitfields -Wno-error=unused-but-set-variable -fno-jump-tables -fno-tree-switch-conversion -DconfigENABLE_FREERTOS_DEBUG_OCDAWARE=1 -std=gnu17 -Wno-old-style-declaration -D_GNU_SOURCE -DIDF_VER=\"v5.0-dev-4547-gfde4afc67a\" -DESP_PLATFORM -D_POSIX_READER_WRITER_LOCKS -MD -MT esp-idf/core/CMakeFiles/__idf_core.dir/def/common.c.obj -MF esp-idf/core/CMakeFiles/__idf_core.dir/def/common.c.obj.d -o esp-idf/core/CMakeFiles/__idf_core.dir/def/common.c.obj -c /home/artur/projects/personal/kairos/components/core/def/common.c
/home/artur/projects/personal/kairos/components/core/def/common.c:4:1: warning: ignoring attribute 'section (".iram1.5")' because it conflicts with previous 'section (".iram1.2")' [-Wattributes]
    4 | {
      | ^
In file included from /home/artur/projects/personal/kairos/components/core/def/common.c:1:
/home/artur/projects/personal/kairos/components/core/def/common.h:34:25: note: previous declaration here
   34 | unsigned long IRAM_ATTR micros();
      |                         ^~~~~~
/home/artur/projects/personal/kairos/components/core/def/common.c: In function 'micros':
/home/artur/projects/personal/kairos/components/core/def/common.c:5:29: error: implicit declaration of function 'esp_timer_get_time' [-Werror=implicit-function-declaration]
    5 |     return (unsigned long) (esp_timer_get_time());
      |                             ^~~~~~~~~~~~~~~~~~
/home/artur/projects/personal/kairos/components/core/def/common.c: At top level:
/home/artur/projects/personal/kairos/components/core/def/common.c:9:1: warning: ignoring attribute 'section (".iram1.6")' because it conflicts with previous 'section (".iram1.3")' [-Wattributes]
    9 | {
      | ^
In file included from /home/artur/projects/personal/kairos/components/core/def/common.c:1:
/home/artur/projects/personal/kairos/components/core/def/common.h:36:16: note: previous declaration here
   36 | void IRAM_ATTR delay_us(uint32_t us);
      |                ^~~~~~~~
/home/artur/projects/personal/kairos/components/core/def/common.c:29:1: warning: ignoring attribute 'section (".iram1.7")' because it conflicts with previous 'section (".iram1.4")' [-Wattributes]
   29 | {
      | ^
In file included from /home/artur/projects/personal/kairos/components/core/def/common.c:1:
/home/artur/projects/personal/kairos/components/core/def/common.h:38:16: note: previous declaration here
   38 | void IRAM_ATTR delay_ms(uint32_t delay);
      |                ^~~~~~~~
cc1: some warnings being treated as errors
[2/20] Building C object esp-idf/core/CMakeFiles/__idf_core.dir/hal/modules/modules.c.obj
In file included from /home/artur/projects/personal/kairos/components/core/drv/protocols/i2c.h:4,
                 from /home/artur/projects/personal/kairos/components/core/hal/modules/modules.h:6,
                 from /home/artur/projects/personal/kairos/components/core/hal/modules/modules.c:1:
/home/artur/projects/personal/kairos/components/core/def/common.h:34:1: warning: ignoring attribute 'section (".iram1.5")' because it conflicts with previous 'section (".iram1.2")' [-Wattributes]
   34 | unsigned long IRAM_ATTR micros();
      | ^~~~~~~~
In file included from /home/artur/projects/personal/kairos/components/core/hal/modules/modules.h:4,
                 from /home/artur/projects/personal/kairos/components/core/hal/modules/modules.c:1:
/home/artur/projects/personal/kairos/components/core/def/common.h:34:25: note: previous declaration here
   34 | unsigned long IRAM_ATTR micros();
      |                         ^~~~~~
In file included from /home/artur/projects/personal/kairos/components/core/drv/protocols/i2c.h:4,
                 from /home/artur/projects/personal/kairos/components/core/hal/modules/modules.h:6,
                 from /home/artur/projects/personal/kairos/components/core/hal/modules/modules.c:1:
/home/artur/projects/personal/kairos/components/core/def/common.h:36:1: warning: ignoring attribute 'section (".iram1.6")' because it conflicts with previous 'section (".iram1.3")' [-Wattributes]
   36 | void IRAM_ATTR delay_us(uint32_t us);
      | ^~~~
In file included from /home/artur/projects/personal/kairos/components/core/hal/modules/modules.h:4,
                 from /home/artur/projects/personal/kairos/components/core/hal/modules/modules.c:1:
/home/artur/projects/personal/kairos/components/core/def/common.h:36:16: note: previous declaration here
   36 | void IRAM_ATTR delay_us(uint32_t us);
      |                ^~~~~~~~
In file included from /home/artur/projects/personal/kairos/components/core/drv/protocols/i2c.h:4,
                 from /home/artur/projects/personal/kairos/components/core/hal/modules/modules.h:6,
                 from /home/artur/projects/personal/kairos/components/core/hal/modules/modules.c:1:
/home/artur/projects/personal/kairos/components/core/def/common.h:38:1: warning: ignoring attribute 'section (".iram1.7")' because it conflicts with previous 'section (".iram1.4")' [-Wattributes]
   38 | void IRAM_ATTR delay_ms(uint32_t delay);
      | ^~~~
In file included from /home/artur/projects/personal/kairos/components/core/hal/modules/modules.h:4,
                 from /home/artur/projects/personal/kairos/components/core/hal/modules/modules.c:1:
/home/artur/projects/personal/kairos/components/core/def/common.h:38:16: note: previous declaration here
   38 | void IRAM_ATTR delay_ms(uint32_t delay);
      |                ^~~~~~~~
In file included from /home/artur/projects/personal/kairos/components/core/hal/rtc/rtc.h:4,
                 from /home/artur/projects/personal/kairos/components/core/hal/modules/modules.h:7,
                 from /home/artur/projects/personal/kairos/components/core/hal/modules/modules.c:1:
/home/artur/projects/personal/kairos/components/core/def/common.h:34:1: warning: ignoring attribute 'section (".iram1.8")' because it conflicts with previous 'section (".iram1.2")' [-Wattributes]
   34 | unsigned long IRAM_ATTR micros();
      | ^~~~~~~~
In file included from /home/artur/projects/personal/kairos/components/core/drv/protocols/i2c.h:4,
                 from /home/artur/projects/personal/kairos/components/core/hal/modules/modules.h:6,
                 from /home/artur/projects/personal/kairos/components/core/hal/modules/modules.c:1:
/home/artur/projects/personal/kairos/components/core/def/common.h:34:25: note: previous declaration here
   34 | unsigned long IRAM_ATTR micros();
      |                         ^~~~~~
In file included from /home/artur/projects/personal/kairos/components/core/hal/rtc/rtc.h:4,
                 from /home/artur/projects/personal/kairos/components/core/hal/modules/modules.h:7,
                 from /home/artur/projects/personal/kairos/components/core/hal/modules/modules.c:1:
/home/artur/projects/personal/kairos/components/core/def/common.h:36:1: warning: ignoring attribute 'section (".iram1.9")' because it conflicts with previous 'section (".iram1.3")' [-Wattributes]
   36 | void IRAM_ATTR delay_us(uint32_t us);
      | ^~~~
In file included from /home/artur/projects/personal/kairos/components/core/drv/protocols/i2c.h:4,
                 from /home/artur/projects/personal/kairos/components/core/hal/modules/modules.h:6,
                 from /home/artur/projects/personal/kairos/components/core/hal/modules/modules.c:1:
/home/artur/projects/personal/kairos/components/core/def/common.h:36:16: note: previous declaration here
   36 | void IRAM_ATTR delay_us(uint32_t us);
      |                ^~~~~~~~
In file included from /home/artur/projects/personal/kairos/components/core/hal/rtc/rtc.h:4,
                 from /home/artur/projects/personal/kairos/components/core/hal/modules/modules.h:7,
                 from /home/artur/projects/personal/kairos/components/core/hal/modules/modules.c:1:
/home/artur/projects/personal/kairos/components/core/def/common.h:38:1: warning: ignoring attribute 'section (".iram1.10")' because it conflicts with previous 'section (".iram1.4")' [-Wattributes]
   38 | void IRAM_ATTR delay_ms(uint32_t delay);
      | ^~~~
In file included from /home/artur/projects/personal/kairos/components/core/drv/protocols/i2c.h:4,
                 from /home/artur/projects/personal/kairos/components/core/hal/modules/modules.h:6,
                 from /home/artur/projects/personal/kairos/components/core/hal/modules/modules.c:1:
/home/artur/projects/personal/kairos/components/core/def/common.h:38:16: note: previous declaration here
   38 | void IRAM_ATTR delay_ms(uint32_t delay);
      |                ^~~~~~~~
In file included from /home/artur/projects/personal/kairos/components/core/drv/rtc/pcf8563.h:10,
                 from /home/artur/projects/personal/kairos/components/core/hal/rtc/rtc.h:5,
                 from /home/artur/projects/personal/kairos/components/core/hal/modules/modules.h:7,
                 from /home/artur/projects/personal/kairos/components/core/hal/modules/modules.c:1:
/home/artur/projects/personal/kairos/components/core/def/common.h:34:1: warning: ignoring attribute 'section (".iram1.11")' because it conflicts with previous 'section (".iram1.2")' [-Wattributes]
   34 | unsigned long IRAM_ATTR micros();
      | ^~~~~~~~
In file included from /home/artur/projects/personal/kairos/components/core/hal/rtc/rtc.h:4,
                 from /home/artur/projects/personal/kairos/components/core/hal/modules/modules.h:7,
                 from /home/artur/projects/personal/kairos/components/core/hal/modules/modules.c:1:
/home/artur/projects/personal/kairos/components/core/def/common.h:34:25: note: previous declaration here
   34 | unsigned long IRAM_ATTR micros();
      |                         ^~~~~~
In file included from /home/artur/projects/personal/kairos/components/core/drv/rtc/pcf8563.h:10,
                 from /home/artur/projects/personal/kairos/components/core/hal/rtc/rtc.h:5,
                 from /home/artur/projects/personal/kairos/components/core/hal/modules/modules.h:7,
                 from /home/artur/projects/personal/kairos/components/core/hal/modules/modules.c:1:
/home/artur/projects/personal/kairos/components/core/def/common.h:36:1: warning: ignoring attribute 'section (".iram1.12")' because it conflicts with previous 'section (".iram1.3")' [-Wattributes]
   36 | void IRAM_ATTR delay_us(uint32_t us);
      | ^~~~
In file included from /home/artur/projects/personal/kairos/components/core/hal/rtc/rtc.h:4,
                 from /home/artur/projects/personal/kairos/components/core/hal/modules/modules.h:7,
                 from /home/artur/projects/personal/kairos/components/core/hal/modules/modules.c:1:
/home/artur/projects/personal/kairos/components/core/def/common.h:36:16: note: previous declaration here
   36 | void IRAM_ATTR delay_us(uint32_t us);
      |                ^~~~~~~~
In file included from /home/artur/projects/personal/kairos/components/core/drv/rtc/pcf8563.h:10,
                 from /home/artur/projects/personal/kairos/components/core/hal/rtc/rtc.h:5,
                 from /home/artur/projects/personal/kairos/components/core/hal/modules/modules.h:7,
                 from /home/artur/projects/personal/kairos/components/core/hal/modules/modules.c:1:
/home/artur/projects/personal/kairos/components/core/def/common.h:38:1: warning: ignoring attribute 'section (".iram1.13")' because it conflicts with previous 'section (".iram1.4")' [-Wattributes]
   38 | void IRAM_ATTR delay_ms(uint32_t delay);
      | ^~~~
In file included from /home/artur/projects/personal/kairos/components/core/hal/rtc/rtc.h:4,
                 from /home/artur/projects/personal/kairos/components/core/hal/modules/modules.h:7,
                 from /home/artur/projects/personal/kairos/components/core/hal/modules/modules.c:1:
/home/artur/projects/personal/kairos/components/core/def/common.h:38:16: note: previous declaration here
   38 | void IRAM_ATTR delay_ms(uint32_t delay);
      |                ^~~~~~~~
[3/20] Building C object esp-idf/core/CMakeFiles/__idf_core.dir/test/i2c_rtc.c.obj
In file included from /home/artur/projects/personal/kairos/components/core/drv/rtc/pcf8563.h:10,
                 from /home/artur/projects/personal/kairos/components/core/test/i2c_rtc.h:2,
                 from /home/artur/projects/personal/kairos/components/core/test/i2c_rtc.c:1:
/home/artur/projects/personal/kairos/components/core/def/common.h:34:1: warning: ignoring attribute 'section (".iram1.5")' because it conflicts with previous 'section (".iram1.2")' [-Wattributes]
   34 | unsigned long IRAM_ATTR micros();
      | ^~~~~~~~
In file included from /home/artur/projects/personal/kairos/components/core/test/i2c_rtc.h:1,
                 from /home/artur/projects/personal/kairos/components/core/test/i2c_rtc.c:1:
/home/artur/projects/personal/kairos/components/core/def/common.h:34:25: note: previous declaration here
   34 | unsigned long IRAM_ATTR micros();
      |                         ^~~~~~
In file included from /home/artur/projects/personal/kairos/components/core/drv/rtc/pcf8563.h:10,
                 from /home/artur/projects/personal/kairos/components/core/test/i2c_rtc.h:2,
                 from /home/artur/projects/personal/kairos/components/core/test/i2c_rtc.c:1:
/home/artur/projects/personal/kairos/components/core/def/common.h:36:1: warning: ignoring attribute 'section (".iram1.6")' because it conflicts with previous 'section (".iram1.3")' [-Wattributes]
   36 | void IRAM_ATTR delay_us(uint32_t us);
      | ^~~~
In file included from /home/artur/projects/personal/kairos/components/core/test/i2c_rtc.h:1,
                 from /home/artur/projects/personal/kairos/components/core/test/i2c_rtc.c:1:
/home/artur/projects/personal/kairos/components/core/def/common.h:36:16: note: previous declaration here
   36 | void IRAM_ATTR delay_us(uint32_t us);
      |                ^~~~~~~~
In file included from /home/artur/projects/personal/kairos/components/core/drv/rtc/pcf8563.h:10,
                 from /home/artur/projects/personal/kairos/components/core/test/i2c_rtc.h:2,
                 from /home/artur/projects/personal/kairos/components/core/test/i2c_rtc.c:1:
/home/artur/projects/personal/kairos/components/core/def/common.h:38:1: warning: ignoring attribute 'section (".iram1.7")' because it conflicts with previous 'section (".iram1.4")' [-Wattributes]
   38 | void IRAM_ATTR delay_ms(uint32_t delay);
      | ^~~~
In file included from /home/artur/projects/personal/kairos/components/core/test/i2c_rtc.h:1,
                 from /home/artur/projects/personal/kairos/components/core/test/i2c_rtc.c:1:
/home/artur/projects/personal/kairos/components/core/def/common.h:38:16: note: previous declaration here
   38 | void IRAM_ATTR delay_ms(uint32_t delay);
      |                ^~~~~~~~
In file included from /home/artur/projects/personal/kairos/components/core/drv/protocols/i2c.h:4,
                 from /home/artur/projects/personal/kairos/components/core/drv/rtc/pcf8563.h:11,
                 from /home/artur/projects/personal/kairos/components/core/test/i2c_rtc.h:2,
                 from /home/artur/projects/personal/kairos/components/core/test/i2c_rtc.c:1:
/home/artur/projects/personal/kairos/components/core/def/common.h:34:1: warning: ignoring attribute 'section (".iram1.8")' because it conflicts with previous 'section (".iram1.2")' [-Wattributes]
   34 | unsigned long IRAM_ATTR micros();
      | ^~~~~~~~
In file included from /home/artur/projects/personal/kairos/components/core/drv/rtc/pcf8563.h:10,
                 from /home/artur/projects/personal/kairos/components/core/test/i2c_rtc.h:2,
                 from /home/artur/projects/personal/kairos/components/core/test/i2c_rtc.c:1:
/home/artur/projects/personal/kairos/components/core/def/common.h:34:25: note: previous declaration here
   34 | unsigned long IRAM_ATTR micros();
      |                         ^~~~~~
In file included from /home/artur/projects/personal/kairos/components/core/drv/protocols/i2c.h:4,
                 from /home/artur/projects/personal/kairos/components/core/drv/rtc/pcf8563.h:11,
                 from /home/artur/projects/personal/kairos/components/core/test/i2c_rtc.h:2,
                 from /home/artur/projects/personal/kairos/components/core/test/i2c_rtc.c:1:
/home/artur/projects/personal/kairos/components/core/def/common.h:36:1: warning: ignoring attribute 'section (".iram1.9")' because it conflicts with previous 'section (".iram1.3")' [-Wattributes]
   36 | void IRAM_ATTR delay_us(uint32_t us);
      | ^~~~
In file included from /home/artur/projects/personal/kairos/components/core/drv/rtc/pcf8563.h:10,
                 from /home/artur/projects/personal/kairos/components/core/test/i2c_rtc.h:2,
                 from /home/artur/projects/personal/kairos/components/core/test/i2c_rtc.c:1:
/home/artur/projects/personal/kairos/components/core/def/common.h:36:16: note: previous declaration here
   36 | void IRAM_ATTR delay_us(uint32_t us);
      |                ^~~~~~~~
In file included from /home/artur/projects/personal/kairos/components/core/drv/protocols/i2c.h:4,
                 from /home/artur/projects/personal/kairos/components/core/drv/rtc/pcf8563.h:11,
                 from /home/artur/projects/personal/kairos/components/core/test/i2c_rtc.h:2,
                 from /home/artur/projects/personal/kairos/components/core/test/i2c_rtc.c:1:
/home/artur/projects/personal/kairos/components/core/def/common.h:38:1: warning: ignoring attribute 'section (".iram1.10")' because it conflicts with previous 'section (".iram1.4")' [-Wattributes]
   38 | void IRAM_ATTR delay_ms(uint32_t delay);
      | ^~~~
In file included from /home/artur/projects/personal/kairos/components/core/drv/rtc/pcf8563.h:10,
                 from /home/artur/projects/personal/kairos/components/core/test/i2c_rtc.h:2,
                 from /home/artur/projects/personal/kairos/components/core/test/i2c_rtc.c:1:
/home/artur/projects/personal/kairos/components/core/def/common.h:38:16: note: previous declaration here
   38 | void IRAM_ATTR delay_ms(uint32_t delay);
      |                ^~~~~~~~
[4/20] Building C object esp-idf/core/CMakeFiles/__idf_core.dir/drv/display/gdeh0154d67.c.obj
FAILED: esp-idf/core/CMakeFiles/__idf_core.dir/drv/display/gdeh0154d67.c.obj 
/home/artur/.espressif/tools/xtensa-esp32-elf/esp-2022r1-RC1-11.2.0/xtensa-esp32-elf/bin/xtensa-esp32-elf-gcc  -I/home/artur/projects/personal/kairos/build/config -I/home/artur/projects/personal/kairos/components/core -I/home/artur/projects/personal/kairos/components/core/test -I/home/artur/projects/personal/kairos/components/core/drv/protocols -I/home/artur/projects/personal/kairos/components/core/drv/rtc -I/home/artur/projects/personal/kairos/components/core/drv/display -I/home/artur/projects/personal/kairos/components/core/hal/rtc -I/home/artur/projects/personal/kairos/components/core/hal/modules -I/home/artur/projects/personal/kairos/components/core/lib/system -I/home/artur/esp/esp-idf/components/newlib/platform_include -I/home/artur/esp/esp-idf/components/freertos/FreeRTOS-Kernel/include -I/home/artur/esp/esp-idf/components/freertos/esp_additions/include/freertos -I/home/artur/esp/esp-idf/components/freertos/FreeRTOS-Kernel/portable/xtensa/include -I/home/artur/esp/esp-idf/components/freertos/esp_additions/include -I/home/artur/esp/esp-idf/components/esp_hw_support/include -I/home/artur/esp/esp-idf/components/esp_hw_support/include/soc -I/home/artur/esp/esp-idf/components/esp_hw_support/include/soc/esp32 -I/home/artur/esp/esp-idf/components/esp_hw_support/port/esp32/. -I/home/artur/esp/esp-idf/components/esp_hw_support/port/esp32/private_include -I/home/artur/esp/esp-idf/components/heap/include -I/home/artur/esp/esp-idf/components/log/include -I/home/artur/esp/esp-idf/components/soc/include -I/home/artur/esp/esp-idf/components/soc/esp32/. -I/home/artur/esp/esp-idf/components/soc/esp32/include -I/home/artur/esp/esp-idf/components/hal/esp32/include -I/home/artur/esp/esp-idf/components/hal/include -I/home/artur/esp/esp-idf/components/hal/platform_port/include -I/home/artur/esp/esp-idf/components/esp_rom/include -I/home/artur/esp/esp-idf/components/esp_rom/include/esp32 -I/home/artur/esp/esp-idf/components/esp_rom/esp32 -I/home/artur/esp/esp-idf/components/esp_common/include -I/home/artur/esp/esp-idf/components/esp_system/include -I/home/artur/esp/esp-idf/components/esp_system/port/soc -I/home/artur/esp/esp-idf/components/esp_system/port/include/private -I/home/artur/esp/esp-idf/components/xtensa/include -I/home/artur/esp/esp-idf/components/xtensa/esp32/include -I/home/artur/esp/esp-idf/components/lwip/include -I/home/artur/esp/esp-idf/components/lwip/include/apps -I/home/artur/esp/esp-idf/components/lwip/include/apps/sntp -I/home/artur/esp/esp-idf/components/lwip/lwip/src/include -I/home/artur/esp/esp-idf/components/lwip/port/esp32/include -I/home/artur/esp/esp-idf/components/lwip/port/esp32/include/arch -I/home/artur/esp/esp-idf/components/driver/include -I/home/artur/esp/esp-idf/components/driver/deprecated -I/home/artur/esp/esp-idf/components/driver/esp32/include -I/home/artur/esp/esp-idf/components/esp_pm/include -I/home/artur/esp/esp-idf/components/esp_ringbuf/include -I/home/artur/esp/esp-idf/components/nvs_flash/include -I/home/artur/esp/esp-idf/components/spi_flash/include -I/home/artur/esp/esp-idf/components/esp_netif/include -I/home/artur/esp/esp-idf/components/esp_event/include -mlongcalls -Wno-frame-address  -ffunction-sections -fdata-sections -Wall -Werror=all -Wno-error=unused-function -Wno-error=unused-variable -Wno-error=deprecated-declarations -Wextra -Wno-unused-parameter -Wno-sign-compare -Wno-error=format= -Wno-format -Wno-enum-conversion -gdwarf-4 -ggdb -Og -fmacro-prefix-map=/home/artur/projects/personal/kairos=. -fmacro-prefix-map=/home/artur/esp/esp-idf=/IDF -fstrict-volatile-bitfields -Wno-error=unused-but-set-variable -fno-jump-tables -fno-tree-switch-conversion -DconfigENABLE_FREERTOS_DEBUG_OCDAWARE=1 -std=gnu17 -Wno-old-style-declaration -D_GNU_SOURCE -DIDF_VER=\"v5.0-dev-4547-gfde4afc67a\" -DESP_PLATFORM -D_POSIX_READER_WRITER_LOCKS -MD -MT esp-idf/core/CMakeFiles/__idf_core.dir/drv/display/gdeh0154d67.c.obj -MF esp-idf/core/CMakeFiles/__idf_core.dir/drv/display/gdeh0154d67.c.obj.d -o esp-idf/core/CMakeFiles/__idf_core.dir/drv/display/gdeh0154d67.c.obj -c /home/artur/projects/personal/kairos/components/core/drv/display/gdeh0154d67.c
/home/artur/projects/personal/kairos/components/core/drv/display/gdeh0154d67.c: In function 'display_init':
/home/artur/projects/personal/kairos/components/core/drv/display/gdeh0154d67.c:275:5: error: implicit declaration of function 'gpio_pad_select_gpio'; did you mean 'esp_rom_gpio_pad_select_gpio'? [-Werror=implicit-function-declaration]
  275 |     gpio_pad_select_gpio(PIN_BUSY);
      |     ^~~~~~~~~~~~~~~~~~~~
      |     esp_rom_gpio_pad_select_gpio
cc1: some warnings being treated as errors
[5/20] Building C object esp-idf/core/CMakeFiles/__idf_core.dir/test/i2c_scanner.c.obj
[6/20] Performing build step for 'bootloader'
[1/1] cd /home/artur/projects/personal/kairos/build/bootloader/esp-idf/esptool_py && /home/artur/.espressif/python_env/idf5.0_py3.10_env/bin/python /home/artur/esp/esp-idf/components/partition_table/check_sizes.py --offset 0x8000 bootloader 0x1000 /home/artur/projects/personal/kairos/build/bootloader/bootloader.bin
Bootloader binary size 0x6680 bytes. 0x980 bytes (8%) free.
[7/18] Building C object esp-idf/core/CMakeFiles/__idf_core.dir/hal/rtc/rtc.c.obj
In file included from /home/artur/projects/personal/kairos/components/core/drv/rtc/pcf8563.h:10,
                 from /home/artur/projects/personal/kairos/components/core/hal/rtc/rtc.h:5,
                 from /home/artur/projects/personal/kairos/components/core/hal/rtc/rtc.c:1:
/home/artur/projects/personal/kairos/components/core/def/common.h:34:1: warning: ignoring attribute 'section (".iram1.5")' because it conflicts with previous 'section (".iram1.2")' [-Wattributes]
   34 | unsigned long IRAM_ATTR micros();
      | ^~~~~~~~
In file included from /home/artur/projects/personal/kairos/components/core/hal/rtc/rtc.h:4,
                 from /home/artur/projects/personal/kairos/components/core/hal/rtc/rtc.c:1:
/home/artur/projects/personal/kairos/components/core/def/common.h:34:25: note: previous declaration here
   34 | unsigned long IRAM_ATTR micros();
      |                         ^~~~~~
In file included from /home/artur/projects/personal/kairos/components/core/drv/rtc/pcf8563.h:10,
                 from /home/artur/projects/personal/kairos/components/core/hal/rtc/rtc.h:5,
                 from /home/artur/projects/personal/kairos/components/core/hal/rtc/rtc.c:1:
/home/artur/projects/personal/kairos/components/core/def/common.h:36:1: warning: ignoring attribute 'section (".iram1.6")' because it conflicts with previous 'section (".iram1.3")' [-Wattributes]
   36 | void IRAM_ATTR delay_us(uint32_t us);
      | ^~~~
In file included from /home/artur/projects/personal/kairos/components/core/hal/rtc/rtc.h:4,
                 from /home/artur/projects/personal/kairos/components/core/hal/rtc/rtc.c:1:
/home/artur/projects/personal/kairos/components/core/def/common.h:36:16: note: previous declaration here
   36 | void IRAM_ATTR delay_us(uint32_t us);
      |                ^~~~~~~~
In file included from /home/artur/projects/personal/kairos/components/core/drv/rtc/pcf8563.h:10,
                 from /home/artur/projects/personal/kairos/components/core/hal/rtc/rtc.h:5,
                 from /home/artur/projects/personal/kairos/components/core/hal/rtc/rtc.c:1:
/home/artur/projects/personal/kairos/components/core/def/common.h:38:1: warning: ignoring attribute 'section (".iram1.7")' because it conflicts with previous 'section (".iram1.4")' [-Wattributes]
   38 | void IRAM_ATTR delay_ms(uint32_t delay);
      | ^~~~
In file included from /home/artur/projects/personal/kairos/components/core/hal/rtc/rtc.h:4,
                 from /home/artur/projects/personal/kairos/components/core/hal/rtc/rtc.c:1:
/home/artur/projects/personal/kairos/components/core/def/common.h:38:16: note: previous declaration here
   38 | void IRAM_ATTR delay_ms(uint32_t delay);
      |                ^~~~~~~~
In file included from /home/artur/projects/personal/kairos/components/core/drv/protocols/i2c.h:4,
                 from /home/artur/projects/personal/kairos/components/core/drv/rtc/pcf8563.h:11,
                 from /home/artur/projects/personal/kairos/components/core/hal/rtc/rtc.h:5,
                 from /home/artur/projects/personal/kairos/components/core/hal/rtc/rtc.c:1:
/home/artur/projects/personal/kairos/components/core/def/common.h:34:1: warning: ignoring attribute 'section (".iram1.8")' because it conflicts with previous 'section (".iram1.2")' [-Wattributes]
   34 | unsigned long IRAM_ATTR micros();
      | ^~~~~~~~
In file included from /home/artur/projects/personal/kairos/components/core/drv/rtc/pcf8563.h:10,
                 from /home/artur/projects/personal/kairos/components/core/hal/rtc/rtc.h:5,
                 from /home/artur/projects/personal/kairos/components/core/hal/rtc/rtc.c:1:
/home/artur/projects/personal/kairos/components/core/def/common.h:34:25: note: previous declaration here
   34 | unsigned long IRAM_ATTR micros();
      |                         ^~~~~~
In file included from /home/artur/projects/personal/kairos/components/core/drv/protocols/i2c.h:4,
                 from /home/artur/projects/personal/kairos/components/core/drv/rtc/pcf8563.h:11,
                 from /home/artur/projects/personal/kairos/components/core/hal/rtc/rtc.h:5,
                 from /home/artur/projects/personal/kairos/components/core/hal/rtc/rtc.c:1:
/home/artur/projects/personal/kairos/components/core/def/common.h:36:1: warning: ignoring attribute 'section (".iram1.9")' because it conflicts with previous 'section (".iram1.3")' [-Wattributes]
   36 | void IRAM_ATTR delay_us(uint32_t us);
      | ^~~~
In file included from /home/artur/projects/personal/kairos/components/core/drv/rtc/pcf8563.h:10,
                 from /home/artur/projects/personal/kairos/components/core/hal/rtc/rtc.h:5,
                 from /home/artur/projects/personal/kairos/components/core/hal/rtc/rtc.c:1:
/home/artur/projects/personal/kairos/components/core/def/common.h:36:16: note: previous declaration here
   36 | void IRAM_ATTR delay_us(uint32_t us);
      |                ^~~~~~~~
In file included from /home/artur/projects/personal/kairos/components/core/drv/protocols/i2c.h:4,
                 from /home/artur/projects/personal/kairos/components/core/drv/rtc/pcf8563.h:11,
                 from /home/artur/projects/personal/kairos/components/core/hal/rtc/rtc.h:5,
                 from /home/artur/projects/personal/kairos/components/core/hal/rtc/rtc.c:1:
/home/artur/projects/personal/kairos/components/core/def/common.h:38:1: warning: ignoring attribute 'section (".iram1.10")' because it conflicts with previous 'section (".iram1.4")' [-Wattributes]
   38 | void IRAM_ATTR delay_ms(uint32_t delay);
      | ^~~~
In file included from /home/artur/projects/personal/kairos/components/core/drv/rtc/pcf8563.h:10,
                 from /home/artur/projects/personal/kairos/components/core/hal/rtc/rtc.h:5,
                 from /home/artur/projects/personal/kairos/components/core/hal/rtc/rtc.c:1:
/home/artur/projects/personal/kairos/components/core/def/common.h:38:16: note: previous declaration here
   38 | void IRAM_ATTR delay_ms(uint32_t delay);
      |                ^~~~~~~~
[8/18] Building C object esp-idf/core/CMakeFiles/__idf_core.dir/drv/protocols/i2c.c.obj
[9/18] Building C object esp-idf/main/CMakeFiles/__idf_main.dir/main.c.obj
In file included from /home/artur/projects/personal/kairos/components/core/test/i2c_rtc.h:1,
                 from /home/artur/projects/personal/kairos/components/core/kairos.h:13,
                 from /home/artur/projects/personal/kairos/main/main.c:1:
/home/artur/projects/personal/kairos/components/core/def/common.h:34:1: warning: ignoring attribute 'section (".iram1.5")' because it conflicts with previous 'section (".iram1.2")' [-Wattributes]
   34 | unsigned long IRAM_ATTR micros();
      | ^~~~~~~~
In file included from /home/artur/projects/personal/kairos/components/core/test/i2c_scanner.h:1,
                 from /home/artur/projects/personal/kairos/components/core/kairos.h:12,
                 from /home/artur/projects/personal/kairos/main/main.c:1:
/home/artur/projects/personal/kairos/components/core/def/common.h:34:25: note: previous declaration here
   34 | unsigned long IRAM_ATTR micros();
      |                         ^~~~~~
In file included from /home/artur/projects/personal/kairos/components/core/test/i2c_rtc.h:1,
                 from /home/artur/projects/personal/kairos/components/core/kairos.h:13,
                 from /home/artur/projects/personal/kairos/main/main.c:1:
/home/artur/projects/personal/kairos/components/core/def/common.h:36:1: warning: ignoring attribute 'section (".iram1.6")' because it conflicts with previous 'section (".iram1.3")' [-Wattributes]
   36 | void IRAM_ATTR delay_us(uint32_t us);
      | ^~~~
In file included from /home/artur/projects/personal/kairos/components/core/test/i2c_scanner.h:1,
                 from /home/artur/projects/personal/kairos/components/core/kairos.h:12,
                 from /home/artur/projects/personal/kairos/main/main.c:1:
/home/artur/projects/personal/kairos/components/core/def/common.h:36:16: note: previous declaration here
   36 | void IRAM_ATTR delay_us(uint32_t us);
      |                ^~~~~~~~
In file included from /home/artur/projects/personal/kairos/components/core/test/i2c_rtc.h:1,
                 from /home/artur/projects/personal/kairos/components/core/kairos.h:13,
                 from /home/artur/projects/personal/kairos/main/main.c:1:
/home/artur/projects/personal/kairos/components/core/def/common.h:38:1: warning: ignoring attribute 'section (".iram1.7")' because it conflicts with previous 'section (".iram1.4")' [-Wattributes]
   38 | void IRAM_ATTR delay_ms(uint32_t delay);
      | ^~~~
In file included from /home/artur/projects/personal/kairos/components/core/test/i2c_scanner.h:1,
                 from /home/artur/projects/personal/kairos/components/core/kairos.h:12,
                 from /home/artur/projects/personal/kairos/main/main.c:1:
/home/artur/projects/personal/kairos/components/core/def/common.h:38:16: note: previous declaration here
   38 | void IRAM_ATTR delay_ms(uint32_t delay);
      |                ^~~~~~~~
In file included from /home/artur/projects/personal/kairos/components/core/drv/rtc/pcf8563.h:10,
                 from /home/artur/projects/personal/kairos/components/core/test/i2c_rtc.h:2,
                 from /home/artur/projects/personal/kairos/components/core/kairos.h:13,
                 from /home/artur/projects/personal/kairos/main/main.c:1:
/home/artur/projects/personal/kairos/components/core/def/common.h:34:1: warning: ignoring attribute 'section (".iram1.8")' because it conflicts with previous 'section (".iram1.2")' [-Wattributes]
   34 | unsigned long IRAM_ATTR micros();
      | ^~~~~~~~
In file included from /home/artur/projects/personal/kairos/components/core/test/i2c_rtc.h:1,
                 from /home/artur/projects/personal/kairos/components/core/kairos.h:13,
                 from /home/artur/projects/personal/kairos/main/main.c:1:
/home/artur/projects/personal/kairos/components/core/def/common.h:34:25: note: previous declaration here
   34 | unsigned long IRAM_ATTR micros();
      |                         ^~~~~~
In file included from /home/artur/projects/personal/kairos/components/core/drv/rtc/pcf8563.h:10,
                 from /home/artur/projects/personal/kairos/components/core/test/i2c_rtc.h:2,
                 from /home/artur/projects/personal/kairos/components/core/kairos.h:13,
                 from /home/artur/projects/personal/kairos/main/main.c:1:
/home/artur/projects/personal/kairos/components/core/def/common.h:36:1: warning: ignoring attribute 'section (".iram1.9")' because it conflicts with previous 'section (".iram1.3")' [-Wattributes]
   36 | void IRAM_ATTR delay_us(uint32_t us);
      | ^~~~
In file included from /home/artur/projects/personal/kairos/components/core/test/i2c_rtc.h:1,
                 from /home/artur/projects/personal/kairos/components/core/kairos.h:13,
                 from /home/artur/projects/personal/kairos/main/main.c:1:
/home/artur/projects/personal/kairos/components/core/def/common.h:36:16: note: previous declaration here
   36 | void IRAM_ATTR delay_us(uint32_t us);
      |                ^~~~~~~~
In file included from /home/artur/projects/personal/kairos/components/core/drv/rtc/pcf8563.h:10,
                 from /home/artur/projects/personal/kairos/components/core/test/i2c_rtc.h:2,
                 from /home/artur/projects/personal/kairos/components/core/kairos.h:13,
                 from /home/artur/projects/personal/kairos/main/main.c:1:
/home/artur/projects/personal/kairos/components/core/def/common.h:38:1: warning: ignoring attribute 'section (".iram1.10")' because it conflicts with previous 'section (".iram1.4")' [-Wattributes]
   38 | void IRAM_ATTR delay_ms(uint32_t delay);
      | ^~~~
In file included from /home/artur/projects/personal/kairos/components/core/test/i2c_rtc.h:1,
                 from /home/artur/projects/personal/kairos/components/core/kairos.h:13,
                 from /home/artur/projects/personal/kairos/main/main.c:1:
/home/artur/projects/personal/kairos/components/core/def/common.h:38:16: note: previous declaration here
   38 | void IRAM_ATTR delay_ms(uint32_t delay);
      |                ^~~~~~~~
In file included from /home/artur/projects/personal/kairos/components/core/drv/protocols/i2c.h:4,
                 from /home/artur/projects/personal/kairos/components/core/drv/rtc/pcf8563.h:11,
                 from /home/artur/projects/personal/kairos/components/core/test/i2c_rtc.h:2,
                 from /home/artur/projects/personal/kairos/components/core/kairos.h:13,
                 from /home/artur/projects/personal/kairos/main/main.c:1:
/home/artur/projects/personal/kairos/components/core/def/common.h:34:1: warning: ignoring attribute 'section (".iram1.11")' because it conflicts with previous 'section (".iram1.2")' [-Wattributes]
   34 | unsigned long IRAM_ATTR micros();
      | ^~~~~~~~
In file included from /home/artur/projects/personal/kairos/components/core/drv/rtc/pcf8563.h:10,
                 from /home/artur/projects/personal/kairos/components/core/test/i2c_rtc.h:2,
                 from /home/artur/projects/personal/kairos/components/core/kairos.h:13,
                 from /home/artur/projects/personal/kairos/main/main.c:1:
/home/artur/projects/personal/kairos/components/core/def/common.h:34:25: note: previous declaration here
   34 | unsigned long IRAM_ATTR micros();
      |                         ^~~~~~
In file included from /home/artur/projects/personal/kairos/components/core/drv/protocols/i2c.h:4,
                 from /home/artur/projects/personal/kairos/components/core/drv/rtc/pcf8563.h:11,
                 from /home/artur/projects/personal/kairos/components/core/test/i2c_rtc.h:2,
                 from /home/artur/projects/personal/kairos/components/core/kairos.h:13,
                 from /home/artur/projects/personal/kairos/main/main.c:1:
/home/artur/projects/personal/kairos/components/core/def/common.h:36:1: warning: ignoring attribute 'section (".iram1.12")' because it conflicts with previous 'section (".iram1.3")' [-Wattributes]
   36 | void IRAM_ATTR delay_us(uint32_t us);
      | ^~~~
In file included from /home/artur/projects/personal/kairos/components/core/drv/rtc/pcf8563.h:10,
                 from /home/artur/projects/personal/kairos/components/core/test/i2c_rtc.h:2,
                 from /home/artur/projects/personal/kairos/components/core/kairos.h:13,
                 from /home/artur/projects/personal/kairos/main/main.c:1:
/home/artur/projects/personal/kairos/components/core/def/common.h:36:16: note: previous declaration here
   36 | void IRAM_ATTR delay_us(uint32_t us);
      |                ^~~~~~~~
In file included from /home/artur/projects/personal/kairos/components/core/drv/protocols/i2c.h:4,
                 from /home/artur/projects/personal/kairos/components/core/drv/rtc/pcf8563.h:11,
                 from /home/artur/projects/personal/kairos/components/core/test/i2c_rtc.h:2,
                 from /home/artur/projects/personal/kairos/components/core/kairos.h:13,
                 from /home/artur/projects/personal/kairos/main/main.c:1:
/home/artur/projects/personal/kairos/components/core/def/common.h:38:1: warning: ignoring attribute 'section (".iram1.13")' because it conflicts with previous 'section (".iram1.4")' [-Wattributes]
   38 | void IRAM_ATTR delay_ms(uint32_t delay);
      | ^~~~
In file included from /home/artur/projects/personal/kairos/components/core/drv/rtc/pcf8563.h:10,
                 from /home/artur/projects/personal/kairos/components/core/test/i2c_rtc.h:2,
                 from /home/artur/projects/personal/kairos/components/core/kairos.h:13,
                 from /home/artur/projects/personal/kairos/main/main.c:1:
/home/artur/projects/personal/kairos/components/core/def/common.h:38:16: note: previous declaration here
   38 | void IRAM_ATTR delay_ms(uint32_t delay);
      |                ^~~~~~~~
In file included from /home/artur/projects/personal/kairos/components/core/lib/system/system.h:4,
                 from /home/artur/projects/personal/kairos/components/core/kairos.h:16,
                 from /home/artur/projects/personal/kairos/main/main.c:1:
/home/artur/projects/personal/kairos/components/core/def/common.h:34:1: warning: ignoring attribute 'section (".iram1.14")' because it conflicts with previous 'section (".iram1.2")' [-Wattributes]
   34 | unsigned long IRAM_ATTR micros();
      | ^~~~~~~~
In file included from /home/artur/projects/personal/kairos/components/core/drv/protocols/i2c.h:4,
                 from /home/artur/projects/personal/kairos/components/core/drv/rtc/pcf8563.h:11,
                 from /home/artur/projects/personal/kairos/components/core/test/i2c_rtc.h:2,
                 from /home/artur/projects/personal/kairos/components/core/kairos.h:13,
                 from /home/artur/projects/personal/kairos/main/main.c:1:
/home/artur/projects/personal/kairos/components/core/def/common.h:34:25: note: previous declaration here
   34 | unsigned long IRAM_ATTR micros();
      |                         ^~~~~~
In file included from /home/artur/projects/personal/kairos/components/core/lib/system/system.h:4,
                 from /home/artur/projects/personal/kairos/components/core/kairos.h:16,
                 from /home/artur/projects/personal/kairos/main/main.c:1:
/home/artur/projects/personal/kairos/components/core/def/common.h:36:1: warning: ignoring attribute 'section (".iram1.15")' because it conflicts with previous 'section (".iram1.3")' [-Wattributes]
   36 | void IRAM_ATTR delay_us(uint32_t us);
      | ^~~~
In file included from /home/artur/projects/personal/kairos/components/core/drv/protocols/i2c.h:4,
                 from /home/artur/projects/personal/kairos/components/core/drv/rtc/pcf8563.h:11,
                 from /home/artur/projects/personal/kairos/components/core/test/i2c_rtc.h:2,
                 from /home/artur/projects/personal/kairos/components/core/kairos.h:13,
                 from /home/artur/projects/personal/kairos/main/main.c:1:
/home/artur/projects/personal/kairos/components/core/def/common.h:36:16: note: previous declaration here
   36 | void IRAM_ATTR delay_us(uint32_t us);
      |                ^~~~~~~~
In file included from /home/artur/projects/personal/kairos/components/core/lib/system/system.h:4,
                 from /home/artur/projects/personal/kairos/components/core/kairos.h:16,
                 from /home/artur/projects/personal/kairos/main/main.c:1:
/home/artur/projects/personal/kairos/components/core/def/common.h:38:1: warning: ignoring attribute 'section (".iram1.16")' because it conflicts with previous 'section (".iram1.4")' [-Wattributes]
   38 | void IRAM_ATTR delay_ms(uint32_t delay);
      | ^~~~
In file included from /home/artur/projects/personal/kairos/components/core/drv/protocols/i2c.h:4,
                 from /home/artur/projects/personal/kairos/components/core/drv/rtc/pcf8563.h:11,
                 from /home/artur/projects/personal/kairos/components/core/test/i2c_rtc.h:2,
                 from /home/artur/projects/personal/kairos/components/core/kairos.h:13,
                 from /home/artur/projects/personal/kairos/main/main.c:1:
/home/artur/projects/personal/kairos/components/core/def/common.h:38:16: note: previous declaration here
   38 | void IRAM_ATTR delay_ms(uint32_t delay);
      |                ^~~~~~~~
In file included from /home/artur/projects/personal/kairos/components/core/hal/modules/modules.h:4,
                 from /home/artur/projects/personal/kairos/components/core/lib/system/system.h:5,
                 from /home/artur/projects/personal/kairos/components/core/kairos.h:16,
                 from /home/artur/projects/personal/kairos/main/main.c:1:
/home/artur/projects/personal/kairos/components/core/def/common.h:34:1: warning: ignoring attribute 'section (".iram1.17")' because it conflicts with previous 'section (".iram1.2")' [-Wattributes]
   34 | unsigned long IRAM_ATTR micros();
      | ^~~~~~~~
In file included from /home/artur/projects/personal/kairos/components/core/lib/system/system.h:4,
                 from /home/artur/projects/personal/kairos/components/core/kairos.h:16,
                 from /home/artur/projects/personal/kairos/main/main.c:1:
/home/artur/projects/personal/kairos/components/core/def/common.h:34:25: note: previous declaration here
   34 | unsigned long IRAM_ATTR micros();
      |                         ^~~~~~
In file included from /home/artur/projects/personal/kairos/components/core/hal/modules/modules.h:4,
                 from /home/artur/projects/personal/kairos/components/core/lib/system/system.h:5,
                 from /home/artur/projects/personal/kairos/components/core/kairos.h:16,
                 from /home/artur/projects/personal/kairos/main/main.c:1:
/home/artur/projects/personal/kairos/components/core/def/common.h:36:1: warning: ignoring attribute 'section (".iram1.18")' because it conflicts with previous 'section (".iram1.3")' [-Wattributes]
   36 | void IRAM_ATTR delay_us(uint32_t us);
      | ^~~~
In file included from /home/artur/projects/personal/kairos/components/core/lib/system/system.h:4,
                 from /home/artur/projects/personal/kairos/components/core/kairos.h:16,
                 from /home/artur/projects/personal/kairos/main/main.c:1:
/home/artur/projects/personal/kairos/components/core/def/common.h:36:16: note: previous declaration here
   36 | void IRAM_ATTR delay_us(uint32_t us);
      |                ^~~~~~~~
In file included from /home/artur/projects/personal/kairos/components/core/hal/modules/modules.h:4,
                 from /home/artur/projects/personal/kairos/components/core/lib/system/system.h:5,
                 from /home/artur/projects/personal/kairos/components/core/kairos.h:16,
                 from /home/artur/projects/personal/kairos/main/main.c:1:
/home/artur/projects/personal/kairos/components/core/def/common.h:38:1: warning: ignoring attribute 'section (".iram1.19")' because it conflicts with previous 'section (".iram1.4")' [-Wattributes]
   38 | void IRAM_ATTR delay_ms(uint32_t delay);
      | ^~~~
In file included from /home/artur/projects/personal/kairos/components/core/lib/system/system.h:4,
                 from /home/artur/projects/personal/kairos/components/core/kairos.h:16,
                 from /home/artur/projects/personal/kairos/main/main.c:1:
/home/artur/projects/personal/kairos/components/core/def/common.h:38:16: note: previous declaration here
   38 | void IRAM_ATTR delay_ms(uint32_t delay);
      |                ^~~~~~~~
In file included from /home/artur/projects/personal/kairos/components/core/hal/rtc/rtc.h:4,
                 from /home/artur/projects/personal/kairos/components/core/hal/modules/modules.h:7,
                 from /home/artur/projects/personal/kairos/components/core/lib/system/system.h:5,
                 from /home/artur/projects/personal/kairos/components/core/kairos.h:16,
                 from /home/artur/projects/personal/kairos/main/main.c:1:
/home/artur/projects/personal/kairos/components/core/def/common.h:34:1: warning: ignoring attribute 'section (".iram1.20")' because it conflicts with previous 'section (".iram1.2")' [-Wattributes]
   34 | unsigned long IRAM_ATTR micros();
      | ^~~~~~~~
In file included from /home/artur/projects/personal/kairos/components/core/hal/modules/modules.h:4,
                 from /home/artur/projects/personal/kairos/components/core/lib/system/system.h:5,
                 from /home/artur/projects/personal/kairos/components/core/kairos.h:16,
                 from /home/artur/projects/personal/kairos/main/main.c:1:
/home/artur/projects/personal/kairos/components/core/def/common.h:34:25: note: previous declaration here
   34 | unsigned long IRAM_ATTR micros();
      |                         ^~~~~~
In file included from /home/artur/projects/personal/kairos/components/core/hal/rtc/rtc.h:4,
                 from /home/artur/projects/personal/kairos/components/core/hal/modules/modules.h:7,
                 from /home/artur/projects/personal/kairos/components/core/lib/system/system.h:5,
                 from /home/artur/projects/personal/kairos/components/core/kairos.h:16,
                 from /home/artur/projects/personal/kairos/main/main.c:1:
/home/artur/projects/personal/kairos/components/core/def/common.h:36:1: warning: ignoring attribute 'section (".iram1.21")' because it conflicts with previous 'section (".iram1.3")' [-Wattributes]
   36 | void IRAM_ATTR delay_us(uint32_t us);
      | ^~~~
In file included from /home/artur/projects/personal/kairos/components/core/hal/modules/modules.h:4,
                 from /home/artur/projects/personal/kairos/components/core/lib/system/system.h:5,
                 from /home/artur/projects/personal/kairos/components/core/kairos.h:16,
                 from /home/artur/projects/personal/kairos/main/main.c:1:
/home/artur/projects/personal/kairos/components/core/def/common.h:36:16: note: previous declaration here
   36 | void IRAM_ATTR delay_us(uint32_t us);
      |                ^~~~~~~~
In file included from /home/artur/projects/personal/kairos/components/core/hal/rtc/rtc.h:4,
                 from /home/artur/projects/personal/kairos/components/core/hal/modules/modules.h:7,
                 from /home/artur/projects/personal/kairos/components/core/lib/system/system.h:5,
                 from /home/artur/projects/personal/kairos/components/core/kairos.h:16,
                 from /home/artur/projects/personal/kairos/main/main.c:1:
/home/artur/projects/personal/kairos/components/core/def/common.h:38:1: warning: ignoring attribute 'section (".iram1.22")' because it conflicts with previous 'section (".iram1.4")' [-Wattributes]
   38 | void IRAM_ATTR delay_ms(uint32_t delay);
      | ^~~~
In file included from /home/artur/projects/personal/kairos/components/core/hal/modules/modules.h:4,
                 from /home/artur/projects/personal/kairos/components/core/lib/system/system.h:5,
                 from /home/artur/projects/personal/kairos/components/core/kairos.h:16,
                 from /home/artur/projects/personal/kairos/main/main.c:1:
/home/artur/projects/personal/kairos/components/core/def/common.h:38:16: note: previous declaration here
   38 | void IRAM_ATTR delay_ms(uint32_t delay);
      |                ^~~~~~~~
/home/artur/projects/personal/kairos/main/main.c: In function 'app_main':
/home/artur/projects/personal/kairos/main/main.c:13:38: warning: unused variable 'miao_H' [-Wunused-variable]
   13 |     unsigned char fen_L,fen_H,miao_L,miao_H;
      |                                      ^~~~~~
/home/artur/projects/personal/kairos/main/main.c:13:31: warning: unused variable 'miao_L' [-Wunused-variable]
   13 |     unsigned char fen_L,fen_H,miao_L,miao_H;
      |                               ^~~~~~
/home/artur/projects/personal/kairos/main/main.c:13:25: warning: unused variable 'fen_H' [-Wunused-variable]
   13 |     unsigned char fen_L,fen_H,miao_L,miao_H;
      |                         ^~~~~
/home/artur/projects/personal/kairos/main/main.c:13:19: warning: unused variable 'fen_L' [-Wunused-variable]
   13 |     unsigned char fen_L,fen_H,miao_L,miao_H;
      |                   ^~~~~
[10/18] Building C object esp-idf/core/CMakeFiles/__idf_core.dir/drv/rtc/pcf8563.c.obj
In file included from /home/artur/projects/personal/kairos/components/core/drv/protocols/i2c.h:4,
                 from /home/artur/projects/personal/kairos/components/core/drv/rtc/pcf8563.h:11,
                 from /home/artur/projects/personal/kairos/components/core/drv/rtc/pcf8563.c:1:
/home/artur/projects/personal/kairos/components/core/def/common.h:34:1: warning: ignoring attribute 'section (".iram1.5")' because it conflicts with previous 'section (".iram1.2")' [-Wattributes]
   34 | unsigned long IRAM_ATTR micros();
      | ^~~~~~~~
In file included from /home/artur/projects/personal/kairos/components/core/drv/rtc/pcf8563.h:10,
                 from /home/artur/projects/personal/kairos/components/core/drv/rtc/pcf8563.c:1:
/home/artur/projects/personal/kairos/components/core/def/common.h:34:25: note: previous declaration here
   34 | unsigned long IRAM_ATTR micros();
      |                         ^~~~~~
In file included from /home/artur/projects/personal/kairos/components/core/drv/protocols/i2c.h:4,
                 from /home/artur/projects/personal/kairos/components/core/drv/rtc/pcf8563.h:11,
                 from /home/artur/projects/personal/kairos/components/core/drv/rtc/pcf8563.c:1:
/home/artur/projects/personal/kairos/components/core/def/common.h:36:1: warning: ignoring attribute 'section (".iram1.6")' because it conflicts with previous 'section (".iram1.3")' [-Wattributes]
   36 | void IRAM_ATTR delay_us(uint32_t us);
      | ^~~~
In file included from /home/artur/projects/personal/kairos/components/core/drv/rtc/pcf8563.h:10,
                 from /home/artur/projects/personal/kairos/components/core/drv/rtc/pcf8563.c:1:
/home/artur/projects/personal/kairos/components/core/def/common.h:36:16: note: previous declaration here
   36 | void IRAM_ATTR delay_us(uint32_t us);
      |                ^~~~~~~~
In file included from /home/artur/projects/personal/kairos/components/core/drv/protocols/i2c.h:4,
                 from /home/artur/projects/personal/kairos/components/core/drv/rtc/pcf8563.h:11,
                 from /home/artur/projects/personal/kairos/components/core/drv/rtc/pcf8563.c:1:
/home/artur/projects/personal/kairos/components/core/def/common.h:38:1: warning: ignoring attribute 'section (".iram1.7")' because it conflicts with previous 'section (".iram1.4")' [-Wattributes]
   38 | void IRAM_ATTR delay_ms(uint32_t delay);
      | ^~~~
In file included from /home/artur/projects/personal/kairos/components/core/drv/rtc/pcf8563.h:10,
                 from /home/artur/projects/personal/kairos/components/core/drv/rtc/pcf8563.c:1:
/home/artur/projects/personal/kairos/components/core/def/common.h:38:16: note: previous declaration here
   38 | void IRAM_ATTR delay_ms(uint32_t delay);
      |                ^~~~~~~~
/home/artur/projects/personal/kairos/components/core/drv/rtc/pcf8563.c:3:20: warning: 'TAG' defined but not used [-Wunused-variable]
    3 | static const char *TAG = "PCF8563";
      |                    ^~~
ninja: build stopped: subcommand failed.
