[1/12] Building C object esp-idf/core/CMakeFiles/__idf_core.dir/drv/rtc/pcf8563.c.obj
FAILED: esp-idf/core/CMakeFiles/__idf_core.dir/drv/rtc/pcf8563.c.obj 
/home/artur/.espressif/tools/xtensa-esp32-elf/esp-2022r1-RC1-11.2.0/xtensa-esp32-elf/bin/xtensa-esp32-elf-gcc  -I/home/artur/projects/personal/kairos/build/config -I/home/artur/projects/personal/kairos/components/core -I/home/artur/projects/personal/kairos/components/core/test -I/home/artur/projects/personal/kairos/components/core/drv/protocols -I/home/artur/projects/personal/kairos/components/core/drv/rtc -I/home/artur/projects/personal/kairos/components/core/hal/time -I/home/artur/esp/esp-idf/components/newlib/platform_include -I/home/artur/esp/esp-idf/components/freertos/FreeRTOS-Kernel/include -I/home/artur/esp/esp-idf/components/freertos/esp_additions/include/freertos -I/home/artur/esp/esp-idf/components/freertos/FreeRTOS-Kernel/portable/xtensa/include -I/home/artur/esp/esp-idf/components/freertos/esp_additions/include -I/home/artur/esp/esp-idf/components/esp_hw_support/include -I/home/artur/esp/esp-idf/components/esp_hw_support/include/soc -I/home/artur/esp/esp-idf/components/esp_hw_support/include/soc/esp32 -I/home/artur/esp/esp-idf/components/esp_hw_support/port/esp32/. -I/home/artur/esp/esp-idf/components/esp_hw_support/port/esp32/private_include -I/home/artur/esp/esp-idf/components/heap/include -I/home/artur/esp/esp-idf/components/log/include -I/home/artur/esp/esp-idf/components/soc/include -I/home/artur/esp/esp-idf/components/soc/esp32/. -I/home/artur/esp/esp-idf/components/soc/esp32/include -I/home/artur/esp/esp-idf/components/hal/esp32/include -I/home/artur/esp/esp-idf/components/hal/include -I/home/artur/esp/esp-idf/components/hal/platform_port/include -I/home/artur/esp/esp-idf/components/esp_rom/include -I/home/artur/esp/esp-idf/components/esp_rom/include/esp32 -I/home/artur/esp/esp-idf/components/esp_rom/esp32 -I/home/artur/esp/esp-idf/components/esp_common/include -I/home/artur/esp/esp-idf/components/esp_system/include -I/home/artur/esp/esp-idf/components/esp_system/port/soc -I/home/artur/esp/esp-idf/components/esp_system/port/include/private -I/home/artur/esp/esp-idf/components/xtensa/include -I/home/artur/esp/esp-idf/components/xtensa/esp32/include -I/home/artur/esp/esp-idf/components/lwip/include -I/home/artur/esp/esp-idf/components/lwip/include/apps -I/home/artur/esp/esp-idf/components/lwip/include/apps/sntp -I/home/artur/esp/esp-idf/components/lwip/lwip/src/include -I/home/artur/esp/esp-idf/components/lwip/port/esp32/include -I/home/artur/esp/esp-idf/components/lwip/port/esp32/include/arch -I/home/artur/esp/esp-idf/components/driver/include -I/home/artur/esp/esp-idf/components/driver/deprecated -I/home/artur/esp/esp-idf/components/driver/esp32/include -I/home/artur/esp/esp-idf/components/esp_pm/include -I/home/artur/esp/esp-idf/components/esp_ringbuf/include -mlongcalls -Wno-frame-address  -ffunction-sections -fdata-sections -Wall -Werror=all -Wno-error=unused-function -Wno-error=unused-variable -Wno-error=deprecated-declarations -Wextra -Wno-unused-parameter -Wno-sign-compare -Wno-error=format= -Wno-format -Wno-enum-conversion -gdwarf-4 -ggdb -Og -fmacro-prefix-map=/home/artur/projects/personal/kairos=. -fmacro-prefix-map=/home/artur/esp/esp-idf=/IDF -fstrict-volatile-bitfields -Wno-error=unused-but-set-variable -fno-jump-tables -fno-tree-switch-conversion -DconfigENABLE_FREERTOS_DEBUG_OCDAWARE=1 -std=gnu17 -Wno-old-style-declaration -D_GNU_SOURCE -DIDF_VER=\"v5.0-dev-4547-gfde4afc67a\" -DESP_PLATFORM -D_POSIX_READER_WRITER_LOCKS -MD -MT esp-idf/core/CMakeFiles/__idf_core.dir/drv/rtc/pcf8563.c.obj -MF esp-idf/core/CMakeFiles/__idf_core.dir/drv/rtc/pcf8563.c.obj.d -o esp-idf/core/CMakeFiles/__idf_core.dir/drv/rtc/pcf8563.c.obj -c /home/artur/projects/personal/kairos/components/core/drv/rtc/pcf8563.c
In file included from /home/artur/projects/personal/kairos/components/core/drv/rtc/pcf8563.c:1:
/home/artur/projects/personal/kairos/components/core/drv/rtc/pcf8563.h:24:51: warning: 'struct tm' declared inside parameter list will not be visible outside of this definition or declaration
   24 | esp_err_t pcf8563_set_time(i2c_dev_t *dev, struct tm *time);
      |                                                   ^~
/home/artur/projects/personal/kairos/components/core/drv/rtc/pcf8563.h:25:51: warning: 'struct tm' declared inside parameter list will not be visible outside of this definition or declaration
   25 | esp_err_t pcf8563_get_time(i2c_dev_t *dev, struct tm *time);
      |                                                   ^~
/home/artur/projects/personal/kairos/components/core/drv/rtc/pcf8563.c:39:51: warning: 'struct tm' declared inside parameter list will not be visible outside of this definition or declaration
   39 | esp_err_t pcf8563_set_time(i2c_dev_t *dev, struct tm *time)
      |                                                   ^~
/home/artur/projects/personal/kairos/components/core/drv/rtc/pcf8563.c:39:11: error: conflicting types for 'pcf8563_set_time'; have 'esp_err_t(i2c_dev_t *, struct tm *)' {aka 'int(i2c_dev_t *, struct tm *)'}
   39 | esp_err_t pcf8563_set_time(i2c_dev_t *dev, struct tm *time)
      |           ^~~~~~~~~~~~~~~~
In file included from /home/artur/projects/personal/kairos/components/core/drv/rtc/pcf8563.c:1:
/home/artur/projects/personal/kairos/components/core/drv/rtc/pcf8563.h:24:11: note: previous declaration of 'pcf8563_set_time' with type 'esp_err_t(i2c_dev_t *, struct tm *)' {aka 'int(i2c_dev_t *, struct tm *)'}
   24 | esp_err_t pcf8563_set_time(i2c_dev_t *dev, struct tm *time);
      |           ^~~~~~~~~~~~~~~~
/home/artur/projects/personal/kairos/components/core/drv/rtc/pcf8563.c: In function 'pcf8563_set_time':
/home/artur/projects/personal/kairos/components/core/drv/rtc/pcf8563.c:47:27: error: invalid use of undefined type 'struct tm'
   47 |     data[0] = dec2bcd(time->tm_sec);
      |                           ^~
/home/artur/projects/personal/kairos/components/core/drv/rtc/pcf8563.c:48:27: error: invalid use of undefined type 'struct tm'
   48 |     data[1] = dec2bcd(time->tm_min);
      |                           ^~
/home/artur/projects/personal/kairos/components/core/drv/rtc/pcf8563.c:49:27: error: invalid use of undefined type 'struct tm'
   49 |     data[2] = dec2bcd(time->tm_hour);
      |                           ^~
/home/artur/projects/personal/kairos/components/core/drv/rtc/pcf8563.c:50:27: error: invalid use of undefined type 'struct tm'
   50 |     data[3] = dec2bcd(time->tm_mday);
      |                           ^~
/home/artur/projects/personal/kairos/components/core/drv/rtc/pcf8563.c:51:27: error: invalid use of undefined type 'struct tm'
   51 |     data[4] = dec2bcd(time->tm_wday);           // tm_wday is 0 to 6
      |                           ^~
/home/artur/projects/personal/kairos/components/core/drv/rtc/pcf8563.c:52:27: error: invalid use of undefined type 'struct tm'
   52 |     data[5] = dec2bcd(time->tm_mon + 1);        // tm_mon is 0 to 11
      |                           ^~
/home/artur/projects/personal/kairos/components/core/drv/rtc/pcf8563.c:53:27: error: invalid use of undefined type 'struct tm'
   53 |     data[6] = dec2bcd(time->tm_year - 2000);
      |                           ^~
/home/artur/projects/personal/kairos/components/core/drv/rtc/pcf8563.c: At top level:
/home/artur/projects/personal/kairos/components/core/drv/rtc/pcf8563.c:58:51: warning: 'struct tm' declared inside parameter list will not be visible outside of this definition or declaration
   58 | esp_err_t pcf8563_get_time(i2c_dev_t *dev, struct tm *time)
      |                                                   ^~
/home/artur/projects/personal/kairos/components/core/drv/rtc/pcf8563.c:58:11: error: conflicting types for 'pcf8563_get_time'; have 'esp_err_t(i2c_dev_t *, struct tm *)' {aka 'int(i2c_dev_t *, struct tm *)'}
   58 | esp_err_t pcf8563_get_time(i2c_dev_t *dev, struct tm *time)
      |           ^~~~~~~~~~~~~~~~
In file included from /home/artur/projects/personal/kairos/components/core/drv/rtc/pcf8563.c:1:
/home/artur/projects/personal/kairos/components/core/drv/rtc/pcf8563.h:25:11: note: previous declaration of 'pcf8563_get_time' with type 'esp_err_t(i2c_dev_t *, struct tm *)' {aka 'int(i2c_dev_t *, struct tm *)'}
   25 | esp_err_t pcf8563_get_time(i2c_dev_t *dev, struct tm *time);
      |           ^~~~~~~~~~~~~~~~
/home/artur/projects/personal/kairos/components/core/drv/rtc/pcf8563.c: In function 'pcf8563_get_time':
/home/artur/projects/personal/kairos/components/core/drv/rtc/pcf8563.c:72:9: error: invalid use of undefined type 'struct tm'
   72 |     time->tm_sec = bcd2dec(data[0] & 0x7F);
      |         ^~
/home/artur/projects/personal/kairos/components/core/drv/rtc/pcf8563.c:73:9: error: invalid use of undefined type 'struct tm'
   73 |     time->tm_min = bcd2dec(data[1] & 0x7F);
      |         ^~
/home/artur/projects/personal/kairos/components/core/drv/rtc/pcf8563.c:74:9: error: invalid use of undefined type 'struct tm'
   74 |     time->tm_hour = bcd2dec(data[2] & 0x3F);
      |         ^~
/home/artur/projects/personal/kairos/components/core/drv/rtc/pcf8563.c:75:9: error: invalid use of undefined type 'struct tm'
   75 |     time->tm_mday = bcd2dec(data[3] & 0x3F);
      |         ^~
/home/artur/projects/personal/kairos/components/core/drv/rtc/pcf8563.c:76:9: error: invalid use of undefined type 'struct tm'
   76 |     time->tm_wday = bcd2dec(data[4] & 0x07);            // tm_wday is 0 to 6
      |         ^~
/home/artur/projects/personal/kairos/components/core/drv/rtc/pcf8563.c:77:9: error: invalid use of undefined type 'struct tm'
   77 |     time->tm_mon  = bcd2dec(data[5] & 0x1F) - 1;        // tm_mon is 0 to 11
      |         ^~
/home/artur/projects/personal/kairos/components/core/drv/rtc/pcf8563.c:78:9: error: invalid use of undefined type 'struct tm'
   78 |     time->tm_year = bcd2dec(data[6]) + 2000;
      |         ^~
/home/artur/projects/personal/kairos/components/core/drv/rtc/pcf8563.c:79:9: error: invalid use of undefined type 'struct tm'
   79 |     time->tm_isdst = 0;
      |         ^~
[2/12] Performing build step for 'bootloader'
[1/1] cd /home/artur/projects/personal/kairos/build/bootloader/esp-idf/esptool_py && /home/artur/.espressif/python_env/idf5.0_py3.10_env/bin/python /home/artur/esp/esp-idf/components/partition_table/check_sizes.py --offset 0x8000 bootloader 0x1000 /home/artur/projects/personal/kairos/build/bootloader/bootloader.bin
Bootloader binary size 0x6680 bytes. 0x980 bytes (8%) free.
[3/10] Building C object esp-idf/core/CMakeFiles/__idf_core.dir/hal/time/time.c.obj
FAILED: esp-idf/core/CMakeFiles/__idf_core.dir/hal/time/time.c.obj 
/home/artur/.espressif/tools/xtensa-esp32-elf/esp-2022r1-RC1-11.2.0/xtensa-esp32-elf/bin/xtensa-esp32-elf-gcc  -I/home/artur/projects/personal/kairos/build/config -I/home/artur/projects/personal/kairos/components/core -I/home/artur/projects/personal/kairos/components/core/test -I/home/artur/projects/personal/kairos/components/core/drv/protocols -I/home/artur/projects/personal/kairos/components/core/drv/rtc -I/home/artur/projects/personal/kairos/components/core/hal/time -I/home/artur/esp/esp-idf/components/newlib/platform_include -I/home/artur/esp/esp-idf/components/freertos/FreeRTOS-Kernel/include -I/home/artur/esp/esp-idf/components/freertos/esp_additions/include/freertos -I/home/artur/esp/esp-idf/components/freertos/FreeRTOS-Kernel/portable/xtensa/include -I/home/artur/esp/esp-idf/components/freertos/esp_additions/include -I/home/artur/esp/esp-idf/components/esp_hw_support/include -I/home/artur/esp/esp-idf/components/esp_hw_support/include/soc -I/home/artur/esp/esp-idf/components/esp_hw_support/include/soc/esp32 -I/home/artur/esp/esp-idf/components/esp_hw_support/port/esp32/. -I/home/artur/esp/esp-idf/components/esp_hw_support/port/esp32/private_include -I/home/artur/esp/esp-idf/components/heap/include -I/home/artur/esp/esp-idf/components/log/include -I/home/artur/esp/esp-idf/components/soc/include -I/home/artur/esp/esp-idf/components/soc/esp32/. -I/home/artur/esp/esp-idf/components/soc/esp32/include -I/home/artur/esp/esp-idf/components/hal/esp32/include -I/home/artur/esp/esp-idf/components/hal/include -I/home/artur/esp/esp-idf/components/hal/platform_port/include -I/home/artur/esp/esp-idf/components/esp_rom/include -I/home/artur/esp/esp-idf/components/esp_rom/include/esp32 -I/home/artur/esp/esp-idf/components/esp_rom/esp32 -I/home/artur/esp/esp-idf/components/esp_common/include -I/home/artur/esp/esp-idf/components/esp_system/include -I/home/artur/esp/esp-idf/components/esp_system/port/soc -I/home/artur/esp/esp-idf/components/esp_system/port/include/private -I/home/artur/esp/esp-idf/components/xtensa/include -I/home/artur/esp/esp-idf/components/xtensa/esp32/include -I/home/artur/esp/esp-idf/components/lwip/include -I/home/artur/esp/esp-idf/components/lwip/include/apps -I/home/artur/esp/esp-idf/components/lwip/include/apps/sntp -I/home/artur/esp/esp-idf/components/lwip/lwip/src/include -I/home/artur/esp/esp-idf/components/lwip/port/esp32/include -I/home/artur/esp/esp-idf/components/lwip/port/esp32/include/arch -I/home/artur/esp/esp-idf/components/driver/include -I/home/artur/esp/esp-idf/components/driver/deprecated -I/home/artur/esp/esp-idf/components/driver/esp32/include -I/home/artur/esp/esp-idf/components/esp_pm/include -I/home/artur/esp/esp-idf/components/esp_ringbuf/include -mlongcalls -Wno-frame-address  -ffunction-sections -fdata-sections -Wall -Werror=all -Wno-error=unused-function -Wno-error=unused-variable -Wno-error=deprecated-declarations -Wextra -Wno-unused-parameter -Wno-sign-compare -Wno-error=format= -Wno-format -Wno-enum-conversion -gdwarf-4 -ggdb -Og -fmacro-prefix-map=/home/artur/projects/personal/kairos=. -fmacro-prefix-map=/home/artur/esp/esp-idf=/IDF -fstrict-volatile-bitfields -Wno-error=unused-but-set-variable -fno-jump-tables -fno-tree-switch-conversion -DconfigENABLE_FREERTOS_DEBUG_OCDAWARE=1 -std=gnu17 -Wno-old-style-declaration -D_GNU_SOURCE -DIDF_VER=\"v5.0-dev-4547-gfde4afc67a\" -DESP_PLATFORM -D_POSIX_READER_WRITER_LOCKS -MD -MT esp-idf/core/CMakeFiles/__idf_core.dir/hal/time/time.c.obj -MF esp-idf/core/CMakeFiles/__idf_core.dir/hal/time/time.c.obj.d -o esp-idf/core/CMakeFiles/__idf_core.dir/hal/time/time.c.obj -c /home/artur/projects/personal/kairos/components/core/hal/time/time.c
In file included from /home/artur/projects/personal/kairos/components/core/hal/time/time.h:4,
                 from /home/artur/projects/personal/kairos/components/core/hal/time/time.c:1:
/home/artur/projects/personal/kairos/components/core/drv/rtc/pcf8563.h:24:51: warning: 'struct tm' declared inside parameter list will not be visible outside of this definition or declaration
   24 | esp_err_t pcf8563_set_time(i2c_dev_t *dev, struct tm *time);
      |                                                   ^~
/home/artur/projects/personal/kairos/components/core/drv/rtc/pcf8563.h:25:51: warning: 'struct tm' declared inside parameter list will not be visible outside of this definition or declaration
   25 | esp_err_t pcf8563_get_time(i2c_dev_t *dev, struct tm *time);
      |                                                   ^~
In file included from /home/artur/projects/personal/kairos/components/core/def/common.h:11,
                 from /home/artur/projects/personal/kairos/components/core/drv/rtc/pcf8563.h:7,
                 from /home/artur/projects/personal/kairos/components/core/hal/time/time.h:4,
                 from /home/artur/projects/personal/kairos/components/core/hal/time/time.c:1:
/home/artur/projects/personal/kairos/components/core/hal/time/time.c: In function 'initialize_sntp':
/home/artur/projects/personal/kairos/components/core/hal/time/time.c:5:14: error: 'TAG' undeclared (first use in this function)
    5 |     ESP_LOGI(TAG, "Initializing SNTP");
      |              ^~~
/home/artur/esp/esp-idf/components/log/include/esp_log.h:409:81: note: in definition of macro 'ESP_LOG_LEVEL'
  409 |         if (level==ESP_LOG_ERROR )          { esp_log_write(ESP_LOG_ERROR,      tag, LOG_FORMAT(E, format), esp_log_timestamp(), tag, ##__VA_ARGS__); } \
      |                                                                                 ^~~
/home/artur/esp/esp-idf/components/log/include/esp_log.h:341:38: note: in expansion of macro 'ESP_LOG_LEVEL_LOCAL'
  341 | #define ESP_LOGI( tag, format, ... ) ESP_LOG_LEVEL_LOCAL(ESP_LOG_INFO,    tag, format, ##__VA_ARGS__)
      |                                      ^~~~~~~~~~~~~~~~~~~
/home/artur/projects/personal/kairos/components/core/hal/time/time.c:5:5: note: in expansion of macro 'ESP_LOGI'
    5 |     ESP_LOGI(TAG, "Initializing SNTP");
      |     ^~~~~~~~
/home/artur/projects/personal/kairos/components/core/hal/time/time.c:5:14: note: each undeclared identifier is reported only once for each function it appears in
    5 |     ESP_LOGI(TAG, "Initializing SNTP");
      |              ^~~
/home/artur/esp/esp-idf/components/log/include/esp_log.h:409:81: note: in definition of macro 'ESP_LOG_LEVEL'
  409 |         if (level==ESP_LOG_ERROR )          { esp_log_write(ESP_LOG_ERROR,      tag, LOG_FORMAT(E, format), esp_log_timestamp(), tag, ##__VA_ARGS__); } \
      |                                                                                 ^~~
/home/artur/esp/esp-idf/components/log/include/esp_log.h:341:38: note: in expansion of macro 'ESP_LOG_LEVEL_LOCAL'
  341 | #define ESP_LOGI( tag, format, ... ) ESP_LOG_LEVEL_LOCAL(ESP_LOG_INFO,    tag, format, ##__VA_ARGS__)
      |                                      ^~~~~~~~~~~~~~~~~~~
/home/artur/projects/personal/kairos/components/core/hal/time/time.c:5:5: note: in expansion of macro 'ESP_LOGI'
    5 |     ESP_LOGI(TAG, "Initializing SNTP");
      |     ^~~~~~~~
/home/artur/projects/personal/kairos/components/core/hal/time/time.c:6:5: error: implicit declaration of function 'sntp_setoperatingmode' [-Werror=implicit-function-declaration]
    6 |     sntp_setoperatingmode(SNTP_OPMODE_POLL);
      |     ^~~~~~~~~~~~~~~~~~~~~
/home/artur/projects/personal/kairos/components/core/hal/time/time.c:6:27: error: 'SNTP_OPMODE_POLL' undeclared (first use in this function)
    6 |     sntp_setoperatingmode(SNTP_OPMODE_POLL);
      |                           ^~~~~~~~~~~~~~~~
In file included from /home/artur/projects/personal/kairos/components/core/def/common.h:11,
                 from /home/artur/projects/personal/kairos/components/core/drv/rtc/pcf8563.h:7,
                 from /home/artur/projects/personal/kairos/components/core/hal/time/time.h:4,
                 from /home/artur/projects/personal/kairos/components/core/hal/time/time.c:1:
/home/artur/projects/personal/kairos/components/core/hal/time/time.c:8:44: error: 'NTP_SERVER' undeclared (first use in this function)
    8 |     ESP_LOGI(TAG, "Your NTP Server is %s", NTP_SERVER);
      |                                            ^~~~~~~~~~
/home/artur/esp/esp-idf/components/log/include/esp_log.h:409:137: note: in definition of macro 'ESP_LOG_LEVEL'
  409 |         if (level==ESP_LOG_ERROR )          { esp_log_write(ESP_LOG_ERROR,      tag, LOG_FORMAT(E, format), esp_log_timestamp(), tag, ##__VA_ARGS__); } \
      |                                                                                                                                         ^~~~~~~~~~~
/home/artur/esp/esp-idf/components/log/include/esp_log.h:341:38: note: in expansion of macro 'ESP_LOG_LEVEL_LOCAL'
  341 | #define ESP_LOGI( tag, format, ... ) ESP_LOG_LEVEL_LOCAL(ESP_LOG_INFO,    tag, format, ##__VA_ARGS__)
      |                                      ^~~~~~~~~~~~~~~~~~~
/home/artur/projects/personal/kairos/components/core/hal/time/time.c:8:5: note: in expansion of macro 'ESP_LOGI'
    8 |     ESP_LOGI(TAG, "Your NTP Server is %s", NTP_SERVER);
      |     ^~~~~~~~
/home/artur/projects/personal/kairos/components/core/hal/time/time.c:9:5: error: implicit declaration of function 'sntp_setservername' [-Werror=implicit-function-declaration]
    9 |     sntp_setservername(0, NTP_SERVER);
      |     ^~~~~~~~~~~~~~~~~~
/home/artur/projects/personal/kairos/components/core/hal/time/time.c:10:5: error: implicit declaration of function 'sntp_set_time_sync_notification_cb' [-Werror=implicit-function-declaration]
   10 |     sntp_set_time_sync_notification_cb(time_sync_notification_cb);
      |     ^~~~~~~~~~~~~~~~~~~~~~~~~~~~~~~~~~
/home/artur/projects/personal/kairos/components/core/hal/time/time.c:10:40: error: 'time_sync_notification_cb' undeclared (first use in this function)
   10 |     sntp_set_time_sync_notification_cb(time_sync_notification_cb);
      |                                        ^~~~~~~~~~~~~~~~~~~~~~~~~
/home/artur/projects/personal/kairos/components/core/hal/time/time.c:11:5: error: implicit declaration of function 'sntp_init' [-Werror=implicit-function-declaration]
   11 |     sntp_init();
      |     ^~~~~~~~~
At top level:
/home/artur/projects/personal/kairos/components/core/hal/time/time.c:3:13: warning: 'initialize_sntp' defined but not used [-Wunused-function]
    3 | static void initialize_sntp(void)
      |             ^~~~~~~~~~~~~~~
cc1: some warnings being treated as errors
ninja: build stopped: subcommand failed.
